[OpenCVCamera @ factory.py:85][DEBUG] 2017-10-27 19:30:11,892: Logging to: logs/record_video_demo/OpenCVCamera/record_video_demo.log
[OpenCVCamera @ camera.py:123][INFO] 2017-10-27 19:30:11,893: Loading capture '0'
[OpenCVCamera @ node.py:71][INFO] 2017-10-27 19:30:14,894: received 32 messages in 3 seconds. 32 received in total (avg=10.7 messages/sec)
[OpenCVCamera @ node.py:71][INFO] 2017-10-27 19:30:17,895: received 36 messages in 3 seconds. 68 received in total (avg=11.3 messages/sec)
[OpenCVCamera @ node.py:71][INFO] 2017-10-27 19:30:20,979: received 37 messages in 3 seconds. 105 received in total (avg=11.6 messages/sec)
[OpenCVCamera @ node.py:79][DEBUG] 2017-10-27 19:30:21,394: [log buffer start]
[DEBUG, 1509147012.510201]: ImageMessage(t=1509147012.510195, n=0)
[DEBUG, 1509147012.567153]: ImageMessage(t=1509147012.567151, n=1)
[DEBUG, 1509147012.618643]: ImageMessage(t=1509147012.618641, n=2)
[DEBUG, 1509147012.643418]: ImageMessage(t=1509147012.6434162, n=3)
[DEBUG, 1509147012.6862879]: ImageMessage(t=1509147012.686285, n=4)
[DEBUG, 1509147012.718207]: ImageMessage(t=1509147012.718205, n=5)
[DEBUG, 1509147012.761044]: ImageMessage(t=1509147012.761041, n=6)
[DEBUG, 1509147012.803655]: ImageMessage(t=1509147012.803653, n=7)
[DEBUG, 1509147012.846741]: ImageMessage(t=1509147012.8467379, n=8)
[DEBUG, 1509147012.8923252]: ImageMessage(t=1509147012.892321, n=9)
[DEBUG, 1509147012.936308]: ImageMessage(t=1509147012.9363048, n=10)
[DEBUG, 1509147012.989093]: ImageMessage(t=1509147012.9890912, n=11)
[DEBUG, 1509147013.0337942]: ImageMessage(t=1509147013.033791, n=12)
[DEBUG, 1509147013.099447]: ImageMessage(t=1509147013.099444, n=13)
[DEBUG, 1509147013.1647968]: ImageMessage(t=1509147013.164793, n=14)
[DEBUG, 1509147013.2422342]: ImageMessage(t=1509147013.2422311, n=15)
[DEBUG, 1509147013.3194969]: ImageMessage(t=1509147013.3194938, n=16)
[DEBUG, 1509147013.3971698]: ImageMessage(t=1509147013.3971672, n=17)
[DEBUG, 1509147013.483603]: ImageMessage(t=1509147013.4836009, n=18)
[DEBUG, 1509147013.569984]: ImageMessage(t=1509147013.569982, n=19)
[DEBUG, 1509147013.6489851]: ImageMessage(t=1509147013.648981, n=20)
[DEBUG, 1509147013.768217]: ImageMessage(t=1509147013.768214, n=21)
[DEBUG, 1509147013.812564]: ImageMessage(t=1509147013.8125608, n=22)
[DEBUG, 1509147013.899515]: ImageMessage(t=1509147013.899512, n=23)
[DEBUG, 1509147013.985547]: ImageMessage(t=1509147013.985543, n=24)
[DEBUG, 1509147014.0698922]: ImageMessage(t=1509147014.069889, n=25)
[DEBUG, 1509147014.146851]: ImageMessage(t=1509147014.146847, n=26)
[DEBUG, 1509147014.235887]: ImageMessage(t=1509147014.235884, n=27)
[DEBUG, 1509147014.6504169]: ImageMessage(t=1509147014.650413, n=28)
[DEBUG, 1509147014.727962]: ImageMessage(t=1509147014.7279592, n=29)
[DEBUG, 1509147014.8168252]: ImageMessage(t=1509147014.816822, n=30)
[DEBUG, 1509147014.894398]: ImageMessage(t=1509147014.8943942, n=31)
[DEBUG, 1509147014.991231]: ImageMessage(t=1509147014.9912279, n=32)
[DEBUG, 1509147015.0672462]: ImageMessage(t=1509147015.067244, n=33)
[DEBUG, 1509147015.1457222]: ImageMessage(t=1509147015.145718, n=34)
[DEBUG, 1509147015.232349]: ImageMessage(t=1509147015.232346, n=35)
[DEBUG, 1509147015.310786]: ImageMessage(t=1509147015.310783, n=36)
[DEBUG, 1509147015.3979578]: ImageMessage(t=1509147015.3979552, n=37)
[DEBUG, 1509147015.485334]: ImageMessage(t=1509147015.485331, n=38)
[DEBUG, 1509147015.57048]: ImageMessage(t=1509147015.570478, n=39)
[DEBUG, 1509147015.647768]: ImageMessage(t=1509147015.647765, n=40)
[DEBUG, 1509147015.725544]: ImageMessage(t=1509147015.7255402, n=41)
[DEBUG, 1509147015.812072]: ImageMessage(t=1509147015.812068, n=42)
[DEBUG, 1509147015.932318]: ImageMessage(t=1509147015.9323149, n=43)
[DEBUG, 1509147015.976554]: ImageMessage(t=1509147015.9765508, n=44)
[DEBUG, 1509147016.0682082]: ImageMessage(t=1509147016.068205, n=45)
[DEBUG, 1509147016.141792]: ImageMessage(t=1509147016.141788, n=46)
[DEBUG, 1509147016.2285628]: ImageMessage(t=1509147016.228559, n=47)
[DEBUG, 1509147016.3154]: ImageMessage(t=1509147016.315396, n=48)
[DEBUG, 1509147016.402278]: ImageMessage(t=1509147016.4022741, n=49)
[DEBUG, 1509147016.479529]: ImageMessage(t=1509147016.4795258, n=50)
[DEBUG, 1509147016.567887]: ImageMessage(t=1509147016.567884, n=51)
[DEBUG, 1509147016.645893]: ImageMessage(t=1509147016.6458912, n=52)
[DEBUG, 1509147016.732069]: ImageMessage(t=1509147016.7320662, n=53)
[DEBUG, 1509147016.8096352]: ImageMessage(t=1509147016.809632, n=54)
[DEBUG, 1509147016.896929]: ImageMessage(t=1509147016.8969269, n=55)
[DEBUG, 1509147016.975241]: ImageMessage(t=1509147016.9752371, n=56)
[DEBUG, 1509147017.0665228]: ImageMessage(t=1509147017.06652, n=57)
[DEBUG, 1509147017.142608]: ImageMessage(t=1509147017.142605, n=58)
[DEBUG, 1509147017.229496]: ImageMessage(t=1509147017.229493, n=59)
[DEBUG, 1509147017.328635]: ImageMessage(t=1509147017.328632, n=60)
[DEBUG, 1509147017.3944151]: ImageMessage(t=1509147017.394411, n=61)
[DEBUG, 1509147017.481676]: ImageMessage(t=1509147017.481673, n=62)
[DEBUG, 1509147017.557354]: ImageMessage(t=1509147017.5573509, n=63)
[DEBUG, 1509147017.6462111]: ImageMessage(t=1509147017.646207, n=64)
[DEBUG, 1509147017.7313862]: ImageMessage(t=1509147017.7313821, n=65)
[DEBUG, 1509147017.817964]: ImageMessage(t=1509147017.817962, n=66)
[DEBUG, 1509147017.895342]: ImageMessage(t=1509147017.895339, n=67)
[DEBUG, 1509147017.981834]: ImageMessage(t=1509147017.98183, n=68)
[DEBUG, 1509147018.066357]: ImageMessage(t=1509147018.066355, n=69)
[DEBUG, 1509147018.144337]: ImageMessage(t=1509147018.1443331, n=70)
[DEBUG, 1509147018.2311308]: ImageMessage(t=1509147018.231127, n=71)
[DEBUG, 1509147018.30931]: ImageMessage(t=1509147018.3093061, n=72)
[DEBUG, 1509147018.396589]: ImageMessage(t=1509147018.396586, n=73)
[DEBUG, 1509147018.48291]: ImageMessage(t=1509147018.482906, n=74)
[DEBUG, 1509147018.560333]: ImageMessage(t=1509147018.56033, n=75)
[DEBUG, 1509147018.6474419]: ImageMessage(t=1509147018.647438, n=76)
[DEBUG, 1509147018.733048]: ImageMessage(t=1509147018.733045, n=77)
[DEBUG, 1509147018.821653]: ImageMessage(t=1509147018.821651, n=78)
[DEBUG, 1509147018.899905]: ImageMessage(t=1509147018.8999, n=79)
[DEBUG, 1509147018.974964]: ImageMessage(t=1509147018.9749608, n=80)
[DEBUG, 1509147019.0608268]: ImageMessage(t=1509147019.060818, n=81)
[DEBUG, 1509147019.147829]: ImageMessage(t=1509147019.147827, n=82)
[DEBUG, 1509147019.233951]: ImageMessage(t=1509147019.2339468, n=83)
[DEBUG, 1509147019.311371]: ImageMessage(t=1509147019.311368, n=84)
[DEBUG, 1509147019.397922]: ImageMessage(t=1509147019.397919, n=85)
[DEBUG, 1509147019.4841442]: ImageMessage(t=1509147019.484141, n=86)
[DEBUG, 1509147019.561968]: ImageMessage(t=1509147019.561965, n=87)
[DEBUG, 1509147019.647851]: ImageMessage(t=1509147019.647847, n=88)
[DEBUG, 1509147019.7452009]: ImageMessage(t=1509147019.7451992, n=89)
[DEBUG, 1509147019.812163]: ImageMessage(t=1509147019.81216, n=90)
[DEBUG, 1509147019.898358]: ImageMessage(t=1509147019.898356, n=91)
[DEBUG, 1509147019.9836102]: ImageMessage(t=1509147019.983605, n=92)
[DEBUG, 1509147020.058738]: ImageMessage(t=1509147020.0587351, n=93)
[DEBUG, 1509147020.1460779]: ImageMessage(t=1509147020.1460748, n=94)
[DEBUG, 1509147020.233414]: ImageMessage(t=1509147020.233411, n=95)
[DEBUG, 1509147020.307245]: ImageMessage(t=1509147020.307242, n=96)
[DEBUG, 1509147020.393787]: ImageMessage(t=1509147020.393784, n=97)
[DEBUG, 1509147020.482274]: ImageMessage(t=1509147020.48227, n=98)
[DEBUG, 1509147020.567153]: ImageMessage(t=1509147020.5671492, n=99)
[DEBUG, 1509147020.640492]: ImageMessage(t=1509147020.64049, n=100)
[DEBUG, 1509147020.747721]: ImageMessage(t=1509147020.7477188, n=101)
[DEBUG, 1509147020.812741]: ImageMessage(t=1509147020.812738, n=102)
[DEBUG, 1509147020.890653]: ImageMessage(t=1509147020.890649, n=103)
[DEBUG, 1509147020.9792361]: ImageMessage(t=1509147020.9792309, n=104)
[DEBUG, 1509147021.0565782]: ImageMessage(t=1509147021.056575, n=105)
[DEBUG, 1509147021.143297]: ImageMessage(t=1509147021.143295, n=106)
[DEBUG, 1509147021.230168]: ImageMessage(t=1509147021.230164, n=107)
[DEBUG, 1509147021.28036]: ImageMessage(t=1509147021.2803578, n=108)
[DEBUG, 1509147021.3165681]: ImageMessage(t=1509147021.316565, n=109)
[DEBUG, 1509147021.392372]: ImageMessage(t=1509147021.392368, n=110)
[log buffer end]
[OpenCVCamera @ node.py:81][DEBUG] 2017-10-27 19:30:21,395: logging message buffer (len=7636)
[OpenCVCamera @ node.py:102][INFO] 2017-10-27 19:30:21,395: Node took 9.502722024917603s to run
