[OpenCVViewer @ factory.py:85][DEBUG] 2017-10-22 16:33:32,676: Logging to: logs/record_video_demo/OpenCVViewer/record_video_demo.log
[OpenCVViewer @ viewer.py:113][DEBUG] 2017-10-22 16:33:33,454: getting frame
[OpenCVViewer @ viewer.py:119][INFO] 2017-10-22 16:33:33,455: viewer delay: 0.11328601837158203s
[OpenCVViewer @ viewer.py:120][INFO] 2017-10-22 16:33:33,455: viewer image received: ImageMessage(t=1508704413.341986, n=0)
[OpenCVViewer @ viewer.py:113][DEBUG] 2017-10-22 16:33:33,582: getting frame
[OpenCVViewer @ viewer.py:119][INFO] 2017-10-22 16:33:33,582: viewer delay: 0.20727920532226562s
[OpenCVViewer @ viewer.py:120][INFO] 2017-10-22 16:33:33,583: viewer image received: ImageMessage(t=1508704413.3756979, n=1)
[OpenCVViewer @ viewer.py:113][DEBUG] 2017-10-22 16:33:33,688: getting frame
[OpenCVViewer @ viewer.py:119][INFO] 2017-10-22 16:33:33,688: viewer delay: 0.11913084983825684s
[OpenCVViewer @ viewer.py:120][INFO] 2017-10-22 16:33:33,688: viewer image received: ImageMessage(t=1508704413.5695841, n=2)
[OpenCVViewer @ viewer.py:113][DEBUG] 2017-10-22 16:33:33,781: getting frame
[OpenCVViewer @ viewer.py:119][INFO] 2017-10-22 16:33:33,781: viewer delay: 0.1116030216217041s
[OpenCVViewer @ viewer.py:120][INFO] 2017-10-22 16:33:33,781: viewer image received: ImageMessage(t=1508704413.6702158, n=3)
[OpenCVViewer @ viewer.py:113][DEBUG] 2017-10-22 16:33:33,895: getting frame
[OpenCVViewer @ viewer.py:119][INFO] 2017-10-22 16:33:33,895: viewer delay: 0.13970303535461426s
[OpenCVViewer @ viewer.py:120][INFO] 2017-10-22 16:33:33,896: viewer image received: ImageMessage(t=1508704413.756145, n=4)
[OpenCVViewer @ viewer.py:113][DEBUG] 2017-10-22 16:33:34,001: getting frame
[OpenCVViewer @ viewer.py:119][INFO] 2017-10-22 16:33:34,001: viewer delay: 0.13193011283874512s
[OpenCVViewer @ viewer.py:120][INFO] 2017-10-22 16:33:34,001: viewer image received: ImageMessage(t=1508704413.869492, n=5)
[OpenCVViewer @ viewer.py:113][DEBUG] 2017-10-22 16:33:34,107: getting frame
[OpenCVViewer @ viewer.py:119][INFO] 2017-10-22 16:33:34,107: viewer delay: 0.1093602180480957s
[OpenCVViewer @ viewer.py:120][INFO] 2017-10-22 16:33:34,108: viewer image received: ImageMessage(t=1508704413.998566, n=6)
[OpenCVViewer @ viewer.py:113][DEBUG] 2017-10-22 16:33:34,210: getting frame
[OpenCVViewer @ viewer.py:119][INFO] 2017-10-22 16:33:34,210: viewer delay: 0.11617398262023926s
[OpenCVViewer @ viewer.py:120][INFO] 2017-10-22 16:33:34,210: viewer image received: ImageMessage(t=1508704414.0942879, n=7)
[OpenCVViewer @ viewer.py:113][DEBUG] 2017-10-22 16:33:34,315: getting frame
[OpenCVViewer @ viewer.py:119][INFO] 2017-10-22 16:33:34,315: viewer delay: 0.14286494255065918s
[OpenCVViewer @ viewer.py:120][INFO] 2017-10-22 16:33:34,315: viewer image received: ImageMessage(t=1508704414.1724741, n=8)
[OpenCVViewer @ viewer.py:113][DEBUG] 2017-10-22 16:33:34,425: getting frame
[OpenCVViewer @ viewer.py:119][INFO] 2017-10-22 16:33:34,426: viewer delay: 0.14275383949279785s
[OpenCVViewer @ viewer.py:120][INFO] 2017-10-22 16:33:34,426: viewer image received: ImageMessage(t=1508704414.2834182, n=9)
[OpenCVViewer @ viewer.py:113][DEBUG] 2017-10-22 16:33:34,533: getting frame
[OpenCVViewer @ viewer.py:119][INFO] 2017-10-22 16:33:34,533: viewer delay: 0.1460120677947998s
[OpenCVViewer @ viewer.py:120][INFO] 2017-10-22 16:33:34,533: viewer image received: ImageMessage(t=1508704414.387498, n=10)
[OpenCVViewer @ viewer.py:113][DEBUG] 2017-10-22 16:33:34,638: getting frame
[OpenCVViewer @ viewer.py:119][INFO] 2017-10-22 16:33:34,639: viewer delay: 0.10844898223876953s
[OpenCVViewer @ viewer.py:120][INFO] 2017-10-22 16:33:34,639: viewer image received: ImageMessage(t=1508704414.530601, n=11)
[OpenCVViewer @ viewer.py:113][DEBUG] 2017-10-22 16:33:34,746: getting frame
[OpenCVViewer @ viewer.py:119][INFO] 2017-10-22 16:33:34,746: viewer delay: 0.13921213150024414s
[OpenCVViewer @ viewer.py:120][INFO] 2017-10-22 16:33:34,746: viewer image received: ImageMessage(t=1508704414.607075, n=12)
[OpenCVViewer @ viewer.py:113][DEBUG] 2017-10-22 16:33:34,854: getting frame
[OpenCVViewer @ viewer.py:119][INFO] 2017-10-22 16:33:34,855: viewer delay: 0.13964605331420898s
[OpenCVViewer @ viewer.py:120][INFO] 2017-10-22 16:33:34,855: viewer image received: ImageMessage(t=1508704414.7153568, n=13)
[OpenCVViewer @ viewer.py:113][DEBUG] 2017-10-22 16:33:34,966: getting frame
[OpenCVViewer @ viewer.py:119][INFO] 2017-10-22 16:33:34,966: viewer delay: 0.15397238731384277s
[OpenCVViewer @ viewer.py:120][INFO] 2017-10-22 16:33:34,967: viewer image received: ImageMessage(t=1508704414.8128798, n=14)
[OpenCVViewer @ viewer.py:113][DEBUG] 2017-10-22 16:33:35,077: getting frame
[OpenCVViewer @ viewer.py:119][INFO] 2017-10-22 16:33:35,078: viewer delay: 0.1319580078125s
[OpenCVViewer @ viewer.py:120][INFO] 2017-10-22 16:33:35,078: viewer image received: ImageMessage(t=1508704414.946073, n=15)
[OpenCVViewer @ viewer.py:113][DEBUG] 2017-10-22 16:33:35,187: getting frame
[OpenCVViewer @ viewer.py:119][INFO] 2017-10-22 16:33:35,187: viewer delay: 0.14259576797485352s
[OpenCVViewer @ viewer.py:120][INFO] 2017-10-22 16:33:35,187: viewer image received: ImageMessage(t=1508704415.0449312, n=16)
[OpenCVViewer @ viewer.py:113][DEBUG] 2017-10-22 16:33:35,296: getting frame
[OpenCVViewer @ viewer.py:119][INFO] 2017-10-22 16:33:35,296: viewer delay: 0.15163731575012207s
[OpenCVViewer @ viewer.py:120][INFO] 2017-10-22 16:33:35,296: viewer image received: ImageMessage(t=1508704415.1447308, n=17)
[OpenCVViewer @ viewer.py:113][DEBUG] 2017-10-22 16:33:35,407: getting frame
[OpenCVViewer @ viewer.py:119][INFO] 2017-10-22 16:33:35,407: viewer delay: 0.13034987449645996s
[OpenCVViewer @ viewer.py:120][INFO] 2017-10-22 16:33:35,407: viewer image received: ImageMessage(t=1508704415.27691, n=18)
[OpenCVViewer @ viewer.py:113][DEBUG] 2017-10-22 16:33:35,514: getting frame
[OpenCVViewer @ viewer.py:119][INFO] 2017-10-22 16:33:35,514: viewer delay: 0.13924002647399902s
[OpenCVViewer @ viewer.py:120][INFO] 2017-10-22 16:33:35,514: viewer image received: ImageMessage(t=1508704415.3752189, n=19)
[OpenCVViewer @ viewer.py:113][DEBUG] 2017-10-22 16:33:35,624: getting frame
[OpenCVViewer @ viewer.py:119][INFO] 2017-10-22 16:33:35,625: viewer delay: 0.15152311325073242s
[OpenCVViewer @ viewer.py:120][INFO] 2017-10-22 16:33:35,625: viewer image received: ImageMessage(t=1508704415.47374, n=20)
[OpenCVViewer @ viewer.py:113][DEBUG] 2017-10-22 16:33:35,739: getting frame
[OpenCVViewer @ viewer.py:119][INFO] 2017-10-22 16:33:35,740: viewer delay: 0.1351470947265625s
[OpenCVViewer @ viewer.py:120][INFO] 2017-10-22 16:33:35,740: viewer image received: ImageMessage(t=1508704415.605075, n=21)
[OpenCVViewer @ viewer.py:113][DEBUG] 2017-10-22 16:33:35,857: getting frame
[OpenCVViewer @ viewer.py:119][INFO] 2017-10-22 16:33:35,859: viewer delay: 0.1669619083404541s
[OpenCVViewer @ viewer.py:120][INFO] 2017-10-22 16:33:35,859: viewer image received: ImageMessage(t=1508704415.692186, n=22)
[OpenCVViewer @ viewer.py:113][DEBUG] 2017-10-22 16:33:35,972: getting frame
[OpenCVViewer @ viewer.py:119][INFO] 2017-10-22 16:33:35,972: viewer delay: 0.14975190162658691s
[OpenCVViewer @ viewer.py:120][INFO] 2017-10-22 16:33:35,972: viewer image received: ImageMessage(t=1508704415.822483, n=23)
[OpenCVViewer @ viewer.py:113][DEBUG] 2017-10-22 16:33:36,423: getting frame
[OpenCVViewer @ viewer.py:119][INFO] 2017-10-22 16:33:36,423: viewer delay: 0.4598991870880127s
[OpenCVViewer @ viewer.py:120][INFO] 2017-10-22 16:33:36,423: viewer image received: ImageMessage(t=1508704415.9632618, n=24)
[OpenCVViewer @ viewer.py:113][DEBUG] 2017-10-22 16:33:36,534: getting frame
[OpenCVViewer @ viewer.py:119][INFO] 2017-10-22 16:33:36,535: viewer delay: 0.44061994552612305s
[OpenCVViewer @ viewer.py:120][INFO] 2017-10-22 16:33:36,535: viewer image received: ImageMessage(t=1508704416.094392, n=25)
[OpenCVViewer @ viewer.py:113][DEBUG] 2017-10-22 16:33:36,649: getting frame
[OpenCVViewer @ viewer.py:119][INFO] 2017-10-22 16:33:36,649: viewer delay: 0.13976001739501953s
[OpenCVViewer @ viewer.py:120][INFO] 2017-10-22 16:33:36,650: viewer image received: ImageMessage(t=1508704416.510033, n=26)
[OpenCVViewer @ viewer.py:113][DEBUG] 2017-10-22 16:33:36,771: getting frame
[OpenCVViewer @ viewer.py:119][INFO] 2017-10-22 16:33:36,772: viewer delay: 0.16257500648498535s
[OpenCVViewer @ viewer.py:120][INFO] 2017-10-22 16:33:36,772: viewer image received: ImageMessage(t=1508704416.609403, n=27)
[OpenCVViewer @ viewer.py:113][DEBUG] 2017-10-22 16:33:36,883: getting frame
[OpenCVViewer @ viewer.py:119][INFO] 2017-10-22 16:33:36,883: viewer delay: 0.15510082244873047s
[OpenCVViewer @ viewer.py:120][INFO] 2017-10-22 16:33:36,883: viewer image received: ImageMessage(t=1508704416.728532, n=28)
[OpenCVViewer @ viewer.py:113][DEBUG] 2017-10-22 16:33:36,998: getting frame
[OpenCVViewer @ viewer.py:119][INFO] 2017-10-22 16:33:36,998: viewer delay: 0.1594839096069336s
[OpenCVViewer @ viewer.py:120][INFO] 2017-10-22 16:33:36,998: viewer image received: ImageMessage(t=1508704416.8388731, n=29)
[OpenCVViewer @ viewer.py:147][DEBUG] 2017-10-22 16:33:37,067: OpenCV key: '113'
[OpenCVViewer @ viewer.py:157][INFO] 2017-10-22 16:33:37,067: Interpreted key: 'q'
[OpenCVViewer @ node.py:83][INFO] 2017-10-22 16:33:37,095: Node took 4.419532060623169s to run
[OpenCVViewer @ node.py:78][INFO] 2017-10-22 16:33:37,457: teardown
