[BNO055 @ factory.py:83][DEBUG] 2017-10-21 20:44:14,065: Logging to: logs/bno055_demo/BNO055/bno055_demo.log
[BNO055 @ arduino.py:71][INFO] 2017-10-21 20:44:14,067: configuring for the first time. whoiam=BNO055-IMU
[BNO055 @ arduino.py:74][INFO] 2017-10-21 20:44:14,068: Found suitable addresses: '['/dev/cu.SLAB_USBtoUART']'
[BNO055 @ arduino.py:262][DEBUG] 2017-10-21 20:44:14,075: /dev/cu.SLAB_USBtoUART is ready
[BNO055 @ arduino.py:331][DEBUG] 2017-10-21 20:44:15,668: Checking 'whoareyou' protocol
[BNO055 @ arduino.py:375][DEBUG] 2017-10-21 20:44:16,869: Writing 'whoareyou' again
[BNO055 @ arduino.py:375][DEBUG] 2017-10-21 20:44:17,469: Writing 'whoareyou' again
[BNO055 @ arduino.py:362][DEBUG] 2017-10-21 20:44:17,529: Empty packet! Contained only \n
[BNO055 @ arduino.py:365][DEBUG] 2017-10-21 20:44:17,529: received packet: 'iamBNO055-IMU'
[BNO055 @ arduino.py:294][DEBUG] 2017-10-21 20:44:17,529: Found ID 'BNO055-IMU'
[BNO055 @ arduino.py:331][DEBUG] 2017-10-21 20:44:17,529: Checking 'init?' protocol
[BNO055 @ arduino.py:365][DEBUG] 2017-10-21 20:44:18,030: received packet: 'init:27'
[BNO055 @ arduino.py:316][DEBUG] 2017-10-21 20:44:18,030: sent initialization data: '27'
[BNO055 @ arduino.py:131][INFO] 2017-10-21 20:44:18,030: address '/dev/cu.SLAB_USBtoUART' has ID 'BNO055-IMU'
[BNO055 @ arduino.py:81][INFO] 2017-10-21 20:44:18,030: configuring done. Finding whoiam=BNO055-IMU
[BNO055 @ bno055.py:124][INFO] 2017-10-21 20:44:18,034: initialization data: 27. Start time: 1508633055.669179
[BNO055 @ arduino.py:150][INFO] 2017-10-21 20:44:18,035: Device has started!
[BNO055 @ node.py:44][DEBUG] 2017-10-21 20:44:19,611: [log buffer start]
[DEBUG, 1508633058.16692]: t: 1508633058.1680279, pt: 1508633058.16692, at: 2.494, n: 0, euler: (-0.001090830782496456, -0.001090830782496456, 0.0), mag: (-29.375, -30.875, -68.1875), gyro: (0.0, -0.0011, -0.0011), accel: (-0.47, 1.81, -0.01), linaccel: (-0.01, -0.02, 0.02), quat: (0.094, 0.0236, 0.0, 0.9953)
[DEBUG, 1508633058.188802]: t: 1508633058.189116, pt: 1508633058.188802, at: 2.523, n: 1, euler: (-0.001090830782496456, -0.001090830782496456, 0.0), mag: (-29.375, -30.875, -68.1875), gyro: (0.0022, -0.0022, 0.0), accel: (-0.45, 1.8, 9.63), linaccel: (0.0, -0.01, -0.01), quat: (0.094, 0.0236, 0.0, 0.9953)
[DEBUG, 1508633058.222255]: t: 1508633058.222528, pt: 1508633058.222255, at: 2.55, n: 2, euler: (-0.001090830782496456, -0.001090830782496456, 0.0), mag: (-13.75, -0.0625, -0.0625), gyro: (-0.0011, 0.0, -0.0022), accel: (-0.44, 1.81, 9.52), linaccel: (0.01, -0.01, -0.01), quat: (0.094, -0.0001, -0.0001, 0.9953)
[DEBUG, 1508633058.24368]: t: 1508633058.243953, pt: 1508633058.24368, at: 2.578, n: 3, euler: (-0.18762289458939044, -0.04690572364734761, 0.0), mag: (-29.75, -30.5625, -68.1875), gyro: (0.0011, -0.0011, -0.0011), accel: (-0.45, 1.82, 9.62), linaccel: (0.0, 0.0, 0.0), quat: (0.094, -0.0001, -0.0001, 0.9953)
[DEBUG, 1508633058.274526]: t: 1508633058.274741, pt: 1508633058.274526, at: 2.606, n: 4, euler: (-0.18762289458939044, -0.04690572364734761, 0.0), mag: (-29.375, -29.375, -69.375), gyro: (0.0022, -0.0011, -0.0011), accel: (-0.46, 1.8, -0.01), linaccel: (-0.01, -0.02, -0.02), quat: (0.094, 0.0236, 0.0, 0.9953)
[DEBUG, 1508633058.307612]: t: 1508633058.307917, pt: 1508633058.307612, at: 2.634, n: 5, euler: (-0.001090830782496456, -0.001090830782496456, 0.0), mag: (-30.0625, -30.1875, -68.5625), gyro: (0.0044, -0.0022, 0.0022), accel: (-0.45, 1.83, -0.01), linaccel: (0.0, 0.0, 0.01), quat: (0.094, 0.0236, 0.0, 0.9953)
[DEBUG, 1508633058.3291469]: t: 1508633058.3294342, pt: 1508633058.3291469, at: 2.663, n: 6, euler: (-0.001090830782496456, -0.001090830782496456, 0.0), mag: (-30.0625, -30.1875, -68.5625), gyro: (0.0044, 0.0056, 0.0), accel: (-0.45, 1.83, -0.01), linaccel: (0.0, 0.0, -0.01), quat: (0.094, 0.0236, 0.0, 0.9953)
[DEBUG, 1508633058.361409]: t: 1508633058.361741, pt: 1508633058.361409, at: 2.692, n: 7, euler: (-0.001090830782496456, -0.001090830782496456, 0.0), mag: (-13.0, -0.0625, -0.0625), gyro: (-0.0011, -0.0033, 0.0044), accel: (-0.46, 1.83, 9.58), linaccel: (0.0, 0.0, -0.01), quat: (0.094, -0.0001, -0.0001, 0.9953)
[DEBUG, 1508633058.3832462]: t: 1508633058.3835158, pt: 1508633058.3832462, at: 2.719, n: 8, euler: (-0.18762289458939044, -0.04690572364734761, 0.0), mag: (-13.0, -0.0625, -0.0625), gyro: (-0.0033, -0.0044, 0.0022), accel: (-0.48, 1.82, 9.6), linaccel: (-0.02, 0.0, -0.02), quat: (0.094, 0.0236, 0.0, 0.9953)
[DEBUG, 1508633058.4155068]: t: 1508633058.4157922, pt: 1508633058.4155068, at: 2.748, n: 9, euler: (-0.18762289458939044, -0.04690572364734761, 0.0), mag: (-29.75, -30.1875, -69.0), gyro: (-0.0011, 0.0, -0.0011), accel: (-0.45, 1.78, 9.64), linaccel: (0.02, -0.04, -0.12), quat: (0.094, -0.0001, -0.0001, 0.9953)
[DEBUG, 1508633058.448469]: t: 1508633058.44883, pt: 1508633058.448469, at: 2.777, n: 10, euler: (-0.18762289458939044, -0.04690572364734761, 0.0), mag: (-29.75, -30.1875, -69.0), gyro: (0.0033, 0.0089, -0.0067), accel: (-0.5, 1.81, -0.01), linaccel: (-0.03, 0.0, 0.03), quat: (0.094, 0.0237, 0.0, 0.9953)
[DEBUG, 1508633058.470002]: t: 1508633058.47046, pt: 1508633058.470002, at: 2.804, n: 11, euler: (-0.001090830782496456, -0.001090830782496456, 6.28209447639709), mag: (-30.875, -29.375, -68.5625), gyro: (0.0078, -0.0122, 0.0056), accel: (-0.44, 1.8, -0.01), linaccel: (0.01, -0.01, -0.01), quat: (0.094, 0.0235, 0.0, 0.9953)
[DEBUG, 1508633058.502354]: t: 1508633058.502697, pt: 1508633058.502354, at: 2.833, n: 12, euler: (-0.18762289458939044, -0.04581489286485115, 0.0), mag: (-14.875, -0.0625, -0.0625), gyro: (0.0111, 0.01, -0.0011), accel: (-0.45, 1.82, 9.6), linaccel: (0.0, 0.0, -0.01), quat: (0.0941, 0.0235, 0.0, 0.9953)
[DEBUG, 1508633058.524054]: t: 1508633058.524319, pt: 1508633058.524054, at: 2.861, n: 13, euler: (-0.001090830782496456, -0.001090830782496456, 0.0), mag: (-14.875, -0.0625, -0.0625), gyro: (0.0033, -0.0011, -0.0011), accel: (-0.45, 1.84, 9.57), linaccel: (0.0, 0.0, -0.01), quat: (0.0941, -0.0001, -0.0001, 0.9953)
[DEBUG, 1508633058.5572832]: t: 1508633058.557794, pt: 1508633058.5572832, at: 2.888, n: 14, euler: (-0.18762289458939044, -0.04581489286485115, 0.0), mag: (-14.0625, -0.0625, -0.0625), gyro: (0.0, 0.01, -0.0011), accel: (-0.46, 1.82, 9.61), linaccel: (-0.01, 0.0, 0.0), quat: (0.0941, -0.0001, -0.0001, 0.9953)
[DEBUG, 1508633058.5890381]: t: 1508633058.5893471, pt: 1508633058.5890381, at: 2.917, n: 15, euler: (-0.18762289458939044, -0.04581489286485115, 0.0), mag: (-30.0625, -29.375, -68.5625), gyro: (-0.0044, -0.0033, 0.0), accel: (-0.44, 1.81, -0.01), linaccel: (0.0, -0.01, 0.0), quat: (0.0941, 0.0234, 0.0, 0.9953)
[DEBUG, 1508633058.6104698]: t: 1508633058.6106749, pt: 1508633058.6104698, at: 2.947, n: 16, euler: (-0.001090830782496456, -0.001090830782496456, 0.0), mag: (-29.0, -29.0625, -68.5625), gyro: (-0.0033, 0.0067, -0.0011), accel: (-0.48, 1.8, -0.01), linaccel: (-0.01, -0.02, -0.12), quat: (0.0941, 0.0234, 0.0, 0.9953)
[DEBUG, 1508633058.6431592]: t: 1508633058.643439, pt: 1508633058.6431592, at: 2.975, n: 17, euler: (-0.001090830782496456, -0.001090830782496456, 0.0), mag: (-29.0, -29.0625, -68.5625), gyro: (-0.0022, 0.0044, -0.0022), accel: (-0.46, 1.83, 9.6), linaccel: (0.0, 0.0, -0.01), quat: (0.0941, 0.0234, 0.0, 0.9953)
[DEBUG, 1508633058.675088]: t: 1508633058.675422, pt: 1508633058.675088, at: 3.003, n: 18, euler: (-0.001090830782496456, -0.001090830782496456, 0.0), mag: (-14.0625, -0.0625, -0.0625), gyro: (0.0011, -0.0056, 0.0011), accel: (-0.46, 1.81, 9.5), linaccel: (0.0, -0.01, -0.01), quat: (0.0941, -0.0001, -0.0001, 0.9953)
[DEBUG, 1508633058.695799]: t: 1508633058.696335, pt: 1508633058.695799, at: 3.031, n: 19, euler: (-0.18762289458939044, -0.04581489286485115, 0.0), mag: (-30.0625, -30.1875, -68.5625), gyro: (-0.0011, -0.0011, 0.0), accel: (-0.45, 1.82, 9.65), linaccel: (0.0, 0.0, 0.03), quat: (0.0941, -0.0001, -0.0001, 0.9953)
[DEBUG, 1508633058.7289479]: t: 1508633058.729215, pt: 1508633058.7289479, at: 3.059, n: 20, euler: (-0.18762289458939044, -0.04581489286485115, 0.0), mag: (-30.875, -13.375, -0.0625), gyro: (0.0011, 0.0089, -0.0011), accel: (-0.47, 1.8, 9.5), linaccel: (0.0, 0.0, -0.05), quat: (0.0941, -0.0001, -0.0001, 0.9953)
[DEBUG, 1508633058.751127]: t: 1508633058.751403, pt: 1508633058.751127, at: 3.088, n: 21, euler: (-0.18762289458939044, -0.04581489286485115, 0.0), mag: (-30.5, -30.1875, -67.75), gyro: (-0.0022, -0.0011, 0.0033), accel: (-0.46, 1.81, -0.01), linaccel: (-0.01, 0.0, 0.06), quat: (0.0941, -0.0001, -0.0001, 0.9953)
[DEBUG, 1508633058.78368]: t: 1508633058.78396, pt: 1508633058.78368, at: 3.118, n: 22, euler: (-0.001090830782496456, -0.001090830782496456, 0.0), mag: (-30.5, -30.1875, -67.75), gyro: (-0.0011, 0.0033, 0.0), accel: (-0.45, 1.82, -0.01), linaccel: (0.0, -0.01, 0.0), quat: (0.0941, 0.0234, 0.0, 0.9953)
[DEBUG, 1508633058.816627]: t: 1508633058.8169842, pt: 1508633058.816627, at: 3.146, n: 23, euler: (-0.001090830782496456, -0.001090830782496456, 0.0), mag: (-29.75, -30.1875, -69.375), gyro: (-0.0011, 0.0022, 0.0022), accel: (-0.47, 1.81, -0.01), linaccel: (-0.01, -0.02, -0.01), quat: (0.0941, 0.0234, 0.0, 0.9953)
[DEBUG, 1508633058.837766]: t: 1508633058.8379881, pt: 1508633058.837766, at: 3.175, n: 24, euler: (-0.001090830782496456, -0.001090830782496456, 0.0), mag: (-13.75, -0.0625, -0.0625), gyro: (-0.0011, -0.0089, 0.0022), accel: (-0.44, 1.8, 9.61), linaccel: (0.0, -0.01, -0.01), quat: (0.0941, 0.0234, 0.0, 0.9953)
[DEBUG, 1508633058.87105]: t: 1508633058.87136, pt: 1508633058.87105, at: 3.203, n: 25, euler: (-0.001090830782496456, -0.001090830782496456, 0.0), mag: (-14.0625, -0.0625, -0.0625), gyro: (0.0011, 0.0067, -0.0011), accel: (-0.46, 1.79, 9.5), linaccel: (-0.01, -0.03, -0.11), quat: (0.0941, -0.0001, -0.0001, 0.9953)
[DEBUG, 1508633058.904057]: t: 1508633058.904327, pt: 1508633058.904057, at: 3.231, n: 26, euler: (-0.18762289458939044, -0.04581489286485115, 0.0), mag: (-30.0625, -30.1875, -68.5625), gyro: (-0.0022, -0.0011, 0.0011), accel: (-0.44, 1.8, 9.64), linaccel: (0.0, -0.03, 0.02), quat: (0.0941, -0.0001, -0.0001, 0.9953)
[DEBUG, 1508633058.925529]: t: 1508633058.925835, pt: 1508633058.925529, at: 3.26, n: 27, euler: (-0.18762289458939044, -0.04581489286485115, 0.0), mag: (-30.5, -29.375, -68.25), gyro: (-0.0011, -0.0067, 0.0022), accel: (-0.44, 1.81, 9.51), linaccel: (0.01, -0.01, -0.01), quat: (0.0941, -0.0001, -0.0001, 0.9953)
[DEBUG, 1508633058.956875]: t: 1508633058.957196, pt: 1508633058.956875, at: 3.289, n: 28, euler: (-0.18762289458939044, -0.04581489286485115, 0.0), mag: (-30.5, -29.375, -68.5625), gyro: (0.0, 0.0056, -0.0011), accel: (-0.46, 1.8, -0.01), linaccel: (0.0, -0.01, -0.01), quat: (0.0941, -0.0001, -0.0001, 0.9953)
[DEBUG, 1508633058.989704]: t: 1508633058.99007, pt: 1508633058.989704, at: 3.317, n: 29, euler: (-0.001090830782496456, -0.001090830782496456, 0.0), mag: (-30.5, -29.375, -68.5625), gyro: (-0.0011, 0.0, 0.0), accel: (-0.46, 1.82, -0.01), linaccel: (0.0, 0.0, -0.01), quat: (0.0941, 0.0234, 0.0, 0.9953)
[DEBUG, 1508633059.010276]: t: 1508633059.010474, pt: 1508633059.010276, at: 3.346, n: 30, euler: (-0.001090830782496456, -0.001090830782496456, 0.0), mag: (-30.5, -29.75, -69.375), gyro: (0.0022, -0.0056, 0.0011), accel: (-0.46, 1.8, -0.01), linaccel: (0.0, -0.01, -0.01), quat: (0.0941, 0.0234, 0.0, 0.9953)
[DEBUG, 1508633059.042968]: t: 1508633059.0434089, pt: 1508633059.042968, at: 3.375, n: 31, euler: (-0.001090830782496456, -0.001090830782496456, 0.0), mag: (-14.5, -0.0625, -0.0625), gyro: (0.0, 0.0, -0.0011), accel: (-0.47, 1.81, 9.61), linaccel: (-0.01, -0.02, -0.01), quat: (0.0941, -0.0001, -0.0001, 0.9953)
[DEBUG, 1508633059.064627]: t: 1508633059.0648682, pt: 1508633059.064627, at: 3.402, n: 32, euler: (-0.18762289458939044, -0.04581489286485115, 0.0), mag: (-14.0625, -0.0625, -0.0625), gyro: (0.0011, 0.0056, 0.0), accel: (-0.45, 1.8, 9.52), linaccel: (0.0, -0.02, -0.09), quat: (0.0941, -0.0001, -0.0001, 0.9953)
[DEBUG, 1508633059.097363]: t: 1508633059.097607, pt: 1508633059.097363, at: 3.431, n: 33, euler: (-0.18762289458939044, -0.04581489286485115, 0.0), mag: (-30.0625, -29.375, -68.5625), gyro: (0.0011, -0.0011, 0.0033), accel: (-0.47, 1.82, -0.01), linaccel: (-0.03, -0.02, 0.01), quat: (0.0941, -0.0001, -0.0001, 0.9953)
[DEBUG, 1508633059.130938]: t: 1508633059.131234, pt: 1508633059.130938, at: 3.459, n: 34, euler: (-0.001090830782496456, -0.001090830782496456, 0.0), mag: (-30.0625, -29.375, -67.375), gyro: (0.0022, -0.0011, -0.0011), accel: (-0.44, 1.82, -0.01), linaccel: (0.0, 0.0, -0.13), quat: (0.0941, 0.0234, 0.0, 0.9953)
[DEBUG, 1508633059.1520011]: t: 1508633059.1522272, pt: 1508633059.1520011, at: 3.487, n: 35, euler: (-0.001090830782496456, -0.001090830782496456, 0.0), mag: (-30.0625, -29.375, -67.375), gyro: (0.0033, 0.0044, 0.0), accel: (-0.47, 1.8, -0.01), linaccel: (-0.01, -0.02, 0.03), quat: (0.0941, 0.0234, 0.0, 0.9953)
[DEBUG, 1508633059.183414]: t: 1508633059.1839108, pt: 1508633059.183414, at: 3.516, n: 36, euler: (-0.001090830782496456, -0.001090830782496456, 0.0), mag: (-14.0625, -0.0625, -0.0625), gyro: (0.0778, 0.0444, 0.0044), accel: (-0.47, 1.77, 9.45), linaccel: (-0.01, -0.07, -0.16), quat: (0.095, 0.0237, -0.0001, 0.9952)
[DEBUG, 1508633059.215831]: t: 1508633059.216077, pt: 1508633059.215831, at: 3.545, n: 37, euler: (-0.18980455615438332, -0.044724062082354694, 6.28209447639709), mag: (-29.75, -29.75, -68.5625), gyro: (0.0256, -0.1644, 0.0778), accel: (-0.32, 2.03, 9.74), linaccel: (0.1, 0.17, 0.12), quat: (0.0951, 0.0222, 0.0005, 0.9952)
[DEBUG, 1508633059.237171]: t: 1508633059.237398, pt: 1508633059.237171, at: 3.574, n: 38, euler: (-0.1908953869368798, -0.04363323129985824, 6.28209447639709), mag: (-13.75, -0.0625, -0.0625), gyro: (0.05, 0.0089, -0.0011), accel: (-0.48, 1.83, 9.56), linaccel: (-0.04, -0.03, -0.04), quat: (0.0957, 0.0227, 0.0003, 0.9952)
[DEBUG, 1508633059.2706728]: t: 1508633059.270924, pt: 1508633059.2706728, at: 3.602, n: 39, euler: (-0.19198621771937624, -0.044724062082354694, 6.28209447639709), mag: (-18.5, -18.1875, -41.0625), gyro: (0.0644, -0.0011, -0.0011), accel: (-0.47, 1.84, 9.54), linaccel: (0.02, -0.05, -0.35), quat: (0.0966, 0.0226, 0.0004, 0.9951)
[DEBUG, 1508633059.303172]: t: 1508633059.303457, pt: 1508633059.303172, at: 3.632, n: 40, euler: (-0.19525871006686563, -0.04254240051736178, 6.281003645614594), mag: (-18.5, -18.1875, -41.0625), gyro: (0.1178, -0.0911, 0.0344), accel: (-0.4, 1.87, 9.56), linaccel: (0.05, -0.04, 0.13), quat: (0.0981, 0.0213, 0.0009, 0.9949)
[DEBUG, 1508633059.324799]: t: 1508633059.325075, pt: 1508633059.324799, at: 3.658, n: 41, euler: (-0.001090830782496456, -0.001090830782496456, 6.279912814832097), mag: (-19.75, -19.0625, -41.375), gyro: (0.0589, -0.1489, 0.0667), accel: (-0.33, 1.99, -0.01), linaccel: (0.04, 0.06, 0.01), quat: (0.099, 0.019, 0.0015, 0.9949)
[DEBUG, 1508633059.3568552]: t: 1508633059.3570812, pt: 1508633059.3568552, at: 3.688, n: 42, euler: (-0.19853120241435498, -0.037088246604879506, 6.279912814832097), mag: (-19.75, -19.0625, -41.375), gyro: (0.0411, 0.0544, -0.0089), accel: (-0.33, 1.95, 9.65), linaccel: (0.04, 0.01, 0.04), quat: (0.0994, 0.0192, 0.0016, 0.9949)
[DEBUG, 1508633059.388278]: t: 1508633059.388567, pt: 1508633059.388278, at: 3.715, n: 43, euler: (-0.001090830782496456, -0.001090830782496456, 6.279912814832097), mag: (-18.75, -17.875, -40.0625), gyro: (-0.0167, 0.03, -0.0122), accel: (-0.36, 1.93, 9.52), linaccel: (0.02, 0.0, -0.01), quat: (0.0995, 0.02, 0.0013, 0.9948)
[DEBUG, 1508633059.409873]: t: 1508633059.410099, pt: 1508633059.409873, at: 3.745, n: 44, euler: (-0.19853120241435498, -0.039269908169872414, 6.279912814832097), mag: (-18.75, -19.0, -41.25), gyro: (0.0133, 0.0233, -0.0089), accel: (-0.34, 1.95, 9.51), linaccel: (0.03, 0.01, -0.01), quat: (0.0996, 0.0201, 0.0013, 0.9948)
[DEBUG, 1508633059.440779]: t: 1508633059.441091, pt: 1508633059.440779, at: 3.775, n: 45, euler: (-0.19962203319685143, -0.039269908169872414, 6.279912814832097), mag: (-18.75, -19.0, -41.25), gyro: (0.0367, 0.0256, -0.0011), accel: (-0.39, 1.93, 9.62), linaccel: (0.0, -0.01, 0.01), quat: (0.1002, 0.0205, 0.0014, 0.9948)
[DEBUG, 1508633059.472714]: t: 1508633059.473027, pt: 1508633059.472714, at: 3.804, n: 46, euler: (-0.20180369476184434, -0.04036073895236887, 6.279912814832097), mag: (-18.375, -18.25, -42.0), gyro: (0.0667, 0.0, 0.0211), accel: (-0.41, 1.93, 9.59), linaccel: (-0.01, -0.03, 0.0), quat: (0.1011, 0.0205, 0.0015, 0.9947)
[DEBUG, 1508633059.504443]: t: 1508633059.504666, pt: 1508633059.504443, at: 3.834, n: 47, euler: (-0.20289452554434081, -0.039269908169872414, 6.278821984049601), mag: (-18.375, -18.25, -42.0), gyro: (0.0367, 0.0044, 0.0167), accel: (-0.32, 2.15, 9.55), linaccel: (0.07, 0.17, -0.04), quat: (0.1015, 0.0204, 0.0016, 0.9946)
[DEBUG, 1508633059.525868]: t: 1508633059.5261729, pt: 1508633059.525868, at: 3.861, n: 48, euler: (-0.20180369476184434, -0.04036073895236887, 6.279912814832097), mag: (-18.375, -18.5625, -40.6875), gyro: (-0.2078, 0.0456, -0.0011), accel: (-0.54, 1.77, -0.01), linaccel: (-0.05, -0.11, 0.09), quat: (0.0993, 0.021, 0.0004, 0.9948)
[DEBUG, 1508633059.557921]: t: 1508633059.5582259, pt: 1508633059.557921, at: 3.891, n: 49, euler: (-0.19853120241435498, -0.04036073895236887, 6.281003645614594), mag: (-18.75, -17.75, -41.1875), gyro: (-0.1144, -0.1422, 0.0533), accel: (-0.52, 1.92, 8.93), linaccel: (-0.15, -0.28, -0.41), quat: (0.0971, 0.0176, 0.001, 0.9951)
[DEBUG, 1508633059.589801]: t: 1508633059.5901198, pt: 1508633059.589801, at: 3.919, n: 50, euler: (-0.001090830782496456, -0.001090830782496456, 6.279912814832097), mag: (-18.75, -17.75, -41.1875), gyro: (-0.4311, -0.8844, 0.3389), accel: (0.47, -0.01, -0.01), linaccel: (0.64, 0.67, -0.01), quat: (0.0905, 0.0079, 0.0034, 0.9958)
[DEBUG, 1508633059.610815]: t: 1508633059.6111228, pt: 1508633059.610815, at: 3.947, n: 51, euler: (-0.1734420944169365, -0.011999138607461015, 6.275549491702111), mag: (-18.75, -18.1875, -40.6875), gyro: (-0.7889, -0.3678, 0.0233), accel: (-0.2, 1.57, 9.39), linaccel: (-0.11, -0.04, -0.28), quat: (0.083, 0.0049, 0.0033, 0.9965)
[log buffer end]
[BNO055 @ node.py:46][DEBUG] 2017-10-21 20:44:19,611: logging message buffer (len=16540)
[BNO055 @ node.py:44][DEBUG] 2017-10-21 20:44:21,029: [log buffer start]
[DEBUG, 1508633059.643148]: t: 1508633059.64358, pt: 1508633059.643148, at: 3.976, n: 52, euler: (-0.001090830782496456, -0.001090830782496456, 6.2766403224846075), mag: (-18.75, -18.1875, -40.6875), gyro: (-0.2789, -0.2778, -0.0156), accel: (0.09, 1.46, 10.47), linaccel: (0.09, -0.01, 0.77), quat: (0.0759, 0.0001, 0.0031, 0.9971)
[DEBUG, 1508633059.675145]: t: 1508633059.675452, pt: 1508633059.675145, at: 4.004, n: 53, euler: (-0.14944381720201447, 0.002181661564992912, 6.275549491702111), mag: (-19.875, -16.0, -0.0625), gyro: (-0.0856, -0.0011, -0.0011), accel: (-1.22, 1.5, 9.38), linaccel: (-1.24, 0.03, -0.31), quat: (-0.0001, -0.0001, -0.0001, 0.9972)
[DEBUG, 1508633059.6963909]: t: 1508633059.6967528, pt: 1508633059.6963909, at: 4.032, n: 54, euler: (-0.15162547876700738, -0.001090830782496456, 6.2766403224846075), mag: (-19.875, -16.0, -40.6875), gyro: (0.1044, 0.3467, -0.2367), accel: (0.16, 1.42, 9.86), linaccel: (1.01, -0.35, -0.12), quat: (0.0763, 0.0023, 0.002, 0.9971)
[DEBUG, 1508633059.727241]: t: 1508633059.727581, pt: 1508633059.727241, at: 4.06, n: 55, euler: (-0.001090830782496456, -0.001090830782496456, 6.277731153267104), mag: (-21.0, -15.5625, -40.375), gyro: (0.0433, 0.1078, 0.1422), accel: (-3.16, 0.93, -0.01), linaccel: (-3.09, -0.57, 0.11), quat: (0.077, 0.0046, 0.0018, 0.997)
[DEBUG, 1508633059.758523]: t: 1508633059.758785, pt: 1508633059.758523, at: 4.089, n: 56, euler: (-0.1559888018969932, -0.01090830782496456, 6.28209447639709), mag: (-21.0, -15.5625, -40.375), gyro: (0.5144, 0.1933, 0.0789), accel: (0.08, 1.68, 10.36), linaccel: (0.21, 0.11, 0.68), quat: (0.0804, 0.0068, 0.0005, 0.9968)
[DEBUG, 1508633059.789849]: t: 1508633059.790157, pt: 1508633059.789849, at: 4.117, n: 57, euler: (-0.001090830782496456, -0.001090830782496456, 6.278821984049601), mag: (-4.0625, -0.0625, -0.0625), gyro: (0.2144, 0.8444, 0.1311), accel: (0.19, 1.58, 8.97), linaccel: (0.43, -0.01, -0.01), quat: (0.0845, -0.0001, -0.0001, 0.9963)
[DEBUG, 1508633059.810792]: t: 1508633059.811098, pt: 1508633059.810792, at: 4.146, n: 58, euler: (-0.16580627893946132, -0.019634954084936207, 6.26682284544214), mag: (-19.0, -16.5, -41.0625), gyro: (-0.0967, 0.0367, 0.5556), accel: (0.43, 3.39, 11.57), linaccel: (0.66, 1.78, 1.9), quat: (0.0826, -0.0001, -0.0001, 0.9964)
[DEBUG, 1508633059.842454]: t: 1508633059.842725, pt: 1508633059.842454, at: 4.173, n: 59, euler: (-0.16144295580947549, -0.022907446432425576, 6.230825429619756), mag: (-19.0, -16.5, -41.0625), gyro: (-0.1656, 0.4344, 1.5378), accel: (0.11, -0.01, -0.01), linaccel: (-0.62, 0.0, -0.48), quat: (0.0787, 0.0156, 0.0334, 0.9962)
[DEBUG, 1508633059.873635]: t: 1508633059.874006, pt: 1508633059.873635, at: 4.202, n: 60, euler: (-0.15489797111449674, -0.02945243112740431, 6.201372998492352), mag: (-19.0, -15.75, -41.0), gyro: (-0.26, 0.8978, 1.1811), accel: (-0.01, 1.3, -0.01), linaccel: (0.33, -0.01, -0.01), quat: (0.0741, 0.0267, 0.0524, 0.9955)
[DEBUG, 1508633059.8943732]: t: 1508633059.8946729, pt: 1508633059.8943732, at: 4.23, n: 61, euler: (-0.001090830782496456, -0.001090830782496456, 6.167557244234962), mag: (-19.0, -15.75, -41.0), gyro: (-0.2756, 1.14, 1.0567), accel: (0.63, 2.77, 10.53), linaccel: (1.27, 1.33, 0.85), quat: (0.0694, 0.0416, 0.0695, 0.9943)
[DEBUG, 1508633059.925617]: t: 1508633059.9259388, pt: 1508633059.925617, at: 4.258, n: 62, euler: (-0.001090830782496456, -0.001090830782496456, 6.12828733606509), mag: (-18.6875, -13.0625, -0.0625), gyro: (-1.0089, 0.7522, 1.6011), accel: (0.81, 1.38, 11.49), linaccel: (1.65, 0.1, -0.01), quat: (-0.0001, -0.0001, -0.0001, 0.9933)
[DEBUG, 1508633059.9573388]: t: 1508633059.9576719, pt: 1508633059.9573388, at: 4.286, n: 63, euler: (-0.10471975511965978, -0.08944812416470939, 6.073745796940266), mag: (-18.6875, -13.0625, -41.875), gyro: (-1.7167, 0.4478, 1.8878), accel: (-1.48, 0.82, 11.73), linaccel: (-0.98, 0.0, 1.32), quat: (0.0384, 0.0514, 0.1122, 0.9916)
[DEBUG, 1508633059.97911]: t: 1508633059.9793642, pt: 1508633059.97911, at: 4.314, n: 64, euler: (-0.06872233929727672, -0.09490227807719166, 6.04211170424787), mag: (-17.25, -10.6875, -43.875), gyro: (-2.1878, 0.2922, -0.0011), accel: (-1.16, -0.01, -0.01), linaccel: (-0.29, 0.22, 0.7), quat: (0.008, 0.0513, -0.0001, 0.9896)
[DEBUG, 1508633060.011744]: t: 1508633060.011997, pt: 1508633060.011744, at: 4.342, n: 65, euler: (-0.007635815477475192, -0.10035643198967395, 5.996296811383019), mag: (-18.0625, -4.5, -45.1875), gyro: (-2.5889, 0.0522, 1.8278), accel: (-0.66, 0.15, 10.25), linaccel: (0.33, 0.29, 0.49), quat: (-0.0267, 0.0475, 0.1617, 0.9854)
[DEBUG, 1508633060.03335]: t: 1508633060.033781, pt: 1508633060.03335, at: 4.369, n: 66, euler: (-0.001090830782496456, -0.001090830782496456, 5.936301118345713), mag: (-18.0625, -4.5, -0.0625), gyro: (-2.7089, -0.1844, 1.9989), accel: (-0.6, -0.93, 9.47), linaccel: (0.4, -0.01, -0.01), quat: (-0.0001, -0.0001, -0.0001, 0.981)
[DEBUG, 1508633060.06495]: t: 1508633060.065272, pt: 1508633060.06495, at: 4.398, n: 67, euler: (0.12762720155208535, -0.09708393964218458, 5.88503207156838), mag: (-18.0, 3.375, -45.875), gyro: (-2.3733, -0.5767, 1.3456), accel: (-0.77, -1.42, 9.69), linaccel: (0.12, 0.01, 0.03), quat: (-0.0001, -0.0001, -0.0001, 0.9753)
[DEBUG, 1508633060.087349]: t: 1508633060.087692, pt: 1508633060.087349, at: 4.424, n: 68, euler: (0.1832595714594046, -0.07853981633974483, 5.850125486528493), mag: (-18.0, 3.375, -45.875), gyro: (-2.0422, -0.2278, -0.0011), accel: (-0.83, -0.01, -0.01), linaccel: (0.2, -0.05, 0.02), quat: (-0.1077, 0.0131, 0.2194, 0.9696)
[DEBUG, 1508633060.1192331]: t: 1508633060.119564, pt: 1508633060.1192331, at: 4.452, n: 69, euler: (0.22689280275926285, -0.06544984694978735, 5.825036378531075), mag: (-19.875, 11.0, -46.0625), gyro: (-2.5756, -1.1289, 1.3489), accel: (0.57, -1.9, 9.57), linaccel: (1.14, 0.52, 0.08), quat: (-0.1393, -0.0083, 0.2405, 0.9606)
[DEBUG, 1508633060.150641]: t: 1508633060.150918, pt: 1508633060.150641, at: 4.482, n: 70, euler: (-0.001090830782496456, -0.001090830782496456, 5.772676500971245), mag: (-19.875, 11.0, -46.0625), gyro: (-1.7889, -0.9756, 1.4589), accel: (-2.06, -2.63, 7.3), linaccel: (-1.65, 0.38, -2.01), quat: (-0.161, -0.0248, 0.2612, 0.9514)
[DEBUG, 1508633060.181968]: t: 1508633060.182264, pt: 1508633060.181968, at: 4.509, n: 71, euler: (-0.001090830782496456, -0.001090830782496456, 5.739951577496352), mag: (-4.6875, -0.0625, -0.0625), gyro: (-0.8444, -0.6267, 0.0033), accel: (-0.14, -5.0, 9.41), linaccel: (0.1, -1.69, 0.18), quat: (-0.012, -0.0001, -0.0001, 0.949)
[DEBUG, 1508633060.204027]: t: 1508633060.2042959, pt: 1508633060.204027, at: 4.538, n: 72, euler: (0.358883327441334, -0.007635815477475192, 5.738860746713855), mag: (-20.6875, 17.75, -44.75), gyro: (-0.96, -1.0189, -0.0656), accel: (0.72, -3.57, 9.66), linaccel: (0.75, -0.02, 0.52), quat: (-0.1781, -0.0481, 0.2661, 0.9461)
[DEBUG, 1508633060.2357252]: t: 1508633060.236004, pt: 1508633060.2357252, at: 4.566, n: 73, euler: (0.40033489717619936, 0.001090830782496456, 5.715953300281429), mag: (-22.25, 23.5, -43.875), gyro: (-1.75, -0.0856, -0.0011), accel: (0.87, -4.38, 9.1), linaccel: (-0.09, 0.28, -0.56), quat: (-0.1992, -0.0148, -0.0001, 0.9369)
[DEBUG, 1508633060.2669592]: t: 1508633060.267282, pt: 1508633060.2669592, at: 4.595, n: 74, euler: (0.4406956361285682, 0.00545415391248228, 5.682137546024039), mag: (-23.1875, 25.0625, -42.5), gyro: (-2.1833, -1.0289, 1.7867), accel: (-1.33, -3.45, 7.12), linaccel: (-1.95, 0.75, -1.5), quat: (-0.2244, -0.0784, 0.3051, 0.9222)
[DEBUG, 1508633060.2890172]: t: 1508633060.2892952, pt: 1508633060.2890172, at: 4.623, n: 75, euler: (-0.001090830782496456, 0.007635815477475192, 5.62323268376923), mag: (-23.1875, 25.0625, -42.5), gyro: (-1.45, -0.9556, 1.6911), accel: (-1.51, -2.31, -0.01), linaccel: (-1.59, -0.08, -0.71), quat: (-0.2415, -0.0911, 0.3278, 0.9088)
[DEBUG, 1508633060.321878]: t: 1508633060.3221602, pt: 1508633060.321878, at: 4.652, n: 76, euler: (0.5323254218582705, 0.004363323129985824, 5.579599452469372), mag: (-22.25, 31.25, -40.25), gyro: (-1.0278, -0.1811, 0.8544), accel: (0.44, -6.43, 8.98), linaccel: (0.41, -1.37, 0.58), quat: (-0.2552, -0.0959, 0.3391, 0.9004)
[DEBUG, 1508633060.344204]: t: 1508633060.344486, pt: 1508633060.344204, at: 4.681, n: 77, euler: (-0.001090830782496456, -0.001090830782496456, 5.553419513689457), mag: (-6.25, -0.0625, -0.0625), gyro: (-1.0033, -0.3844, 0.7744), accel: (-0.68, -4.05, 7.04), linaccel: (-0.65, 1.25, -1.2), quat: (-0.2635, -0.0999, 0.3457, 0.895)
[DEBUG, 1508633060.376319]: t: 1508633060.376605, pt: 1508633060.376319, at: 4.709, n: 78, euler: (0.5879577917655898, 0.00545415391248228, 5.531602898039528), mag: (-6.0, -0.0625, -0.0625), gyro: (-0.2622, -0.0011, -0.0011), accel: (-0.94, -4.39, 6.92), linaccel: (-1.08, 1.09, -1.19), quat: (-0.0001, -0.0001, -0.0001, 0.889)
[DEBUG, 1508633060.407597]: t: 1508633060.407851, pt: 1508633060.407597, at: 4.736, n: 79, euler: (0.6021385919380436, 0.026179938779914945, 5.532693728822025), mag: (-22.0, 35.25, -39.1875), gyro: (-0.34, -0.2567, -0.4333), accel: (-0.12, -5.13, 7.31), linaccel: (-0.76, 0.09, -0.85), quat: (-0.2714, -0.1221, 0.3477, 0.8892)
[DEBUG, 1508633060.4286668]: t: 1508633060.4289548, pt: 1508633060.4286668, at: 4.763, n: 80, euler: (0.6032294227205401, 0.02945243112740431, 5.542511205864493), mag: (-21.75, 37.0, -36.5625), gyro: (0.1633, -0.0389, -0.1244), accel: (0.01, -2.48, -0.01), linaccel: (-0.31, 0.5, -1.24), quat: (-0.268, -0.1241, 0.3393, 0.8931)
[DEBUG, 1508633060.459638]: t: 1508633060.459882, pt: 1508633060.459638, at: 4.793, n: 81, euler: (0.5923211148955756, 0.04690572364734761, 5.565418652296918), mag: (-5.75, -0.0625, -0.0625), gyro: (0.8389, -0.44, -1.2011), accel: (-0.34, -4.54, 6.98), linaccel: (-0.9, 0.85, -1.18), quat: (-0.2593, -0.1277, 0.3316, 0.898)
[DEBUG, 1508633060.49264]: t: 1508633060.4929101, pt: 1508633060.49264, at: 4.82, n: 82, euler: (0.5661411761156606, 0.08508480103472356, 5.594871083424323), mag: (-6.25, -0.0625, -0.0625), gyro: (0.9622, -1.4522, -1.6011), accel: (0.13, -4.8, 7.81), linaccel: (-0.89, -0.01, -0.01), quat: (-0.0001, -0.0001, -0.0001, 0.9058)
[DEBUG, 1508633060.513259]: t: 1508633060.5135849, pt: 1508633060.513259, at: 4.848, n: 83, euler: (0.533416252640767, 0.14180800172453928, 5.627596006899216), mag: (-25.5625, 34.1875, -39.0625), gyro: (1.3122, -1.2278, -1.4011), accel: (-1.46, -4.03, 9.22), linaccel: (-1.29, 0.49, -0.71), quat: (-0.0134, -0.0001, -0.0001, 0.9135)
[DEBUG, 1508633060.544472]: t: 1508633060.5448089, pt: 1508633060.544472, at: 4.877, n: 84, euler: (0.4886921905584123, 0.16253378659197193, 5.6635934227216), mag: (-25.5625, 34.1875, -39.0625), gyro: (1.6578, 1.2044, -1.6089), accel: (1.7, -3.86, 7.93), linaccel: (0.44, 0.63, -0.98), quat: (-0.1957, -0.1433, 0.2856, 0.9271)
[DEBUG, 1508633060.5751522]: t: 1508633060.575402, pt: 1508633060.5751522, at: 4.905, n: 85, euler: (-0.001090830782496456, -0.001090830782496456, 5.702863330891472), mag: (-28.0625, 28.75, -39.5625), gyro: (2.23, 0.29, -0.27), accel: (1.15, -0.01, -0.01), linaccel: (-1.03, 0.17, -0.93), quat: (-0.1646, -0.1316, 0.2693, 0.9397)
[DEBUG, 1508633060.6060622]: t: 1508633060.6063519, pt: 1508633060.6060622, at: 4.934, n: 86, euler: (-0.001090830782496456, -0.001090830782496456, 5.732315762018876), mag: (-28.0625, 28.75, -39.5625), gyro: (2.7822, -0.5444, -1.2678), accel: (12.25, -2.45, 3.87), linaccel: (10.53, 0.77, -5.21), quat: (-0.122, -0.1243, 0.2665, 0.9479)
[DEBUG, 1508633060.627591]: t: 1508633060.627842, pt: 1508633060.627591, at: 4.962, n: 87, euler: (-0.001090830782496456, -0.001090830782496456, 5.721407454193912), mag: (-12.25, -0.0625, -0.0625), gyro: (1.3167, -2.1044, 0.1389), accel: (0.69, -3.15, 13.18), linaccel: (-1.05, -0.01, -0.01), quat: (-0.1022, -0.0143, -0.0001, 0.9478)
[DEBUG, 1508633060.65856]: t: 1508633060.658806, pt: 1508633060.65856, at: 4.989, n: 88, euler: (0.2716168648416175, 0.21271200258680892, 5.71268080793394), mag: (-28.25, 22.75, -41.75), gyro: (-0.4822, -1.4078, 0.0711), accel: (2.05, -2.63, 9.64), linaccel: (-0.12, -0.09, 0.43), quat: (-0.0947, -0.1458, 0.2766, 0.9451)
[DEBUG, 1508633060.690312]: t: 1508633060.690578, pt: 1508633060.690312, at: 5.017, n: 89, euler: (0.26725354171163174, 0.23671027980173096, 5.713771638716437), mag: (-28.0625, 16.875, -44.0), gyro: (0.2333, -0.0011, -0.0011), accel: (2.68, -2.51, -0.01), linaccel: (0.31, 0.44, -0.56), quat: (-0.0868, -0.158, 0.2737, 0.9448)
[DEBUG, 1508633060.711725]: t: 1508633060.7119098, pt: 1508633060.711725, at: 5.046, n: 90, euler: (0.2552544031041707, 0.2585268954516601, 5.724679946541401), mag: (-31.25, 16.0625, -40.75), gyro: (0.8522, -0.1811, -1.5267), accel: (2.85, -1.57, 7.92), linaccel: (0.29, 0.71, -1.26), quat: (-0.0734, -0.16, 0.2586, 0.9498)
[DEBUG, 1508633060.7429929]: t: 1508633060.7432692, pt: 1508633060.7429929, at: 5.073, n: 91, euler: (-0.001090830782496456, -0.001090830782496456, 5.76504068549377), mag: (-15.25, -0.0625, -0.0625), gyro: (1.5844, 1.5011, -1.4633), accel: (3.62, -1.63, 8.81), linaccel: (1.16, 0.2, -0.01), quat: (-0.0604, -0.1472, 0.2461, 0.9561)
[DEBUG, 1508633060.7750342]: t: 1508633060.775249, pt: 1508633060.7750342, at: 5.102, n: 92, euler: (0.15707963267948966, 0.23125612588924865, 5.8054014244461385), mag: (-33.875, 13.5625, -41.5), gyro: (1.4178, 1.2767, -1.5133), accel: (4.83, 1.35, 9.01), linaccel: (2.67, 2.7, -0.01), quat: (-0.042, -0.0144, -0.0001, 0.965)
[DEBUG, 1508633060.7959218]: t: 1508633060.796236, pt: 1508633060.7959218, at: 5.131, n: 93, euler: (0.11017390903214205, 0.20398535632683726, 5.839217178703529), mag: (-33.875, 13.5625, -41.5), gyro: (1.0611, 0.9456, -0.9667), accel: (2.28, -0.71, 9.01), linaccel: (0.31, 0.3, -0.53), quat: (-0.0292, -0.1105, 0.2158, 0.9697)
[DEBUG, 1508633060.827221]: t: 1508633060.8275042, pt: 1508633060.827221, at: 5.159, n: 94, euler: (0.10144726277217041, 0.20180369476184434, 5.849034655745997), mag: (-32.25, 8.0, -12.1875), gyro: (0.1478, -0.0011, -0.0011), accel: (3.12, -0.39, 11.01), linaccel: (1.11, 0.61, 1.47), quat: (-0.0129, -0.0001, -0.0001, 0.9698)
[DEBUG, 1508633060.85981]: t: 1508633060.860011, pt: 1508633060.85981, at: 5.188, n: 95, euler: (0.13526301702956053, 0.22471114119426994, 5.83267219400855), mag: (-32.25, 8.0, -44.1875), gyro: (-1.6567, -1.18, 0.9911), accel: (2.31, -1.29, 10.54), linaccel: (-0.37, -1.1, 0.14), quat: (-0.0469, -0.128, 0.2227, 0.9653)
[DEBUG, 1508633060.8805299]: t: 1508633060.88099, pt: 1508633060.8805299, at: 5.216, n: 96, euler: (-0.001090830782496456, -0.001090830782496456, 5.830490532443557), mag: (-31.5, 6.1875, -45.375), gyro: (-1.29, 0.5833, 0.0156), accel: (2.3, -2.52, -0.01), linaccel: (0.18, -0.01, -0.01), quat: (-0.0662, -0.1265, 0.2214, 0.9647)
[DEBUG, 1508633060.911725]: t: 1508633060.912159, pt: 1508633060.911725, at: 5.243, n: 97, euler: (0.19853120241435498, 0.21598449493429828, 5.830490532443557), mag: (-31.5, 6.1875, -45.375), gyro: (-0.5878, -0.0444, 0.2611), accel: (2.73, -1.49, 9.63), linaccel: (0.63, 0.44, 0.25), quat: (-0.0734, -0.1282, 0.2228, 0.9636)
[DEBUG, 1508633060.944296]: t: 1508633060.944525, pt: 1508633060.944296, at: 5.271, n: 98, euler: (0.21598449493429828, 0.21707532571679475, 5.823945547748578), mag: (-33.0, 8.5, -42.5625), gyro: (-0.6044, -0.1444, 0.3467), accel: (2.64, -2.15, 9.97), linaccel: (0.52, -0.01, -0.01), quat: (-0.0001, -0.0001, -0.0001, 0.9615)
[DEBUG, 1508633060.965055]: t: 1508633060.965846, pt: 1508633060.965055, at: 5.3, n: 99, euler: (0.24434609527920614, 0.21925698728178766, 5.807583086011132), mag: (-32.375, 10.6875, -41.75), gyro: (-0.9222, -0.2978, 0.8178), accel: (1.94, -2.01, 9.58), linaccel: (0.18, 0.14, 0.19), quat: (-0.0001, -0.0001, -0.0001, 0.9576)
[DEBUG, 1508633060.996639]: t: 1508633060.997355, pt: 1508633060.996639, at: 5.328, n: 100, euler: (0.26398104936414235, 0.2203478180642841, 5.794493116621174), mag: (-32.375, 10.6875, -41.75), gyro: (-0.2233, -0.0011, -0.0011), accel: (2.66, -1.8, 9.68), linaccel: (0.35, -0.06, 0.79), quat: (-0.1102, -0.1436, 0.2459, 0.9523)
[DEBUG, 1508633061.029453]: t: 1508633061.029664, pt: 1508633061.029453, at: 5.357, n: 101, euler: (0.30870511144649704, 0.2203478180642841, 5.766131516276266), mag: (-32.0625, 14.25, -42.0625), gyro: (-1.6233, -0.3067, 1.4222), accel: (2.03, -0.01, -0.01), linaccel: (-0.1, -0.46, 0.61), quat: (-0.1335, -0.1498, 0.2612, 0.9442)
[log buffer end]
[BNO055 @ node.py:46][DEBUG] 2017-10-21 20:44:21,029: logging message buffer (len=16443)
[BNO055 @ arduino.py:180][INFO] 2017-10-21 20:44:21,051: found 103 packets in 3s (avg=34.3 packets/sec). 103 received in total (avg=34.1 packets/sec)
[BNO055 @ node.py:44][DEBUG] 2017-10-21 20:44:22,439: [log buffer start]
[DEBUG, 1508633061.051557]: t: 1508633061.052802, pt: 1508633061.051557, at: 5.386, n: 102, euler: (-0.001090830782496456, -0.001090830782496456, 5.734497423583869), mag: (-32.0625, 14.25, -42.0625), gyro: (-1.5267, 0.7011, 0.6456), accel: (0.07, -3.67, 9.85), linaccel: (-1.86, -0.14, 0.91), quat: (-0.1577, -0.1456, 0.2656, 0.9399)
[DEBUG, 1508633061.0856562]: t: 1508633061.085967, pt: 1508633061.0856562, at: 5.413, n: 103, euler: (-0.001090830782496456, -0.001090830782496456, 5.736679085148862), mag: (-32.5, 18.5, -40.25), gyro: (-1.21, 1.0244, -0.5911), accel: (1.4, -3.6, 8.8), linaccel: (-0.31, 0.26, -0.01), quat: (-0.171, -0.1406, 0.2588, 0.9402)
[DEBUG, 1508633061.106844]: t: 1508633061.107221, pt: 1508633061.106844, at: 5.443, n: 104, euler: (0.43196898986859655, 0.16253378659197193, 5.759586531581287), mag: (-32.5, 18.5, -40.25), gyro: (-1.2878, 0.8367, -0.1167), accel: (2.17, -2.6, 9.82), linaccel: (0.63, 1.58, 1.08), quat: (-0.1906, -0.1351, 0.2534, 0.9387)
[DEBUG, 1508633061.138012]: t: 1508633061.138273, pt: 1508633061.138012, at: 5.471, n: 105, euler: (0.48105637508093707, 0.14180800172453928, 5.73122493123638), mag: (-30.5625, 22.875, -40.6875), gyro: (-1.7778, 0.0978, 1.8178), accel: (-0.44, -2.33, 6.45), linaccel: (-1.68, 2.35, -2.06), quat: (-0.0001, -0.0001, -0.0001, 0.9273)
[DEBUG, 1508633061.169847]: t: 1508633061.170075, pt: 1508633061.169847, at: 5.499, n: 106, euler: (0.519235452468313, 0.10362892433716332, 5.691955023066507), mag: (-29.0, 24.75, -40.375), gyro: (-1.0011, 2.2156, 1.8844), accel: (-1.78, -5.56, 6.94), linaccel: (-1.75, 0.16, -1.45), quat: (-0.2443, -0.106, 0.2888, 0.9196)
[DEBUG, 1508633061.19226]: t: 1508633061.192606, pt: 1508633061.19226, at: 5.527, n: 107, euler: (-0.001090830782496456, 0.032724923474893676, 5.669047576634082), mag: (-29.0, 24.75, -40.375), gyro: (-0.4933, 1.9089, 1.0911), accel: (0.0, -2.12, -0.01), linaccel: (-0.12, 0.42, -0.99), quat: (-0.26, -0.0803, 0.2945, 0.9161)
[DEBUG, 1508633061.224302]: t: 1508633061.224598, pt: 1508633061.224302, at: 5.557, n: 108, euler: (0.5541420375081997, -0.016362461737446838, 5.659230099591613), mag: (-23.1875, 29.875, -7.1875), gyro: (-0.2056, 0.6189, -0.0833), accel: (-0.43, -0.75, -0.01), linaccel: (-0.21, -0.69, -0.01), quat: (-0.2656, -0.0724, 0.2907, 0.9163)
[DEBUG, 1508633061.256748]: t: 1508633061.2570171, pt: 1508633061.256748, at: 5.584, n: 109, euler: (-0.001090830782496456, -0.001090830782496456, 5.6755925613290605), mag: (-7.1875, -0.0625, -0.0625), gyro: (-0.1411, 0.1144, -0.7156), accel: (-0.69, -4.85, 7.33), linaccel: (-0.53, 0.35, -0.97), quat: (-0.2665, -0.0738, 0.284, 0.9181)
[DEBUG, 1508633061.2779148]: t: 1508633061.278135, pt: 1508633061.2779148, at: 5.612, n: 110, euler: (0.557414529855689, -0.015271630954950384, 5.697409176978989), mag: (-5.0625, -0.0625, -0.0625), gyro: (0.19, -0.0011, -0.0011), accel: (-0.72, -4.92, 7.51), linaccel: (0.08, 1.02, -0.92), quat: (-0.0001, -0.0001, -0.0001, 0.9219)
[DEBUG, 1508633061.310199]: t: 1508633061.3105202, pt: 1508633061.310199, at: 5.64, n: 111, euler: (0.5519603759432067, -0.022907446432425576, 5.7170441310639255), mag: (-21.0625, 31.875, -41.0), gyro: (0.8778, 1.8289, -0.7578), accel: (0.58, -5.37, 8.18), linaccel: (1.3, 0.19, 0.33), quat: (-0.2615, -0.0464, 0.2578, 0.929)
[DEBUG, 1508633061.330805]: t: 1508633061.331318, pt: 1508633061.330805, at: 5.667, n: 112, euler: (-0.001090830782496456, -0.001090830782496456, 5.749769054538819), mag: (-21.6875, 31.0625, -40.75), gyro: (0.4822, 2.27, 0.1011), accel: (-0.92, -0.01, -0.01), linaccel: (-0.1, 0.8, -0.01), quat: (-0.2624, -0.0147, 0.2498, 0.9319)
[DEBUG, 1508633061.3634748]: t: 1508633061.3637729, pt: 1508633061.3634748, at: 5.696, n: 113, euler: (0.519235452468313, -0.12435470920459599, 5.76176819314628), mag: (-21.6875, 31.0625, -40.75), gyro: (0.4467, 2.2778, 0.3011), accel: (-2.96, -6.19, 7.75), linaccel: (-1.55, -1.4, -0.68), quat: (-0.2639, 0.0074, 0.2468, 0.9324)
[DEBUG, 1508633061.385788]: t: 1508633061.38607, pt: 1508633061.385788, at: 5.723, n: 114, euler: (0.507236313860852, -0.17998707911191522, 5.7759489933187345), mag: (-19.875, 29.5625, -43.75), gyro: (0.6222, -0.0011, -0.0011), accel: (-3.09, -5.3, 8.07), linaccel: (-1.17, -0.01, -0.01), quat: (-0.0129, -0.0001, -0.0001, 0.9342)
[DEBUG, 1508633061.418706]: t: 1508633061.41906, pt: 1508633061.418706, at: 5.752, n: 115, euler: (0.495237175253391, -0.22252947962927702, 5.8021289320986495), mag: (-14.5625, 28.375, -45.0625), gyro: (0.7311, 1.8433, -0.5233), accel: (-2.81, -4.88, 7.88), linaccel: (-1.05, -0.12, -0.43), quat: (-0.2584, 0.0619, 0.2236, 0.9377)
[DEBUG, 1508633061.450575]: t: 1508633061.451044, pt: 1508633061.450575, at: 5.781, n: 116, euler: (0.47669305195095124, -0.24652775684419906, 5.835944686356039), mag: (-14.5625, 28.375, -45.0625), gyro: (0.7378, 0.9789, -0.0011), accel: (-3.16, -1.23, -0.01), linaccel: (-0.37, 0.31, -1.43), quat: (-0.2513, 0.0752, 0.2104, 0.9418)
[DEBUG, 1508633061.472173]: t: 1508633061.472496, pt: 1508633061.472173, at: 5.81, n: 117, euler: (0.4657847441259867, -0.2530727415391778, 5.850125486528493), mag: (-10.375, 26.875, -46.75), gyro: (1.1789, 0.42, -0.0011), accel: (-0.81, -0.01, -0.01), linaccel: (-0.9, -0.01, -0.01), quat: (-0.2383, 0.0826, 0.1996, 0.9468)
[DEBUG, 1508633061.505213]: t: 1508633061.505434, pt: 1508633061.505213, at: 5.837, n: 118, euler: (-0.001090830782496456, -0.2530727415391778, 5.875214594525912), mag: (-10.375, 26.875, -46.75), gyro: (1.1533, 0.2, -0.6922), accel: (-3.27, -3.75, 6.94), linaccel: (-0.81, 0.2, -1.68), quat: (-0.2228, 0.0863, 0.1876, 0.9528)
[DEBUG, 1508633061.5368152]: t: 1508633061.5371342, pt: 1508633061.5368152, at: 5.866, n: 119, euler: (-0.001090830782496456, -0.24980024919168842, 5.905757856435812), mag: (-9.6875, 24.6875, -0.0625), gyro: (1.7767, 0.6178, -0.8644), accel: (-2.35, -3.32, 8.15), linaccel: (0.1, 0.26, -0.01), quat: (-0.0001, -0.0001, -0.0001, 0.9576)
[DEBUG, 1508633061.557869]: t: 1508633061.5581481, pt: 1508633061.557869, at: 5.895, n: 120, euler: (0.358883327441334, -0.2530727415391778, 5.93739194912821), mag: (-9.6875, 24.6875, -49.375), gyro: (1.7122, 0.2178, -0.7267), accel: (-2.8, -3.14, 8.44), linaccel: (-0.4, 0.06, -0.5), quat: (-0.1859, 0.0954, 0.1633, 0.9642)
[DEBUG, 1508633061.589183]: t: 1508633061.589559, pt: 1508633061.589183, at: 5.921, n: 121, euler: (0.32506757318394386, -0.23671027980173096, 5.960299395560636), mag: (-11.0, 19.875, -50.375), gyro: (2.5989, -0.0011, -0.0011), accel: (-3.02, -2.01, -0.01), linaccel: (0.68, 2.42, -1.17), quat: (-0.151, 0.0861, 0.142, 0.9745)
[DEBUG, 1508633061.621588]: t: 1508633061.621928, pt: 1508633061.621588, at: 5.95, n: 122, euler: (0.25416357232167425, -0.20398535632683726, 6.00829594999048), mag: (-11.375, 15.0, -51.0), gyro: (2.5656, -0.2456, -0.9533), accel: (-0.52, -1.15, 8.76), linaccel: (1.42, 1.05, -0.59), quat: (-0.1151, 0.0861, 0.1254, 0.9816)
[DEBUG, 1508633061.643897]: t: 1508633061.644264, pt: 1508633061.643897, at: 5.978, n: 123, euler: (0.18871372537188688, -0.19634954084936207, 6.035566719552891), mag: (-11.375, 15.0, -51.0), gyro: (2.4044, -0.1722, -0.6), accel: (-2.59, -1.45, 10.44), linaccel: (-0.7, -0.01, -0.01), quat: (-0.0845, 0.0836, 0.1154, 0.9862)
[DEBUG, 1508633061.6749492]: t: 1508633061.675184, pt: 1508633061.6749492, at: 6.007, n: 124, euler: (0.13526301702956053, -0.17453292519943295, 6.053020012072834), mag: (-13.1875, 7.5, -51.5), gyro: (0.9189, -1.0422, 0.0644), accel: (-1.11, -1.35, 11.22), linaccel: (0.5, -0.01, -0.01), quat: (-0.072, 0.0751, 0.1144, 0.988)
[DEBUG, 1508633061.7064052]: t: 1508633061.7067578, pt: 1508633061.7064052, at: 6.036, n: 125, euler: (0.11671889372712078, -0.1461713248545251, 6.046475027377856), mag: (-13.1875, -0.0625, -0.0625), gyro: (0.3933, -0.0011, -0.0011), accel: (-0.12, -1.1, 11.83), linaccel: (1.16, 0.0, 2.17), quat: (-0.0641, 0.0588, 0.1182, 0.9892)
[DEBUG, 1508633061.727982]: t: 1508633061.7283251, pt: 1508633061.727982, at: 6.064, n: 126, euler: (0.11344640137963143, -0.09599310885968812, 6.039930042682877), mag: (-15.6875, -0.0625, -0.0625), gyro: (-0.1833, -2.0422, 0.1433), accel: (-0.13, -1.12, 11.88), linaccel: (1.19, -0.18, 2.09), quat: (-0.0001, -0.0001, -0.0001, 0.9901)
[DEBUG, 1508633061.761303]: t: 1508633061.761604, pt: 1508633061.761303, at: 6.092, n: 127, euler: (0.12435470920459599, -0.05126904677733343, 6.033385057987898), mag: (-15.6875, 1.75, -51.5625), gyro: (-0.7356, -1.8333, 0.1778), accel: (1.89, -1.17, 12.52), linaccel: (2.23, 0.11, 2.8), quat: (-0.0717, 0.0004, 0.1271, 0.9893)
[DEBUG, 1508633061.793399]: t: 1508633061.793702, pt: 1508633061.793399, at: 6.12, n: 128, euler: (-0.001090830782496456, -0.001090830782496456, 6.023567580945429), mag: (-18.375, 2.5625, -49.6875), gyro: (-1.4244, -1.4822, 0.2644), accel: (0.05, -1.3, 10.83), linaccel: (-0.02, 0.33, 1.16), quat: (-0.0895, -0.0233, 0.1331, 0.9868)
[DEBUG, 1508633061.8142788]: t: 1508633061.814512, pt: 1508633061.8142788, at: 6.15, n: 129, euler: (0.2007128639793479, 0.03490658503988659, 6.007205119207983), mag: (-18.375, 2.5625, -49.6875), gyro: (-1.7689, -1.4789, 0.7889), accel: (1.62, -1.29, 10.19), linaccel: (1.16, 0.83, 0.63), quat: (-0.1045, -0.0391, 0.1405, 0.9838)
[DEBUG, 1508633061.847553]: t: 1508633061.8478909, pt: 1508633061.847553, at: 6.177, n: 130, euler: (-0.001090830782496456, 0.06654067773228381, 5.9733893649505925), mag: (-6.375, -0.0625, -0.0625), gyro: (-2.0922, -1.4667, 1.57), accel: (2.27, -2.27, 10.28), linaccel: (1.53, 0.43, 0.88), quat: (-0.0001, -0.0001, -0.0001, 0.9764)
[DEBUG, 1508633061.869208]: t: 1508633061.869681, pt: 1508633061.869208, at: 6.206, n: 131, euler: (0.3272492347489368, 0.0916297857297023, 5.91884782582577), mag: (-25.5, 9.875, -45.6875), gyro: (-2.3844, -1.4089, 2.0211), accel: (0.91, -2.5, 9.31), linaccel: (-0.02, 0.87, 0.15), quat: (-0.0001, -0.0001, -0.0001, 0.9651)
[DEBUG, 1508633061.900896]: t: 1508633061.901214, pt: 1508633061.900896, at: 6.234, n: 132, euler: (0.4068798818711781, 0.09490227807719166, 5.850125486528493), mag: (-25.5, 9.875, -45.6875), gyro: (-2.7033, -0.2689, -0.0011), accel: (-1.24, -0.01, -0.01), linaccel: (-1.45, 0.21, 0.07), quat: (-0.1985, -0.0936, 0.2186, 0.9508)
[DEBUG, 1508633061.932564]: t: 1508633061.9328399, pt: 1508633061.932564, at: 6.261, n: 133, euler: (0.45814892864851153, 0.08290313946973066, 5.810855578358621), mag: (-28.375, 16.75, -42.5), gyro: (-2.39, 0.0089, 2.0022), accel: (0.68, -2.44, -0.01), linaccel: (-0.05, -0.46, 0.78), quat: (-0.233, -0.0964, 0.2416, 0.9371)
[DEBUG, 1508633061.954008]: t: 1508633061.95429, pt: 1508633061.954008, at: 6.29, n: 134, euler: (-0.001090830782496456, 0.061086523819801536, 5.766131516276266), mag: (-28.375, 16.75, -42.5), gyro: (-1.9422, -0.2589, 1.2533), accel: (1.47, -4.92, 8.78), linaccel: (0.9, 0.14, 0.4), quat: (-0.2601, -0.1024, 0.257, 0.9251)
[DEBUG, 1508633061.985142]: t: 1508633061.985578, pt: 1508633061.985142, at: 6.319, n: 135, euler: (0.5835944686356039, 0.05345070834232634, 5.726861608106394), mag: (-26.0625, 26.1875, -0.0625), gyro: (-2.0989, -0.8211, 1.4456), accel: (-0.44, -2.16, -0.01), linaccel: (-0.96, -0.01, -0.01), quat: (-0.2775, -0.1105, 0.2691, 0.9156)
[DEBUG, 1508633062.016781]: t: 1508633062.0171049, pt: 1508633062.016781, at: 6.347, n: 136, euler: (0.6446809924554054, 0.04908738521234052, 5.681046715241543), mag: (-26.0625, 26.1875, -39.6875), gyro: (-2.0433, -0.6833, 1.2811), accel: (-1.53, -5.62, 7.25), linaccel: (-1.97, 0.42, -0.45), quat: (-0.3039, -0.1213, 0.285, 0.9009)
[DEBUG, 1508633062.047742]: t: 1508633062.0481012, pt: 1508633062.047742, at: 6.375, n: 137, euler: (0.7068583470577035, 0.031634092692397225, 5.650503453331642), mag: (-24.25, 31.375, -0.0625), gyro: (-2.2844, 0.08, -0.0011), accel: (0.12, -5.8, 7.07), linaccel: (-0.25, 0.09, -0.92), quat: (-0.0001, -0.0001, -0.0001, 0.8866)
[DEBUG, 1508633062.07023]: t: 1508633062.070503, pt: 1508633062.07023, at: 6.404, n: 138, euler: (0.7472190860100724, 0.014180800172453928, 5.631959330029202), mag: (-23.25, 37.375, -33.375), gyro: (-1.6044, 0.3144, 1.1978), accel: (0.47, -6.33, 6.25), linaccel: (0.22, 0.21, -0.98), quat: (-0.3579, -0.122, 0.3045, 0.8742)
[DEBUG, 1508633062.102973]: t: 1508633062.103232, pt: 1508633062.102973, at: 6.431, n: 139, euler: (-0.001090830782496456, -0.001090830782496456, 5.602506898901797), mag: (-23.25, 37.375, -33.375), gyro: (-0.83, -0.14, 0.7522), accel: (-1.87, -6.43, 5.62), linaccel: (-1.71, 0.54, -1.25), quat: (-0.3693, -0.1235, 0.3124, 0.8665)
[DEBUG, 1508633062.124494]: t: 1508633062.124789, pt: 1508633062.124494, at: 6.461, n: 140, euler: (0.8050331174823845, -0.014180800172453928, 5.5905077602943365), mag: (-21.375, 41.5, -14.875), gyro: (-0.4289, 0.01, -0.3944), accel: (-2.41, -0.01, -0.01), linaccel: (-2.29, -0.01, -0.01), quat: (-0.373, -0.1266, 0.3104, 0.8652)
[DEBUG, 1508633062.1566021]: t: 1508633062.156883, pt: 1508633062.1566021, at: 6.489, n: 141, euler: (-0.001090830782496456, -0.001090830782496456, 5.6079610528142805), mag: (-5.375, -0.0625, -0.0625), gyro: (-0.2167, 0.2889, -0.7067), accel: (-0.73, -6.18, 5.24), linaccel: (-0.7, 0.94, -1.48), quat: (-0.3749, -0.1276, 0.2996, 0.868)
[DEBUG, 1508633062.178721]: t: 1508633062.17903, pt: 1508633062.178721, at: 6.516, n: 142, euler: (0.8028514559173916, 0.004363323129985824, 5.642867637854167), mag: (-4.6875, -0.0625, -0.0625), gyro: (0.7233, 0.5822, -0.2489), accel: (-0.62, -5.64, 5.04), linaccel: (-0.71, 1.35, -1.82), quat: (-0.0001, -0.0001, -0.0001, 0.8771)
[DEBUG, 1508633062.211295]: t: 1508633062.2115588, pt: 1508633062.211295, at: 6.545, n: 143, euler: (0.7744898555724837, 0.020725784867432664, 5.684319207589032), mag: (-20.6875, 43.25, -30.875), gyro: (1.1878, 0.4044, -1.4156), accel: (-1.65, -6.65, 6.23), linaccel: (-1.68, -0.03, -0.41), quat: (-0.3511, -0.1206, 0.2659, 0.8896)
[DEBUG, 1508633062.244582]: t: 1508633062.244896, pt: 1508633062.244582, at: 6.573, n: 144, euler: (-0.001090830782496456, 0.032724923474893676, 5.721407454193912), mag: (-22.0625, 40.75, -32.6875), gyro: (1.5233, 1.0311, -1.7089), accel: (-0.58, -6.68, 7.26), linaccel: (-0.94, -0.15, -0.03), quat: (-0.3324, -0.1102, 0.2415, 0.905)
[DEBUG, 1508633062.266825]: t: 1508633062.267112, pt: 1508633062.266825, at: 6.602, n: 145, euler: (0.6992225315802283, 0.04036073895236887, 5.782493978013713), mag: (-6.0625, -0.0625, -0.0625), gyro: (1.5789, 1.21, -1.8956), accel: (-0.46, -5.96, 7.42), linaccel: (-0.89, 0.22, -0.17), quat: (-0.3198, -0.1018, 0.2233, 0.9152)
[DEBUG, 1508633062.300451]: t: 1508633062.300817, pt: 1508633062.300451, at: 6.629, n: 146, euler: (0.6479534848028948, 0.0545415391248228, 5.850125486528493), mag: (-25.0625, 37.25, -0.0625), gyro: (1.66, 0.5767, -2.2833), accel: (1.2, -5.74, 7.96), linaccel: (0.57, 0.03, 0.06), quat: (-0.2968, -0.0959, 0.1929, 0.9303)
[DEBUG, 1508633062.332664]: t: 1508633062.333014, pt: 1508633062.332664, at: 6.66, n: 147, euler: (0.5966844380255614, 0.08726646259971647, 5.916666164260777), mag: (-25.0625, 31.25, -36.1875), gyro: (1.6333, -0.0511, -2.3133), accel: (2.51, -4.24, 8.03), linaccel: (1.51, 1.1, -0.01), quat: (-0.0001, -0.0001, -0.0001, 0.9427)
[DEBUG, 1508633062.353934]: t: 1508633062.3542569, pt: 1508633062.353934, at: 6.687, n: 148, euler: (0.545415391248228, 0.12435470920459599, 5.9712077033856), mag: (-25.0625, 31.25, -0.0625), gyro: (1.64, -0.1644, -1.8789), accel: (1.17, -4.02, 8.09), linaccel: (-0.13, 0.87, -0.3), quat: (-0.2461, -0.1065, 0.1417, 0.9529)
[DEBUG, 1508633062.385244]: t: 1508633062.3855429, pt: 1508633062.385244, at: 6.716, n: 149, euler: (0.48432886742842646, 0.136353847812057, 6.021385919380437), mag: (-29.5625, 25.375, -39.375), gyro: (2.0978, -0.0011, -0.0011), accel: (-0.22, -1.24, -0.01), linaccel: (-1.42, 0.85, -0.43), quat: (-0.0128, -0.0001, -0.0001, 0.9648)
[DEBUG, 1508633062.4062479]: t: 1508633062.406537, pt: 1508633062.4062479, at: 6.744, n: 150, euler: (-0.001090830782496456, 0.11671889372712078, 6.059564996767813), mag: (-29.5625, 25.375, -39.375), gyro: (3.4978, 3.0322, -1.68), accel: (0.79, -2.91, 8.59), linaccel: (-0.15, 0.8, -0.01), quat: (-0.1702, -0.0497, 0.0907, 0.98)
[DEBUG, 1508633062.438785]: t: 1508633062.439063, pt: 1508633062.438785, at: 6.771, n: 151, euler: (0.3076142806640006, 0.026179938779914945, 6.114106535892636), mag: (-30.5625, 19.1875, -41.75), gyro: (4.4844, 5.6811, -0.2344), accel: (-0.33, -0.79, -0.01), linaccel: (-0.09, 1.78, 0.03), quat: (-0.1144, 0.0335, 0.076, 0.9899)
[log buffer end]
[BNO055 @ node.py:46][DEBUG] 2017-10-21 20:44:22,439: logging message buffer (len=16494)
[BNO055 @ node.py:44][DEBUG] 2017-10-21 20:44:23,848: [log buffer start]
[DEBUG, 1508633062.471649]: t: 1508633062.471916, pt: 1508633062.471649, at: 6.802, n: 152, euler: (0.18653206380689397, -0.13199052468207118, 6.137013982325061), mag: (-30.5625, 19.1875, -41.75), gyro: (2.8278, 2.9567, -0.6289), accel: (-1.43, -1.49, 12.23), linaccel: (0.11, 0.05, 2.67), quat: (-0.0001, -0.0001, -0.0001, 0.9913)
[DEBUG, 1508633062.493388]: t: 1508633062.493711, pt: 1508633062.493388, at: 6.829, n: 153, euler: (0.13853550937704992, -0.17889624832941878, 6.167557244234962), mag: (-24.375, 8.6875, -15.75), gyro: (1.04, -0.0011, -0.0011), accel: (-1.46, -1.08, 11.57), linaccel: (0.35, 0.21, -0.01), quat: (-0.0718, 0.09, 0.0524, 0.9919)
[DEBUG, 1508633062.526274]: t: 1508633062.526538, pt: 1508633062.526274, at: 6.859, n: 154, euler: (0.13853550937704992, -0.19198621771937624, 6.190464690667388), mag: (-16.0, 0.5, -52.1875), gyro: (0.0222, 0.3078, -0.5778), accel: (-1.3, -0.53, 11.58), linaccel: (0.59, 0.81, 2.06), quat: (-0.0734, 0.0942, -0.0001, 0.9919)
[DEBUG, 1508633062.557481]: t: 1508633062.557736, pt: 1508633062.557481, at: 6.887, n: 155, euler: (0.1505346479845109, -0.20289452554434081, 6.202463829274849), mag: (-16.0, 0.5, -0.0625), gyro: (-0.6133, 0.6011, -0.0011), accel: (-1.11, -0.99, 11.09), linaccel: (0.66, 0.43, 0.19), quat: (-0.083, 0.1017, 0.0398, 0.9905)
[DEBUG, 1508633062.5788329]: t: 1508633062.579042, pt: 1508633062.5788329, at: 6.916, n: 156, euler: (0.17016960206944712, -0.21598449493429828, 6.200282167709855), mag: (-15.5, -0.6875, -52.0625), gyro: (-0.9011, 0.6967, -0.0011), accel: (-2.24, -0.01, -0.01), linaccel: (0.37, 0.04, 0.06), quat: (-0.0957, 0.111, 0.0433, 0.9883)
[DEBUG, 1508633062.611404]: t: 1508633062.611667, pt: 1508633062.611404, at: 6.944, n: 157, euler: (-0.001090830782496456, -0.23452861823673804, 6.193737183014877), mag: (-15.5, -0.6875, -52.0625), gyro: (-0.5367, 0.2756, -0.0511), accel: (-0.52, -1.38, 10.0), linaccel: (1.78, 0.47, 0.65), quat: (-0.1036, 0.1136, 0.0441, 0.9871)
[DEBUG, 1508633062.644119]: t: 1508633062.64435, pt: 1508633062.644119, at: 6.972, n: 158, euler: (-0.001090830782496456, -0.2301652951067522, 6.191555521449884), mag: (-13.0625, -0.0625, -0.0625), gyro: (-0.6889, -0.7211, 0.0722), accel: (-1.37, -1.35, 9.69), linaccel: (0.8, 0.66, 0.35), quat: (-0.1093, 0.1077, 0.0458, 0.9871)
[DEBUG, 1508633062.666456]: t: 1508633062.6667461, pt: 1508633062.666456, at: 7.001, n: 159, euler: (0.22689280275926285, -0.2083486794568231, 6.180647213624919), mag: (-13.0625, 1.5, -51.5625), gyro: (-0.8878, -0.9233, 0.3067), accel: (-1.67, -2.47, 9.65), linaccel: (0.28, -0.25, 0.31), quat: (-0.1198, 0.095, 0.0529, 0.9868)
[DEBUG, 1508633062.698196]: t: 1508633062.698561, pt: 1508633062.698196, at: 7.028, n: 160, euler: (0.23671027980173096, -0.18762289458939044, 6.159921428757487), mag: (-13.6875, -0.0625, -0.0625), gyro: (-0.3356, -0.9244, 0.7678), accel: (-1.36, -1.9, 9.15), linaccel: (0.41, 0.4, -0.21), quat: (-0.0154, -0.0001, -0.0001, 0.9865)
[DEBUG, 1508633062.720004]: t: 1508633062.720277, pt: 1508633062.720004, at: 7.057, n: 161, euler: (0.24870941840919197, -0.17671458676442586, 6.1381048131075575), mag: (-15.1875, 4.0625, -51.0625), gyro: (0.2422, 0.1622, -0.2978), accel: (-3.91, 0.38, 7.78), linaccel: (-0.13, 0.71, -0.32), quat: (-0.126, 0.0862, 0.0668, 0.986)
[DEBUG, 1508633062.7525032]: t: 1508633062.752888, pt: 1508633062.7525032, at: 7.085, n: 162, euler: (0.24434609527920614, -0.1930770485018727, 6.144649797802536), mag: (-15.1875, 4.0625, -51.0625), gyro: (-0.2678, 0.5811, -0.0011), accel: (-1.61, -0.3, 9.96), linaccel: (0.73, 0.67, 0.41), quat: (-0.1306, 0.0939, 0.0739, 0.9842)
[DEBUG, 1508633062.785145]: t: 1508633062.78545, pt: 1508633062.785145, at: 7.114, n: 163, euler: (0.25743606466916363, -0.20616701789183017, 6.1250148437176), mag: (-14.0625, 5.5625, -51.875), gyro: (-0.92, -0.24, 0.7233), accel: (-2.13, -0.01, -0.01), linaccel: (-0.12, 2.11, 0.81), quat: (-0.1433, 0.0899, 0.0869, 0.9818)
[DEBUG, 1508633062.806576]: t: 1508633062.8068511, pt: 1508633062.806576, at: 7.143, n: 164, euler: (0.28579766501407144, -0.19416787928436915, 6.089017427895217), mag: (-14.0625, 5.5625, -51.875), gyro: (-1.8022, -1.54, 1.8244), accel: (-2.12, -3.3, 9.23), linaccel: (-0.31, -0.45, 0.02), quat: (-0.1563, 0.0776, 0.1054, 0.979)
[DEBUG, 1508633062.839294]: t: 1508633062.8395772, pt: 1508633062.839294, at: 7.172, n: 165, euler: (0.3272492347489368, -0.17016960206944712, 6.0202950885979405), mag: (-12.875, -0.0625, -0.0625), gyro: (-1.4656, -1.6778, 1.9633), accel: (-1.32, -3.41, 8.58), linaccel: (0.25, -0.01, -0.01), quat: (-0.0001, -0.0001, -0.0001, 0.9727)
[DEBUG, 1508633062.871992]: t: 1508633062.872352, pt: 1508633062.871992, at: 7.2, n: 166, euler: (0.35124751196385884, -0.14726215563702155, 5.958117733995643), mag: (-12.875, 8.5625, -51.875), gyro: (-1.0489, -1.1944, 1.7733), accel: (0.07, -2.93, 9.85), linaccel: (1.5, 0.5, 0.78), quat: (-0.1888, 0.0428, 0.1687, 0.9665)
[DEBUG, 1508633062.8945851]: t: 1508633062.894881, pt: 1508633062.8945851, at: 7.227, n: 167, euler: (0.3741549583962844, -0.14726215563702155, 5.915575333478281), mag: (-15.1875, 13.0625, -49.25), gyro: (-0.2411, -0.0011, -0.0011), accel: (0.56, -0.01, -0.01), linaccel: (1.97, 0.6, 1.59), quat: (-0.2054, 0.0374, 0.2006, 0.9572)
[DEBUG, 1508633062.92731]: t: 1508633062.927598, pt: 1508633062.92731, at: 7.256, n: 168, euler: (0.4014257279586958, -0.15817046346198613, 5.844671332616011), mag: (-15.1875, 13.0625, -49.25), gyro: (-1.6644, -0.5289, 2.5133), accel: (-0.51, -3.4, 10.59), linaccel: (1.07, 0.49, 1.73), quat: (-0.2247, 0.033, 0.2367, 0.9446)
[DEBUG, 1508633062.949003]: t: 1508633062.9493618, pt: 1508633062.949003, at: 7.283, n: 169, euler: (0.44178646691106466, -0.17562375598192942, 5.7639498547112735), mag: (-15.75, -0.0625, -0.0625), gyro: (-2.2422, -0.1844, 2.61), accel: (-2.87, -4.37, 9.74), linaccel: (-1.06, -0.01, -0.01), quat: (-0.0001, -0.0001, -0.0001, 0.9338)
[DEBUG, 1508633062.981317]: t: 1508633062.981631, pt: 1508633062.981317, at: 7.311, n: 170, euler: (0.5050546522958591, -0.20943951023931956, 5.685410038371528), mag: (-14.75, 23.5, -46.5), gyro: (-2.9711, 0.27, 2.4467), accel: (-3.59, -4.44, 7.92), linaccel: (-1.41, 0.4, -0.31), quat: (-0.0155, -0.0001, -0.0001, 0.913)
[DEBUG, 1508633063.003774]: t: 1508633063.004341, pt: 1508633063.003774, at: 7.339, n: 171, euler: (0.5868669609830933, -0.2585268954516601, 5.618869360639245), mag: (-14.75, 23.5, -46.5), gyro: (-0.2644, -0.0011, -0.0011), accel: (-1.06, -0.01, -0.01), linaccel: (-0.95, 0.66, -1.28), quat: (-0.3228, 0.0374, 0.3157, 0.8915)
[DEBUG, 1508633063.037057]: t: 1508633063.0373209, pt: 1508633063.037057, at: 7.366, n: 172, euler: (0.6283185307179586, -0.28361600344907856, 5.588326098729344), mag: (-10.5, 31.375, -43.6875), gyro: (-1.6811, 0.0867, 1.0689), accel: (-0.77, -0.01, -0.01), linaccel: (-0.51, -0.33, -0.22), quat: (-0.3454, 0.0361, 0.3302, 0.8777)
[DEBUG, 1508633063.057729]: t: 1508633063.058018, pt: 1508633063.057729, at: 7.395, n: 173, euler: (-0.001090830782496456, -0.001090830782496456, 5.5490561905594715), mag: (-10.5, 31.375, -43.6875), gyro: (-1.7767, -0.1733, 1.1267), accel: (-3.08, -5.32, 6.46), linaccel: (-0.13, 0.56, -0.79), quat: (-0.3659, 0.0314, 0.3458, 0.8635)
[DEBUG, 1508633063.0910149]: t: 1508633063.0913138, pt: 1508633063.0910149, at: 7.424, n: 174, euler: (-0.001090830782496456, -0.001090830782496456, 5.505422959259613), mag: (-5.5625, -0.0625, -0.0625), gyro: (-1.8222, -0.05, 1.2144), accel: (-3.76, -5.49, 4.76), linaccel: (-0.62, 0.65, -2.19), quat: (-0.0001, -0.0001, -0.0001, 0.8533)
[DEBUG, 1508633063.121968]: t: 1508633063.122236, pt: 1508633063.121968, at: 7.451, n: 175, euler: (0.7374016089676042, -0.33597588100890846, 5.467243881872237), mag: (-5.5625, 38.1875, -40.5), gyro: (-0.8378, -0.2678, 0.8978), accel: (-4.8, -5.67, 4.23), linaccel: (-1.56, 0.55, -2.61), quat: (-0.3876, 0.0261, 0.3692, 0.8442)
[DEBUG, 1508633063.144473]: t: 1508633063.144768, pt: 1508633063.144473, at: 7.479, n: 176, euler: (0.7341291166201148, -0.3327033886614191, 5.4519722509172865), mag: (-4.6875, 42.0, -37.75), gyro: (0.6189, -0.7667, 0.0011), accel: (-5.3, -0.67, -0.01), linaccel: (-2.61, 0.77, -3.24), quat: (-0.0001, -0.0001, -0.0001, 0.8483)
[DEBUG, 1508633063.1776829]: t: 1508633063.178153, pt: 1508633063.1776829, at: 7.508, n: 177, euler: (0.6970408700152354, -0.3119776037939864, 5.465062220307244), mag: (-3.25, 43.375, -36.5625), gyro: (2.3811, 0.2233, -1.18), accel: (-4.76, -4.7, 5.85), linaccel: (-1.8, 1.16, -1.42), quat: (-0.3506, 0.0283, -0.0001, 0.8652)
[DEBUG, 1508633063.2099578]: t: 1508633063.210288, pt: 1508633063.2099578, at: 7.536, n: 178, euler: (-0.001090830782496456, -0.001090830782496456, 5.5196037594320675), mag: (-3.25, 43.375, -36.5625), gyro: (1.7322, 1.5533, -1.4656), accel: (-5.4, -2.22, -0.01), linaccel: (-2.41, -0.01, -0.01), quat: (-0.3364, 0.0489, 0.3303, 0.8805)
[DEBUG, 1508633063.231422]: t: 1508633063.2316868, pt: 1508633063.231422, at: 7.564, n: 179, euler: (0.6185010536754906, -0.3174317577064687, 5.591598591076833), mag: (-5.25, 39.5625, -41.5), gyro: (2.2, 2.0378, -2.04), accel: (-5.58, -4.07, 6.26), linaccel: (-2.47, -0.01, -0.01), quat: (-0.0134, -0.0001, -0.0001, 0.8919)
[DEBUG, 1508633063.263594]: t: 1508633063.263783, pt: 1508633063.263594, at: 7.591, n: 180, euler: (0.5792311455056182, -0.33161255787892263, 5.682137546024039), mag: (-5.25, -0.0625, -0.0625), gyro: (2.5489, 2.0922, -0.2256), accel: (-5.11, -3.99, 8.13), linaccel: (-1.87, 0.95, 0.31), quat: (-0.3044, 0.0927, 0.2656, 0.91)
[DEBUG, 1508633063.285811]: t: 1508633063.286151, pt: 1508633063.285811, at: 7.619, n: 181, euler: (0.5475970528132209, -0.3392483733563978, 5.749769054538819), mag: (-4.875, 35.75, -43.0), gyro: (2.9867, -0.0011, -0.0011), accel: (-2.37, -0.01, -0.01), linaccel: (0.89, 0.76, 2.92), quat: (-0.2789, 0.1176, 0.2155, 0.9284)
[DEBUG, 1508633063.319493]: t: 1508633063.3198001, pt: 1508633063.319493, at: 7.648, n: 182, euler: (-0.001090830782496456, -0.001090830782496456, 5.862124625135954), mag: (-4.875, 35.75, -43.0), gyro: (1.9089, 1.1133, -2.8144), accel: (-2.83, -4.85, 11.04), linaccel: (0.42, -0.4, 2.94), quat: (-0.2606, 0.1261, 0.1697, 0.942)
[DEBUG, 1508633063.341604]: t: 1508633063.341862, pt: 1508633063.341604, at: 7.674, n: 183, euler: (-0.001090830782496456, -0.001090830782496456, 5.955936072430649), mag: (-5.25, -0.0625, -0.0625), gyro: (1.69, 0.1789, -3.1022), accel: (-4.72, -3.41, 7.13), linaccel: (-1.74, 0.89, -0.01), quat: (-0.0148, -0.0001, -0.0001, 0.9503)
[DEBUG, 1508633063.374702]: t: 1508633063.375166, pt: 1508633063.374702, at: 7.703, n: 184, euler: (0.4657847441259867, -0.2912518189265537, 6.0617466583328055), mag: (-5.25, 26.875, -48.5625), gyro: (1.6511, 0.9544, -3.4378), accel: (-2.9, -3.3, 7.59), linaccel: (0.0, 1.13, -0.17), quat: (-0.2336, 0.1293, 0.0897, 0.9595)
[DEBUG, 1508633063.3970208]: t: 1508633063.397326, pt: 1508633063.3970208, at: 7.73, n: 185, euler: (0.4559672670835186, -0.2977968036215325, 6.12828733606509), mag: (-7.5625, 21.5625, -48.1875), gyro: (1.3767, 1.8122, -2.7567), accel: (-1.44, -2.86, 9.0), linaccel: (1.56, 1.42, 1.31), quat: (-0.0001, -0.0001, -0.0001, 0.9634)
[DEBUG, 1508633063.430641]: t: 1508633063.4310908, pt: 1508633063.430641, at: 7.759, n: 186, euler: (0.4385139745635753, -0.3043417883165112, 6.221007952577288), mag: (-9.0, 17.1875, -50.1875), gyro: (1.6367, 0.8233, -2.2522), accel: (-1.04, -2.74, 10.39), linaccel: (1.8, 0.67, 2.95), quat: (-0.2029, 0.1507, 0.0068, 0.9675)
[DEBUG, 1508633063.452238]: t: 1508633063.452518, pt: 1508633063.452238, at: 7.788, n: 187, euler: (-0.001090830782496456, -0.001090830782496456, 0.00545415391248228), mag: (-9.0, 17.1875, -50.1875), gyro: (1.3022, -0.1444, -1.6156), accel: (-1.37, -0.96, -0.01), linaccel: (1.38, 0.16, 3.75), quat: (-0.1897, 0.1445, -0.0177, 0.9709)
[DEBUG, 1508633063.485416]: t: 1508633063.4856782, pt: 1508633063.485416, at: 7.817, n: 188, euler: (0.40033489717619936, -0.2694352032766246, 0.04690572364734761), mag: (-9.25, 10.875, -0.0625), gyro: (-0.5167, -0.5244, -0.9511), accel: (-1.77, -1.27, -0.01), linaccel: (0.76, -0.01, -0.01), quat: (-0.1934, 0.1384, -0.0265, 0.9709)
[DEBUG, 1508633063.5180779]: t: 1508633063.518347, pt: 1508633063.5180779, at: 7.845, n: 189, euler: (-0.001090830782496456, -0.2399827721492203, 0.05781403147231216), mag: (-9.25, 10.875, -0.0625), gyro: (-2.6944, -1.1667, -0.2344), accel: (-2.27, -4.52, 10.94), linaccel: (-0.03, -0.26, 2.39), quat: (-0.2213, 0.1238, -0.0263, 0.9669)
[DEBUG, 1508633063.540585]: t: 1508633063.540829, pt: 1508633063.540585, at: 7.873, n: 190, euler: (0.5290529295107811, -0.20725784867432664, 0.04145156973486533), mag: (-10.5, 10.25, -0.0625), gyro: (-4.0422, -1.3333, -0.0478), accel: (-2.24, -5.21, 10.33), linaccel: (-0.32, 0.01, -0.01), quat: (-0.2772, 0.107, -0.0001, 0.9547)
[DEBUG, 1508633063.573447]: t: 1508633063.573914, pt: 1508633063.573447, at: 7.904, n: 191, euler: (0.6861325621902709, -0.18980455615438332, 0.022907446432425576), mag: (-10.5, 10.25, -52.0625), gyro: (-6.2589, 0.2344, -0.2633), accel: (-1.24, -6.56, 10.19), linaccel: (0.64, 0.0, 3.16), quat: (-0.3603, 0.1078, -0.0106, 0.9265)
[DEBUG, 1508633063.595885]: t: 1508633063.596169, pt: 1508633063.595885, at: 7.93, n: 192, euler: (0.8170322560898455, -0.19416787928436915, 0.02399827721492203), mag: (-14.75, 18.1875, -48.5), gyro: (-0.2178, -0.0011, -0.0011), accel: (-0.12, -1.16, -0.01), linaccel: (1.54, 3.13, 1.25), quat: (-0.4489, 0.1141, -0.0136, 0.8862)
[DEBUG, 1508633063.628942]: t: 1508633063.62916, pt: 1508633063.628942, at: 7.959, n: 193, euler: (1.0177451200691934, -0.18544123302439752, 0.0272707695624114), mag: (-14.75, 18.1875, -48.5), gyro: (-6.9111, -0.33, -0.5344), accel: (-0.74, -6.18, 6.39), linaccel: (1.0, 2.34, 1.88), quat: (-0.5357, 0.1074, -0.0071, 0.8375)
[DEBUG, 1508633063.651242]: t: 1508633063.651498, pt: 1508633063.651242, at: 7.986, n: 194, euler: (1.2162763224835484, -0.16689710972195776, 0.01090830782496456), mag: (-13.25, -0.0625, -0.0625), gyro: (-6.3722, -0.0833, -0.7), accel: (-1.25, -7.53, 2.85), linaccel: (0.31, -0.01, -0.01), quat: (-0.589, 0.1027, -0.0001, 0.8016)
[DEBUG, 1508633063.6840599]: t: 1508633063.6843379, pt: 1508633063.6840599, at: 8.015, n: 195, euler: (1.3744467859455345, -0.1341721862470641, 0.011999138607461015), mag: (-14.75, 45.1875, -30.375), gyro: (-4.93, -0.8722, -1.3078), accel: (-1.76, -7.26, 0.22), linaccel: (-0.58, 2.35, -0.01), quat: (-0.0001, -0.0001, -0.0001, 0.7582)
[DEBUG, 1508633063.7059]: t: 1508633063.7062368, pt: 1508633063.7059, at: 8.043, n: 196, euler: (1.507528141410102, -0.09599310885968812, 0.006544984694978736), mag: (-14.75, -0.0625, -0.0625), gyro: (-0.26, -0.0011, -0.0011), accel: (-2.84, -6.95, -1.96), linaccel: (-1.52, 2.45, -2.43), quat: (-0.6983, 0.0618, -0.0023, 0.7131)
[DEBUG, 1508633063.738424]: t: 1508633063.73873, pt: 1508633063.738424, at: 8.071, n: 197, euler: (1.6002487579223008, -0.07417649320975901, 0.00545415391248228), mag: (-16.25, 51.25, -18.75), gyro: (-0.0989, -0.0011, -0.0011), accel: (-1.95, -0.01, -0.01), linaccel: (-1.29, 1.4, -1.86), quat: (-0.7524, 0.0483, -0.002, 0.657)
[DEBUG, 1508633063.77189]: t: 1508633063.772167, pt: 1508633063.77189, at: 8.099, n: 198, euler: (-0.001090830782496456, -0.001090830782496456, 0.008726646259971648), mag: (-16.25, 51.25, -18.75), gyro: (-5.2367, -0.1511, -1.0711), accel: (-0.51, -9.52, -3.87), linaccel: (-0.09, -0.01, -1.53), quat: (-0.7994, 0.0352, -0.0051, 0.5998)
[DEBUG, 1508633063.793705]: t: 1508633063.794034, pt: 1508633063.793705, at: 8.127, n: 199, euler: (-0.001090830782496456, -0.001090830782496456, 0.018544123302439753), mag: (-18.5, 53.6875, -0.0625), gyro: (-3.07, -0.6767, -1.2167), accel: (-0.28, -8.6, -4.93), linaccel: (-0.12, 0.6, -1.57), quat: (-0.0001, -0.0001, -0.0001, 0.5732)
[DEBUG, 1508633063.826943]: t: 1508633063.8271308, pt: 1508633063.826943, at: 8.156, n: 200, euler: (1.959132085363635, 0.0, 0.02399827721492203), mag: (-18.5, 53.6875, -7.5625), gyro: (-1.8278, -0.6311, -1.07), accel: (0.18, -7.76, -5.72), linaccel: (0.11, 1.26, -1.89), quat: (-0.8336, 0.0053, -0.0073, 0.5523)
[DEBUG, 1508633063.848076]: t: 1508633063.848381, pt: 1508633063.848076, at: 8.182, n: 201, euler: (1.96676790084111, 0.013089969389957472, 0.0272707695624114), mag: (-21.875, 52.5625, 3.1875), gyro: (0.6644, -0.2389, -0.0011), accel: (-0.05, -2.48, -0.01), linaccel: (-0.41, 1.68, -3.08), quat: (-0.8283, -0.0003, -0.0077, 0.5602)
[log buffer end]
[BNO055 @ node.py:46][DEBUG] 2017-10-21 20:44:23,848: logging message buffer (len=16502)
[BNO055 @ arduino.py:180][INFO] 2017-10-21 20:44:24,054: found 106 packets in 3s (avg=35.3 packets/sec). 209 received in total (avg=34.7 packets/sec)
[BNO055 @ node.py:44][DEBUG] 2017-10-21 20:44:25,357: [log buffer start]
[DEBUG, 1508633063.8807318]: t: 1508633063.880976, pt: 1508633063.8807318, at: 8.212, n: 202, euler: (1.9264071618887413, 0.009817477042468103, 0.0272707695624114), mag: (-24.5, 50.25, 5.75), gyro: (3.6889, 0.7311, 0.6733), accel: (0.17, -8.17, -5.22), linaccel: (0.1, 1.13, -2.13), quat: (-0.7982, 0.0125, -0.0104, 0.6021)
[DEBUG, 1508633063.902213]: t: 1508633063.902687, pt: 1508633063.902213, at: 8.24, n: 203, euler: (-0.001090830782496456, -0.001090830782496456, 0.03599741582238305), mag: (-24.5, 50.25, 5.75), gyro: (5.3967, 0.8122, 1.1856), accel: (0.09, -0.01, -0.01), linaccel: (0.24, -0.01, -0.01), quat: (-0.7495, 0.032, -0.011, 0.6611)
[DEBUG, 1508633063.934958]: t: 1508633063.935277, pt: 1508633063.934958, at: 8.267, n: 204, euler: (1.6406094968746698, -0.037088246604879506, 0.032724923474893676), mag: (-22.75, 52.25, -2.25), gyro: (5.8678, 0.9611, 1.3289), accel: (2.15, -7.41, -2.17), linaccel: (2.65, -0.01, -0.01), quat: (-0.0001, -0.0001, -0.0001, 0.7028)
[DEBUG, 1508633063.968065]: t: 1508633063.9682581, pt: 1508633063.968065, at: 8.295, n: 205, euler: (1.4508049407202865, -0.08290313946973066, 0.009817477042468103), mag: (-6.75, -0.0625, -0.0625), gyro: (7.1322, -0.0011, -0.0011), accel: (-1.34, -7.08, 0.48), linaccel: (-0.52, 2.71, -0.46), quat: (-0.6358, 0.0649, -0.0002, 0.7692)
[DEBUG, 1508633063.9901671]: t: 1508633063.990407, pt: 1508633063.9901671, at: 8.323, n: 206, euler: (1.3199052468207118, -0.11453723216212788, 6.2766403224846075), mag: (-20.0625, 52.25, -16.75), gyro: (6.6467, 0.6256, 1.56), accel: (-1.35, -6.76, 2.49), linaccel: (-0.55, 3.35, -0.44), quat: (-0.0118, -0.0001, -0.0001, 0.825)
[DEBUG, 1508633064.021781]: t: 1508633064.022063, pt: 1508633064.021781, at: 8.352, n: 207, euler: (1.1344640137963142, -0.16471544815696484, 6.26682284544214), mag: (-20.0625, 52.25, -16.75), gyro: (6.9722, 0.7378, 1.4256), accel: (-2.2, -6.13, 5.19), linaccel: (-0.44, 2.32, 0.54), quat: (-0.4731, 0.1053, 0.0086, 0.8746)
[DEBUG, 1508633064.054253]: t: 1508633064.055291, pt: 1508633064.054253, at: 8.381, n: 208, euler: (0.9337511498169663, -0.20507618710933373, 6.259187029964664), mag: (-15.6875, 46.5625, -30.6875), gyro: (6.0844, 0.0589, 1.2889), accel: (-0.71, -0.01, -0.01), linaccel: (-1.17, -0.01, -0.01), quat: (-0.3939, 0.1161, 0.0145, 0.9117)
[DEBUG, 1508633064.075989]: t: 1508633064.0761569, pt: 1508633064.075989, at: 8.409, n: 209, euler: (0.7755806863549802, -0.23452861823673804, 6.2482787221397), mag: (-15.6875, 46.5625, -30.6875), gyro: (4.4722, 0.5456, 0.8067), accel: (-3.84, -5.95, 8.48), linaccel: (-1.48, 0.4, 1.41), quat: (-0.3521, 0.1242, 0.0158, 0.9276)
[DEBUG, 1508633064.1084008]: t: 1508633064.108653, pt: 1508633064.1084008, at: 8.436, n: 210, euler: (0.6457718232379019, -0.26070855701665296, 6.250460383704692), mag: (-11.25, 36.0625, -42.5), gyro: (4.56, -0.0011, -0.0011), accel: (-2.89, -4.06, 7.87), linaccel: (-0.29, 1.29, 0.08), quat: (-0.2904, 0.1358, -0.0001, 0.9471)
[DEBUG, 1508633064.13068]: t: 1508633064.1309829, pt: 1508633064.13068, at: 8.466, n: 211, euler: (0.5115996369908379, -0.27598018797160334, 6.253732876052182), mag: (-9.5625, 24.875, -48.75), gyro: (4.6989, -0.0622, 0.6856), accel: (-2.74, -2.8, 8.01), linaccel: (-0.04, 1.42, -0.4), quat: (-0.0001, -0.0001, -0.0001, 0.9641)
[DEBUG, 1508633064.16315]: t: 1508633064.1633348, pt: 1508633064.16315, at: 8.494, n: 212, euler: (0.4188790204786391, -0.28034351110158917, 6.252642045269686), mag: (-9.5625, 24.875, -48.75), gyro: (4.47, -0.0011, -0.0011), accel: (-2.17, -0.01, -0.01), linaccel: (0.41, 0.76, 0.04), quat: (-0.1619, 0.1415, 0.0175, 0.9764)
[DEBUG, 1508633064.185573]: t: 1508633064.1858702, pt: 1508633064.185573, at: 8.521, n: 213, euler: (0.28688849579656794, -0.2879793265790644, 6.241733737444721), mag: (-8.375, 13.25, -51.5625), gyro: (3.9722, -0.1544, 1.05), accel: (-2.5, -0.01, -0.01), linaccel: (0.29, 0.98, -0.01), quat: (-0.1044, 0.1423, 0.0242, 0.984)
[DEBUG, 1508633064.217859]: t: 1508633064.218273, pt: 1508633064.217859, at: 8.549, n: 214, euler: (-0.001090830782496456, -0.001090830782496456, 6.22973459883726), mag: (-8.375, 13.25, -0.0625), gyro: (2.7422, -0.76, 0.9922), accel: (-1.7, -0.94, 12.47), linaccel: (1.0, 0.42, 3.15), quat: (-0.0749, 0.138, 0.0291, 0.9872)
[DEBUG, 1508633064.2495208]: t: 1508633064.249726, pt: 1508633064.2495208, at: 8.577, n: 215, euler: (0.09708393964218458, -0.2617993877991494, 6.206827152404834), mag: (-8.375, 0.0625, -0.0625), gyro: (2.0133, -0.2622, -0.0011), accel: (-2.36, -0.19, 10.04), linaccel: (0.09, 0.56, 0.58), quat: (-0.0133, -0.0001, -0.0001, 0.9903)
[DEBUG, 1508633064.271235]: t: 1508633064.271551, pt: 1508633064.271235, at: 8.605, n: 216, euler: (0.05999569303730508, -0.2378011105842274, 6.1850105367549055), mag: (-8.375, 0.0625, -53.6875), gyro: (0.6589, -0.8456, 0.7822), accel: (-2.11, 0.0, 9.65), linaccel: (-0.34, 0.53, 0.22), quat: (-0.033, 0.1141, 0.0517, 0.9916)
[DEBUG, 1508633064.303235]: t: 1508633064.3036091, pt: 1508633064.303235, at: 8.633, n: 217, euler: (-0.001090830782496456, -0.22689280275926285, 6.173011398147445), mag: (-9.6875, -5.5, -52.25), gyro: (-0.33, -0.4278, 0.4356), accel: (-2.24, -0.01, -0.01), linaccel: (-0.06, -0.18, -0.77), quat: (-0.0354, 0.1083, 0.0591, 0.9917)
[DEBUG, 1508633064.3249831]: t: 1508633064.3252218, pt: 1508633064.3249831, at: 8.662, n: 218, euler: (0.06326818538479445, -0.22252947962927702, 6.15883059797499), mag: (-9.6875, -5.5, -0.0625), gyro: (-1.1422, 0.4944, 0.5056), accel: (-2.14, -0.22, 8.62), linaccel: (0.08, 0.48, -0.89), quat: (-0.0125, -0.0001, -0.0001, 0.9907)
[DEBUG, 1508633064.357555]: t: 1508633064.357813, pt: 1508633064.357555, at: 8.688, n: 219, euler: (0.09926560120717749, -0.23452861823673804, 6.135923151542565), mag: (-11.5, -8.75, -6.375), gyro: (-0.25, -0.0011, -0.0011), accel: (-2.58, -0.57, 9.54), linaccel: (-0.3, 0.54, 0.07), quat: (-0.0001, -0.0001, -0.0001, 0.9884)
[DEBUG, 1508633064.3899882]: t: 1508633064.390408, pt: 1508633064.3899882, at: 8.717, n: 220, euler: (-0.001090830782496456, -0.24216443371421323, 6.110834043545147), mag: (-11.0625, -5.0, -53.6875), gyro: (-0.8544, 0.6144, 0.4644), accel: (-1.53, -0.46, 9.2), linaccel: (0.34, 1.01, -0.08), quat: (-0.0001, -0.0001, -0.0001, 0.9858)
[DEBUG, 1508633064.412371]: t: 1508633064.4129422, pt: 1508633064.412371, at: 8.744, n: 221, euler: (0.13962634015954636, -0.2716168648416175, 6.111924874327642), mag: (-11.0625, -5.0, -53.6875), gyro: (0.2011, -0.0011, -0.0011), accel: (-2.65, -1.0, -0.01), linaccel: (0.24, -0.28, 0.88), quat: (-0.0772, 0.1436, 0.0834, 0.9831)
[DEBUG, 1508633064.445834]: t: 1508633064.446163, pt: 1508633064.445834, at: 8.772, n: 222, euler: (0.13199052468207118, -0.3141592653589793, 6.113015705110139), mag: (-10.375, -2.375, -53.25), gyro: (-0.1878, 1.3789, 0.3378), accel: (-0.85, -0.01, -0.01), linaccel: (-0.25, 0.79, -0.01), quat: (-0.0775, 0.1655, 0.0854, 0.9794)
[DEBUG, 1508633064.468142]: t: 1508633064.468383, pt: 1508633064.468142, at: 8.801, n: 223, euler: (-0.001090830782496456, -0.001090830782496456, 6.107561551197657), mag: (-10.375, -2.375, -5.25), gyro: (0.92, 2.2233, 0.2878), accel: (-3.34, -0.61, 9.38), linaccel: (0.32, 0.45, 0.34), quat: (-0.0721, 0.1853, 0.0856, 0.9763)
[DEBUG, 1508633064.5012858]: t: 1508633064.501575, pt: 1508633064.5012858, at: 8.828, n: 224, euler: (0.10035643198967395, -0.39706240482870997, 6.111924874327642), mag: (-7.6875, -0.0625, -0.0625), gyro: (0.5111, -0.2267, -0.0011), accel: (-6.37, 1.64, 7.32), linaccel: (-2.85, 2.56, -1.78), quat: (-0.0001, -0.0001, -0.0001, 0.9785)
[DEBUG, 1508633064.522806]: t: 1508633064.523127, pt: 1508633064.522806, at: 8.857, n: 225, euler: (0.10253809355466686, -0.2977968036215325, 6.1173790282401255), mag: (-7.6875, -2.375, -54.5), gyro: (-0.1956, -3.7211, -0.3622), accel: (-5.12, 0.54, 7.78), linaccel: (-0.23, 1.53, 0.79), quat: (-0.0618, 0.1269, 0.0813, 0.9866)
[DEBUG, 1508633064.55535]: t: 1508633064.555598, pt: 1508633064.55535, at: 8.884, n: 226, euler: (-0.001090830782496456, -0.2279836335417593, 6.116288197457629), mag: (-2.375, -3.5, -53.25), gyro: (-0.0011, -0.0011, -0.0011), accel: (-0.01, -0.01, -0.01), linaccel: (-0.01, -0.01, -0.01), quat: (-0.0001, -0.0001, -0.0001, -0.0001)
[DEBUG, 1508633064.576673]: t: 1508633064.5769799, pt: 1508633064.576673, at: 8.911, n: 227, euler: (-0.001090830782496456, -0.001090830782496456, -0.001090830782496456), mag: (-0.0625, -0.0625, -0.0625), gyro: (-0.0011, -0.0011, -0.0011), accel: (-0.01, -0.01, -0.01), linaccel: (-0.01, -0.01, -0.01), quat: (-0.0001, -0.0001, -0.0001, -0.0001)
[DEBUG, 1508633064.5990012]: t: 1508633064.599356, pt: 1508633064.5990012, at: 8.934, n: 228, euler: (-0.001090830782496456, -0.001090830782496456, -0.001090830782496456), mag: (-0.0625, -0.0625, -0.0625), gyro: (-0.0011, -0.0011, -0.0011), accel: (-0.01, -0.01, -0.01), linaccel: (-0.01, -0.01, -0.01), quat: (-0.0001, -0.0001, -0.0001, -0.0001)
[DEBUG, 1508633064.620393]: t: 1508633064.6206799, pt: 1508633064.620393, at: 8.956, n: 229, euler: (-0.001090830782496456, -0.001090830782496456, -0.001090830782496456), mag: (-0.0625, -0.0625, -0.0625), gyro: (-0.0011, -0.0011, -0.0011), accel: (-0.01, -0.01, -0.01), linaccel: (-0.01, -0.01, -0.01), quat: (-0.0001, -0.0001, -0.0001, -0.0001)
[DEBUG, 1508633064.641548]: t: 1508633064.641973, pt: 1508633064.641548, at: 8.979, n: 230, euler: (-0.001090830782496456, -0.001090830782496456, -0.001090830782496456), mag: (-0.0625, -0.0625, -0.0625), gyro: (-0.0011, -0.0011, -0.0011), accel: (-0.01, -0.01, -0.01), linaccel: (-0.01, -0.01, -0.01), quat: (-0.0001, -0.0001, -0.0001, -0.0001)
[DEBUG, 1508633064.6631]: t: 1508633064.663414, pt: 1508633064.6631, at: 9.001, n: 231, euler: (-0.001090830782496456, -0.001090830782496456, -0.001090830782496456), mag: (-0.0625, -0.0625, -0.0625), gyro: (-0.0011, -0.0011, -0.0011), accel: (-0.01, -0.01, -0.01), linaccel: (-0.01, -0.01, -0.01), quat: (-0.0001, -0.0001, -0.0001, -0.0001)
[DEBUG, 1508633064.694858]: t: 1508633064.695198, pt: 1508633064.694858, at: 9.024, n: 232, euler: (-0.001090830782496456, -0.001090830782496456, -0.001090830782496456), mag: (-0.0625, -0.0625, -0.0625), gyro: (-0.0011, -0.0011, -0.0011), accel: (-0.01, -0.01, -0.01), linaccel: (-0.01, -0.01, -0.01), quat: (-0.0001, -0.0001, -0.0001, -0.0001)
[DEBUG, 1508633064.715361]: t: 1508633064.7156138, pt: 1508633064.715361, at: 9.047, n: 233, euler: (-0.001090830782496456, -0.001090830782496456, -0.001090830782496456), mag: (-0.0625, -0.0625, -0.0625), gyro: (-0.0011, -0.0011, -0.0011), accel: (-0.01, -0.01, -0.01), linaccel: (-0.01, -0.01, -0.01), quat: (-0.0001, -0.0001, -0.0001, -0.0001)
[DEBUG, 1508633064.7358642]: t: 1508633064.736099, pt: 1508633064.7358642, at: 9.069, n: 234, euler: (-0.001090830782496456, -0.001090830782496456, -0.001090830782496456), mag: (-0.0625, -0.0625, -0.0625), gyro: (-0.0011, -0.0011, -0.0011), accel: (-0.01, -0.01, -0.01), linaccel: (-0.01, -0.01, -0.01), quat: (-0.0001, -0.0001, -0.0001, -0.0001)
[DEBUG, 1508633064.756381]: t: 1508633064.756694, pt: 1508633064.756381, at: 9.092, n: 235, euler: (-0.001090830782496456, -0.001090830782496456, -0.001090830782496456), mag: (-0.0625, -0.0625, -0.0625), gyro: (-0.0011, -0.0011, -0.0011), accel: (-0.01, -0.01, -0.01), linaccel: (-0.01, -0.01, -0.01), quat: (-0.0001, -0.0001, -0.0001, -0.0001)
[DEBUG, 1508633064.7776031]: t: 1508633064.7778492, pt: 1508633064.7776031, at: 9.115, n: 236, euler: (-0.001090830782496456, -0.001090830782496456, -0.001090830782496456), mag: (-0.0625, -0.0625, -0.0625), gyro: (-0.0011, -0.0011, -0.0011), accel: (-0.01, -0.01, -0.01), linaccel: (-0.01, -0.01, -0.01), quat: (-0.0001, -0.0001, -0.0001, -0.0001)
[DEBUG, 1508633064.7988951]: t: 1508633064.799169, pt: 1508633064.7988951, at: 9.138, n: 237, euler: (-0.001090830782496456, -0.001090830782496456, -0.001090830782496456), mag: (-0.0625, -0.0625, -0.0625), gyro: (-0.0011, -0.0011, -0.0011), accel: (-0.01, -0.01, -0.01), linaccel: (-0.01, -0.01, -0.01), quat: (-0.0001, -0.0001, -0.0001, -0.0001)
[DEBUG, 1508633064.829472]: t: 1508633064.829762, pt: 1508633064.829472, at: 9.16, n: 238, euler: (-0.001090830782496456, -0.001090830782496456, -0.001090830782496456), mag: (-0.0625, -0.0625, -0.0625), gyro: (-0.0011, -0.0011, -0.0011), accel: (-0.01, -0.01, -0.01), linaccel: (-0.01, -0.01, -0.01), quat: (-0.0001, -0.0001, -0.0001, -0.0001)
[DEBUG, 1508633064.850805]: t: 1508633064.851132, pt: 1508633064.850805, at: 9.183, n: 239, euler: (-0.001090830782496456, -0.001090830782496456, -0.001090830782496456), mag: (-0.0625, -0.0625, -0.0625), gyro: (-0.0011, -0.0011, -0.0011), accel: (-0.01, -0.01, -0.01), linaccel: (-0.01, -0.01, -0.01), quat: (-0.0001, -0.0001, -0.0001, -0.0001)
[DEBUG, 1508633064.8718898]: t: 1508633064.8721411, pt: 1508633064.8718898, at: 9.205, n: 240, euler: (0.0, 0.0, 0.0), mag: (0.0, 0.0, 0.0), gyro: (0.0, 0.0, 0.0), accel: (0.0, 0.0, 0.0), linaccel: (0.0, 0.0, 0.0), quat: (0.0, 0.0, 0.0, 0.0)
[DEBUG, 1508633064.903531]: t: 1508633064.903795, pt: 1508633064.903531, at: 9.231, n: 241, euler: (0.0, 0.0, 0.0), mag: (0.0, 0.0, 0.0), gyro: (0.0, 0.0, 0.0), accel: (0.0, 0.0, 0.0), linaccel: (0.0, 0.0, 0.0), quat: (0.0, 0.0, 0.0, 0.0)
[DEBUG, 1508633064.934668]: t: 1508633064.9350631, pt: 1508633064.934668, at: 9.26, n: 242, euler: (0.0, 0.0, 0.0), mag: (0.0, 0.0, 0.0), gyro: (0.0, 0.0, 0.0), accel: (0.0, 0.0, 0.0), linaccel: (0.0, 0.0, 0.0), quat: (0.0, 0.0, 0.0, 0.0)
[DEBUG, 1508633064.9666271]: t: 1508633064.966974, pt: 1508633064.9666271, at: 9.292, n: 243, euler: (0.0, 0.0, 0.0), mag: (0.0, 0.0, 0.0), gyro: (0.0, 0.0, 0.0), accel: (0.0, 0.0, 0.0), linaccel: (0.0, 0.0, 0.0), quat: (0.0, 0.0, 0.0, 0.0)
[DEBUG, 1508633064.998344]: t: 1508633064.9987452, pt: 1508633064.998344, at: 9.325, n: 244, euler: (0.0, 0.0, 0.0), mag: (0.0, 0.0, 0.0), gyro: (0.0, 0.0, 0.0), accel: (0.0, 0.0, 0.0), linaccel: (0.0, 0.0, 0.0), quat: (0.0, 0.0, 0.0, 0.0)
[DEBUG, 1508633065.029439]: t: 1508633065.029825, pt: 1508633065.029439, at: 9.358, n: 245, euler: (0.0, 0.0, 0.0), mag: (0.0, 0.0, 0.0), gyro: (0.0, 0.0, 0.0), accel: (0.0, 0.0, 0.0), linaccel: (0.0, 0.0, 0.0), quat: (0.0, 0.0, 0.0, 0.0)
[DEBUG, 1508633065.0615098]: t: 1508633065.0618272, pt: 1508633065.0615098, at: 9.391, n: 246, euler: (0.0, 0.0, 0.0), mag: (0.0, 0.0, 0.0), gyro: (0.0, 0.0, 0.0), accel: (0.0, 0.0, 0.0), linaccel: (0.0, 0.0, 0.0), quat: (0.0, 0.0, 0.0, 0.0)
[DEBUG, 1508633065.0923479]: t: 1508633065.092593, pt: 1508633065.0923479, at: 9.423, n: 247, euler: (0.0, 0.0, 0.0), mag: (0.0, 0.0, 0.0), gyro: (0.0, 0.0, 0.0), accel: (0.0, 0.0, 0.0), linaccel: (0.0, 0.0, 0.0), quat: (0.0, 0.0, 0.0, 0.0)
[DEBUG, 1508633065.123907]: t: 1508633065.1242611, pt: 1508633065.123907, at: 9.456, n: 248, euler: (0.0, 0.0, 0.0), mag: (0.0, 0.0, 0.0), gyro: (0.0, 0.0, 0.0), accel: (0.0, 0.0, 0.0), linaccel: (0.0, 0.0, 0.0), quat: (0.0, 0.0, 0.0, 0.0)
[DEBUG, 1508633065.1652532]: t: 1508633065.165587, pt: 1508633065.1652532, at: 9.489, n: 249, euler: (0.0, 0.0, 0.0), mag: (0.0, 0.0, 0.0), gyro: (0.0, 0.0, 0.0), accel: (0.0, 0.0, 0.0), linaccel: (0.0, 0.0, 0.0), quat: (0.0, 0.0, 0.0, 0.0)
[DEBUG, 1508633065.197078]: t: 1508633065.197472, pt: 1508633065.197078, at: 9.522, n: 250, euler: (0.0, 0.0, 0.0), mag: (0.0, 0.0, 0.0), gyro: (0.0, 0.0, 0.0), accel: (0.0, 0.0, 0.0), linaccel: (0.0, 0.0, 0.0), quat: (0.0, 0.0, 0.0, 0.0)
[DEBUG, 1508633065.2283351]: t: 1508633065.228727, pt: 1508633065.2283351, at: 9.554, n: 251, euler: (0.0, 0.0, 0.0), mag: (0.0, 0.0, 0.0), gyro: (0.0, 0.0, 0.0), accel: (0.0, 0.0, 0.0), linaccel: (0.0, 0.0, 0.0), quat: (0.0, 0.0, 0.0, 0.0)
[DEBUG, 1508633065.2597718]: t: 1508633065.260075, pt: 1508633065.2597718, at: 9.587, n: 252, euler: (0.0, 0.0, 0.0), mag: (0.0, 0.0, 0.0), gyro: (0.0, 0.0, 0.0), accel: (0.0, 0.0, 0.0), linaccel: (0.0, 0.0, 0.0), quat: (0.0, 0.0, 0.0, 0.0)
[DEBUG, 1508633065.291616]: t: 1508633065.291847, pt: 1508633065.291616, at: 9.62, n: 253, euler: (0.0, 0.0, 0.0), mag: (0.0, 0.0, 0.0), gyro: (0.0, 0.0, 0.0), accel: (0.0, 0.0, 0.0), linaccel: (0.0, 0.0, 0.0), quat: (0.0, 0.0, 0.0, 0.0)
[DEBUG, 1508633065.323272]: t: 1508633065.323631, pt: 1508633065.323272, at: 9.653, n: 254, euler: (0.0, 0.0, 0.0), mag: (0.0, 0.0, 0.0), gyro: (0.0, 0.0, 0.0), accel: (0.0, 0.0, 0.0), linaccel: (0.0, 0.0, 0.0), quat: (0.0, 0.0, 0.0, 0.0)
[DEBUG, 1508633065.356747]: t: 1508633065.357066, pt: 1508633065.356747, at: 9.686, n: 255, euler: (0.0, 0.0, 0.0), mag: (0.0, 0.0, 0.0), gyro: (0.0, 0.0, 0.0), accel: (0.0, 0.0, 0.0), linaccel: (0.0, 0.0, 0.0), quat: (0.0, 0.0, 0.0, 0.0)
[log buffer end]
[BNO055 @ node.py:46][DEBUG] 2017-10-21 20:44:25,357: logging message buffer (len=16585)
[BNO055 @ arduino.py:180][INFO] 2017-10-21 20:44:27,055: found 99 packets in 3s (avg=33.0 packets/sec). 308 received in total (avg=34.1 packets/sec)
[BNO055 @ node.py:44][DEBUG] 2017-10-21 20:44:27,063: [log buffer start]
[DEBUG, 1508633065.389075]: t: 1508633065.389452, pt: 1508633065.389075, at: 9.717, n: 256, euler: (0.0, 0.0, 0.0), mag: (0.0, 0.0, 0.0), gyro: (0.0, 0.0, 0.0), accel: (0.0, 0.0, 0.0), linaccel: (0.0, 0.0, 0.0), quat: (0.0, 0.0, 0.0, 0.0)
[DEBUG, 1508633065.422444]: t: 1508633065.422689, pt: 1508633065.422444, at: 9.75, n: 257, euler: (0.0, 0.0, 0.0), mag: (0.0, 0.0, 0.0), gyro: (0.0, 0.0, 0.0), accel: (0.0, 0.0, 0.0), linaccel: (0.0, 0.0, 0.0), quat: (0.0, 0.0, 0.0, 0.0)
[DEBUG, 1508633065.4551308]: t: 1508633065.4554298, pt: 1508633065.4551308, at: 9.783, n: 258, euler: (0.0, 0.0, 0.0), mag: (0.0, 0.0, 0.0), gyro: (0.0, 0.0, 0.0), accel: (0.0, 0.0, 0.0), linaccel: (0.0, 0.0, 0.0), quat: (0.0, 0.0, 0.0, 0.0)
[DEBUG, 1508633065.4887629]: t: 1508633065.4890728, pt: 1508633065.4887629, at: 9.816, n: 259, euler: (0.0, 0.0, 0.0), mag: (0.0, 0.0, 0.0), gyro: (0.0, 0.0, 0.0), accel: (0.0, 0.0, 0.0), linaccel: (0.0, 0.0, 0.0), quat: (0.0, 0.0, 0.0, 0.0)
[DEBUG, 1508633065.5215628]: t: 1508633065.5218182, pt: 1508633065.5215628, at: 9.848, n: 260, euler: (0.0, 0.0, 0.0), mag: (0.0, 0.0, 0.0), gyro: (0.0, 0.0, 0.0), accel: (0.0, 0.0, 0.0), linaccel: (0.0, 0.0, 0.0), quat: (0.0, 0.0, 0.0, 0.0)
[DEBUG, 1508633065.553109]: t: 1508633065.553378, pt: 1508633065.553109, at: 9.881, n: 261, euler: (0.0, 0.0, 0.0), mag: (0.0, 0.0, 0.0), gyro: (0.0, 0.0, 0.0), accel: (0.0, 0.0, 0.0), linaccel: (0.0, 0.0, 0.0), quat: (0.0, 0.0, 0.0, 0.0)
[DEBUG, 1508633065.585699]: t: 1508633065.585906, pt: 1508633065.585699, at: 9.914, n: 262, euler: (0.0, 0.0, 0.0), mag: (0.0, 0.0, 0.0), gyro: (0.0, 0.0, 0.0), accel: (0.0, 0.0, 0.0), linaccel: (0.0, 0.0, 0.0), quat: (0.0, 0.0, 0.0, 0.0)
[DEBUG, 1508633065.61886]: t: 1508633065.619194, pt: 1508633065.61886, at: 9.947, n: 263, euler: (0.0, 0.0, 0.0), mag: (0.0, 0.0, 0.0), gyro: (0.0, 0.0, 0.0), accel: (0.0, 0.0, 0.0), linaccel: (0.0, 0.0, 0.0), quat: (0.0, 0.0, 0.0, 0.0)
[DEBUG, 1508633065.6510348]: t: 1508633065.651364, pt: 1508633065.6510348, at: 9.979, n: 264, euler: (0.0, 0.0, 0.0), mag: (0.0, 0.0, 0.0), gyro: (0.0, 0.0, 0.0), accel: (0.0, 0.0, 0.0), linaccel: (0.0, 0.0, 0.0), quat: (0.0, 0.0, 0.0, 0.0)
[DEBUG, 1508633065.683691]: t: 1508633065.684134, pt: 1508633065.683691, at: 10.012, n: 265, euler: (0.0, 0.0, 0.0), mag: (0.0, 0.0, 0.0), gyro: (0.0, 0.0, 0.0), accel: (0.0, 0.0, 0.0), linaccel: (0.0, 0.0, 0.0), quat: (0.0, 0.0, 0.0, 0.0)
[DEBUG, 1508633065.716053]: t: 1508633065.716342, pt: 1508633065.716053, at: 10.045, n: 266, euler: (0.0, 0.0, 0.0), mag: (0.0, 0.0, 0.0), gyro: (0.0, 0.0, 0.0), accel: (0.0, 0.0, 0.0), linaccel: (0.0, 0.0, 0.0), quat: (0.0, 0.0, 0.0, 0.0)
[DEBUG, 1508633065.749998]: t: 1508633065.750229, pt: 1508633065.749998, at: 10.078, n: 267, euler: (0.0, 0.0, 0.0), mag: (0.0, 0.0, 0.0), gyro: (0.0, 0.0, 0.0), accel: (0.0, 0.0, 0.0), linaccel: (0.0, 0.0, 0.0), quat: (0.0, 0.0, 0.0, 0.0)
[DEBUG, 1508633065.781462]: t: 1508633065.7817001, pt: 1508633065.781462, at: 10.11, n: 268, euler: (0.0, 0.0, 0.0), mag: (0.0, 0.0, 0.0), gyro: (0.0, 0.0, 0.0), accel: (0.0, 0.0, 0.0), linaccel: (0.0, 0.0, 0.0), quat: (0.0, 0.0, 0.0, 0.0)
[DEBUG, 1508633065.8137128]: t: 1508633065.813965, pt: 1508633065.8137128, at: 10.143, n: 269, euler: (0.0, 0.0, 0.0), mag: (0.0, 0.0, 0.0), gyro: (0.0, 0.0, 0.0), accel: (0.0, 0.0, 0.0), linaccel: (0.0, 0.0, 0.0), quat: (0.0, 0.0, 0.0, 0.0)
[DEBUG, 1508633065.846412]: t: 1508633065.846735, pt: 1508633065.846412, at: 10.176, n: 270, euler: (0.0, 0.0, 0.0), mag: (0.0, 0.0, 0.0), gyro: (0.0, 0.0, 0.0), accel: (0.0, 0.0, 0.0), linaccel: (0.0, 0.0, 0.0), quat: (0.0, 0.0, 0.0, 0.0)
[DEBUG, 1508633065.879037]: t: 1508633065.879311, pt: 1508633065.879037, at: 10.209, n: 271, euler: (0.0, 0.0, 0.0), mag: (0.0, 0.0, 0.0), gyro: (0.0, 0.0, 0.0), accel: (0.0, 0.0, 0.0), linaccel: (0.0, 0.0, 0.0), quat: (0.0, 0.0, 0.0, 0.0)
[DEBUG, 1508633065.9113758]: t: 1508633065.911726, pt: 1508633065.9113758, at: 10.242, n: 272, euler: (0.0, 0.0, 0.0), mag: (0.0, 0.0, 0.0), gyro: (0.0, 0.0, 0.0), accel: (0.0, 0.0, 0.0), linaccel: (0.0, 0.0, 0.0), quat: (0.0, 0.0, 0.0, 0.0)
[DEBUG, 1508633065.944306]: t: 1508633065.944578, pt: 1508633065.944306, at: 10.274, n: 273, euler: (0.0, 0.0, 0.0), mag: (0.0, 0.0, 0.0), gyro: (0.0, 0.0, 0.0), accel: (0.0, 0.0, 0.0), linaccel: (0.0, 0.0, 0.0), quat: (0.0, 0.0, 0.0, 0.0)
[DEBUG, 1508633065.976403]: t: 1508633065.9766972, pt: 1508633065.976403, at: 10.307, n: 274, euler: (0.0, 0.0, 0.0), mag: (0.0, 0.0, 0.0), gyro: (0.0, 0.0, 0.0), accel: (0.0, 0.0, 0.0), linaccel: (0.0, 0.0, 0.0), quat: (0.0, 0.0, 0.0, 0.0)
[DEBUG, 1508633066.008308]: t: 1508633066.0085409, pt: 1508633066.008308, at: 10.34, n: 275, euler: (0.0, 0.0, 0.0), mag: (0.0, 0.0, 0.0), gyro: (0.0, 0.0, 0.0), accel: (0.0, 0.0, 0.0), linaccel: (0.0, 0.0, 0.0), quat: (0.0, 0.0, 0.0, 0.0)
[DEBUG, 1508633066.0408762]: t: 1508633066.041161, pt: 1508633066.0408762, at: 10.373, n: 276, euler: (0.0, 0.0, 0.0), mag: (0.0, 0.0, 0.0), gyro: (0.0, 0.0, 0.0), accel: (0.0, 0.0, 0.0), linaccel: (0.0, 0.0, 0.0), quat: (0.0, 0.0, 0.0, 0.0)
[DEBUG, 1508633066.082693]: t: 1508633066.082995, pt: 1508633066.082693, at: 10.405, n: 277, euler: (0.0, 0.0, 0.0), mag: (0.0, 0.0, 0.0), gyro: (0.0, 0.0, 0.0), accel: (0.0, 0.0, 0.0), linaccel: (0.0, 0.0, 0.0), quat: (0.0, 0.0, 0.0, 0.0)
[DEBUG, 1508633066.11461]: t: 1508633066.114822, pt: 1508633066.11461, at: 10.438, n: 278, euler: (0.0, 0.0, 0.0), mag: (0.0, 0.0, 0.0), gyro: (0.0, 0.0, 0.0), accel: (0.0, 0.0, 0.0), linaccel: (0.0, 0.0, 0.0), quat: (0.0, 0.0, 0.0, 0.0)
[DEBUG, 1508633066.1467469]: t: 1508633066.147006, pt: 1508633066.1467469, at: 10.471, n: 279, euler: (0.0, 0.0, 0.0), mag: (0.0, 0.0, 0.0), gyro: (0.0, 0.0, 0.0), accel: (0.0, 0.0, 0.0), linaccel: (0.0, 0.0, 0.0), quat: (0.0, 0.0, 0.0, 0.0)
[DEBUG, 1508633066.179359]: t: 1508633066.1797729, pt: 1508633066.179359, at: 10.504, n: 280, euler: (0.0, 0.0, 0.0), mag: (0.0, 0.0, 0.0), gyro: (0.0, 0.0, 0.0), accel: (0.0, 0.0, 0.0), linaccel: (0.0, 0.0, 0.0), quat: (0.0, 0.0, 0.0, 0.0)
[DEBUG, 1508633066.21138]: t: 1508633066.211766, pt: 1508633066.21138, at: 10.536, n: 281, euler: (0.0, 0.0, 0.0), mag: (0.0, 0.0, 0.0), gyro: (0.0, 0.0, 0.0), accel: (0.0, 0.0, 0.0), linaccel: (0.0, 0.0, 0.0), quat: (0.0, 0.0, 0.0, 0.0)
[DEBUG, 1508633066.24394]: t: 1508633066.244247, pt: 1508633066.24394, at: 10.569, n: 282, euler: (0.0, 0.0, 0.0), mag: (0.0, 0.0, 0.0), gyro: (0.0, 0.0, 0.0), accel: (0.0, 0.0, 0.0), linaccel: (0.0, 0.0, 0.0), quat: (0.0, 0.0, 0.0, 0.0)
[DEBUG, 1508633066.275728]: t: 1508633066.276138, pt: 1508633066.275728, at: 10.602, n: 283, euler: (0.0, 0.0, 0.0), mag: (0.0, 0.0, 0.0), gyro: (0.0, 0.0, 0.0), accel: (0.0, 0.0, 0.0), linaccel: (0.0, 0.0, 0.0), quat: (0.0, 0.0, 0.0, 0.0)
[DEBUG, 1508633066.307816]: t: 1508633066.308216, pt: 1508633066.307816, at: 10.635, n: 284, euler: (0.0, 0.0, 0.0), mag: (0.0, 0.0, 0.0), gyro: (0.0, 0.0, 0.0), accel: (0.0, 0.0, 0.0), linaccel: (0.0, 0.0, 0.0), quat: (0.0, 0.0, 0.0, 0.0)
[DEBUG, 1508633066.338877]: t: 1508633066.339551, pt: 1508633066.338877, at: 10.668, n: 285, euler: (0.0, 0.0, 0.0), mag: (0.0, 0.0, 0.0), gyro: (0.0, 0.0, 0.0), accel: (0.0, 0.0, 0.0), linaccel: (0.0, 0.0, 0.0), quat: (0.0, 0.0, 0.0, 0.0)
[DEBUG, 1508633066.370412]: t: 1508633066.370705, pt: 1508633066.370412, at: 10.7, n: 286, euler: (0.0, 0.0, 0.0), mag: (0.0, 0.0, 0.0), gyro: (0.0, 0.0, 0.0), accel: (0.0, 0.0, 0.0), linaccel: (0.0, 0.0, 0.0), quat: (0.0, 0.0, 0.0, 0.0)
[DEBUG, 1508633066.401648]: t: 1508633066.4019468, pt: 1508633066.401648, at: 10.733, n: 287, euler: (0.0, 0.0, 0.0), mag: (0.0, 0.0, 0.0), gyro: (0.0, 0.0, 0.0), accel: (0.0, 0.0, 0.0), linaccel: (0.0, 0.0, 0.0), quat: (0.0, 0.0, 0.0, 0.0)
[DEBUG, 1508633066.433043]: t: 1508633066.4334452, pt: 1508633066.433043, at: 10.766, n: 288, euler: (0.0, 0.0, 0.0), mag: (0.0, 0.0, 0.0), gyro: (0.0, 0.0, 0.0), accel: (0.0, 0.0, 0.0), linaccel: (0.0, 0.0, 0.0), quat: (0.0, 0.0, 0.0, 0.0)
[DEBUG, 1508633066.475348]: t: 1508633066.475809, pt: 1508633066.475348, at: 10.799, n: 289, euler: (0.0, 0.0, 0.0), mag: (0.0, 0.0, 0.0), gyro: (0.0, 0.0, 0.0), accel: (0.0, 0.0, 0.0), linaccel: (0.0, 0.0, 0.0), quat: (0.0, 0.0, 0.0, 0.0)
[DEBUG, 1508633066.507228]: t: 1508633066.507491, pt: 1508633066.507228, at: 10.831, n: 290, euler: (0.0, 0.0, 0.0), mag: (0.0, 0.0, 0.0), gyro: (0.0, 0.0, 0.0), accel: (0.0, 0.0, 0.0), linaccel: (0.0, 0.0, 0.0), quat: (0.0, 0.0, 0.0, 0.0)
[DEBUG, 1508633066.540002]: t: 1508633066.5402381, pt: 1508633066.540002, at: 10.864, n: 291, euler: (0.0, 0.0, 0.0), mag: (0.0, 0.0, 0.0), gyro: (0.0, 0.0, 0.0), accel: (0.0, 0.0, 0.0), linaccel: (0.0, 0.0, 0.0), quat: (0.0, 0.0, 0.0, 0.0)
[DEBUG, 1508633066.5721111]: t: 1508633066.572358, pt: 1508633066.5721111, at: 10.897, n: 292, euler: (0.0, 0.0, 0.0), mag: (0.0, 0.0, 0.0), gyro: (0.0, 0.0, 0.0), accel: (0.0, 0.0, 0.0), linaccel: (0.0, 0.0, 0.0), quat: (0.0, 0.0, 0.0, 0.0)
[DEBUG, 1508633066.6034539]: t: 1508633066.603755, pt: 1508633066.6034539, at: 10.93, n: 293, euler: (0.0, 0.0, 0.0), mag: (0.0, 0.0, 0.0), gyro: (0.0, 0.0, 0.0), accel: (0.0, 0.0, 0.0), linaccel: (0.0, 0.0, 0.0), quat: (0.0, 0.0, 0.0, 0.0)
[DEBUG, 1508633066.635339]: t: 1508633066.635543, pt: 1508633066.635339, at: 10.962, n: 294, euler: (0.0, 0.0, 0.0), mag: (0.0, 0.0, 0.0), gyro: (0.0, 0.0, 0.0), accel: (0.0, 0.0, 0.0), linaccel: (0.0, 0.0, 0.0), quat: (0.0, 0.0, 0.0, 0.0)
[DEBUG, 1508633066.6673899]: t: 1508633066.668082, pt: 1508633066.6673899, at: 10.995, n: 295, euler: (0.0, 0.0, 0.0), mag: (0.0, 0.0, 0.0), gyro: (0.0, 0.0, 0.0), accel: (0.0, 0.0, 0.0), linaccel: (0.0, 0.0, 0.0), quat: (0.0, 0.0, 0.0, 0.0)
[DEBUG, 1508633066.699338]: t: 1508633066.6996422, pt: 1508633066.699338, at: 11.028, n: 296, euler: (0.0, 0.0, 0.0), mag: (0.0, 0.0, 0.0), gyro: (0.0, 0.0, 0.0), accel: (0.0, 0.0, 0.0), linaccel: (0.0, 0.0, 0.0), quat: (0.0, 0.0, 0.0, 0.0)
[DEBUG, 1508633066.731331]: t: 1508633066.7317052, pt: 1508633066.731331, at: 11.061, n: 297, euler: (0.0, 0.0, 0.0), mag: (0.0, 0.0, 0.0), gyro: (0.0, 0.0, 0.0), accel: (0.0, 0.0, 0.0), linaccel: (0.0, 0.0, 0.0), quat: (0.0, 0.0, 0.0, 0.0)
[DEBUG, 1508633066.7638059]: t: 1508633066.764023, pt: 1508633066.7638059, at: 11.094, n: 298, euler: (0.0, 0.0, 0.0), mag: (0.0, 0.0, 0.0), gyro: (0.0, 0.0, 0.0), accel: (0.0, 0.0, 0.0), linaccel: (0.0, 0.0, 0.0), quat: (0.0, 0.0, 0.0, 0.0)
[DEBUG, 1508633066.7960188]: t: 1508633066.796299, pt: 1508633066.7960188, at: 11.126, n: 299, euler: (0.0, 0.0, 0.0), mag: (0.0, 0.0, 0.0), gyro: (0.0, 0.0, 0.0), accel: (0.0, 0.0, 0.0), linaccel: (0.0, 0.0, 0.0), quat: (0.0, 0.0, 0.0, 0.0)
[DEBUG, 1508633066.827299]: t: 1508633066.8276322, pt: 1508633066.827299, at: 11.159, n: 300, euler: (0.0, 0.0, 0.0), mag: (0.0, 0.0, 0.0), gyro: (0.0, 0.0, 0.0), accel: (0.0, 0.0, 0.0), linaccel: (0.0, 0.0, 0.0), quat: (0.0, 0.0, 0.0, 0.0)
[DEBUG, 1508633066.859136]: t: 1508633066.85937, pt: 1508633066.859136, at: 11.192, n: 301, euler: (0.0, 0.0, 0.0), mag: (0.0, 0.0, 0.0), gyro: (0.0, 0.0, 0.0), accel: (0.0, 0.0, 0.0), linaccel: (0.0, 0.0, 0.0), quat: (0.0, 0.0, 0.0, 0.0)
[DEBUG, 1508633066.902633]: t: 1508633066.902874, pt: 1508633066.902633, at: 11.225, n: 302, euler: (0.0, 0.0, 0.0), mag: (0.0, 0.0, 0.0), gyro: (0.0, 0.0, 0.0), accel: (0.0, 0.0, 0.0), linaccel: (0.0, 0.0, 0.0), quat: (0.0, 0.0, 0.0, 0.0)
[DEBUG, 1508633066.9354439]: t: 1508633066.935709, pt: 1508633066.9354439, at: 11.257, n: 303, euler: (0.0, 0.0, 0.0), mag: (0.0, 0.0, 0.0), gyro: (0.0, 0.0, 0.0), accel: (0.0, 0.0, 0.0), linaccel: (0.0, 0.0, 0.0), quat: (0.0, 0.0, 0.0, 0.0)
[DEBUG, 1508633066.967517]: t: 1508633066.967791, pt: 1508633066.967517, at: 11.29, n: 304, euler: (0.0, 0.0, 0.0), mag: (0.0, 0.0, 0.0), gyro: (0.0, 0.0, 0.0), accel: (0.0, 0.0, 0.0), linaccel: (0.0, 0.0, 0.0), quat: (0.0, 0.0, 0.0, 0.0)
[DEBUG, 1508633067.000034]: t: 1508633067.0003042, pt: 1508633067.000034, at: 11.323, n: 305, euler: (0.0, 0.0, 0.0), mag: (0.0, 0.0, 0.0), gyro: (0.0, 0.0, 0.0), accel: (0.0, 0.0, 0.0), linaccel: (0.0, 0.0, 0.0), quat: (0.0, 0.0, 0.0, 0.0)
[DEBUG, 1508633067.033778]: t: 1508633067.034087, pt: 1508633067.033778, at: 11.356, n: 306, euler: (0.0, 0.0, 0.0), mag: (0.0, 0.0, 0.0), gyro: (0.0, 0.0, 0.0), accel: (0.0, 0.0, 0.0), linaccel: (0.0, 0.0, 0.0), quat: (0.0, 0.0, 0.0, 0.0)
[DEBUG, 1508633067.0554938]: t: 1508633067.056583, pt: 1508633067.0554938, at: 11.388, n: 307, euler: (0.0, 0.0, 0.0), mag: (0.0, 0.0, 0.0), gyro: (0.0, 0.0, 0.0), accel: (0.0, 0.0, 0.0), linaccel: (0.0, 0.0, 0.0), quat: (0.0, 0.0, 0.0, 0.0)
[log buffer end]
[BNO055 @ node.py:46][DEBUG] 2017-10-21 20:44:27,063: logging message buffer (len=12534)
[BNO055 @ node.py:67][INFO] 2017-10-21 20:44:27,063: Node took 11.394039869308472s to run
[BNO055 @ generic.py:36][INFO] 2017-10-21 20:44:27,063: Tearing down device
