[MyOrchestrator @ factory.py:83][DEBUG] 2017-10-21 00:56:08,009: Logging to: logs/multiple_arduinos_demo/MyOrchestrator/multiple_arduinos_demo.log
[MyOrchestrator @ orchestrator.py:88][DEBUG] 2017-10-21 00:56:09,253: Adding setup tasks. Apply subscriptions
[MyOrchestrator @ orchestrator.py:94][DEBUG] 2017-10-21 00:56:09,253: Running set up tasks (4)
[MyOrchestrator @ orchestrator.py:48][INFO] 2017-10-21 00:56:09,254: setup
[MyOrchestrator @ orchestrator.py:97][DEBUG] 2017-10-21 00:56:09,258: Adding loop tasks
[MyOrchestrator @ orchestrator.py:102][DEBUG] 2017-10-21 00:56:09,258: Running loop tasks (4)
[MyOrchestrator @ orchestrator.py:108][DEBUG] 2017-10-21 00:56:12,373: 4 tasks to cancel
[MyOrchestrator @ orchestrator.py:111][DEBUG] 2017-10-21 00:56:12,373: Cancelling <Task pending coro=<Orchestrator.loop() running at /Users/Woz4tetra/Documents/Code/Atlasbuggy/atlasbuggy/orchestrator.py:53> wait_for=<Future cancelled> cb=[_wait.<locals>._on_completion() at /usr/local/Cellar/python3/3.6.2/Frameworks/Python.framework/Versions/3.6/lib/python3.6/asyncio/tasks.py:380]>: True
[MyOrchestrator @ orchestrator.py:111][DEBUG] 2017-10-21 00:56:12,374: Cancelling <Task cancelling coro=<FastArduino.loop() running at /Users/Woz4tetra/Documents/Code/Atlasbuggy/atlasbuggy/examples/arduino/multiple_arduinos.py:148> cb=[_wait.<locals>._on_completion() at /usr/local/Cellar/python3/3.6.2/Frameworks/Python.framework/Versions/3.6/lib/python3.6/asyncio/tasks.py:380]>: True
[MyOrchestrator @ orchestrator.py:111][DEBUG] 2017-10-21 00:56:12,374: Cancelling <Task cancelling coro=<SlowArduino.loop() running at /Users/Woz4tetra/Documents/Code/Atlasbuggy/atlasbuggy/examples/arduino/multiple_arduinos.py:177> cb=[_wait.<locals>._on_completion() at /usr/local/Cellar/python3/3.6.2/Frameworks/Python.framework/Versions/3.6/lib/python3.6/asyncio/tasks.py:380]>: True
[MyOrchestrator @ orchestrator.py:111][DEBUG] 2017-10-21 00:56:12,374: Cancelling <Task pending coro=<AlgorithmNode.loop() running at /Users/Woz4tetra/Documents/Code/Atlasbuggy/atlasbuggy/examples/arduino/multiple_arduinos.py:250> wait_for=<Future cancelled> cb=[_wait.<locals>._on_completion() at /usr/local/Cellar/python3/3.6.2/Frameworks/Python.framework/Versions/3.6/lib/python3.6/asyncio/tasks.py:380]>: True
[MyOrchestrator @ orchestrator.py:108][DEBUG] 2017-10-21 00:56:12,374: 4 tasks to cancel
[MyOrchestrator @ orchestrator.py:111][DEBUG] 2017-10-21 00:56:12,374: Cancelling <Task cancelling coro=<Orchestrator.loop() running at /Users/Woz4tetra/Documents/Code/Atlasbuggy/atlasbuggy/orchestrator.py:53> wait_for=<Future cancelled> cb=[_wait.<locals>._on_completion() at /usr/local/Cellar/python3/3.6.2/Frameworks/Python.framework/Versions/3.6/lib/python3.6/asyncio/tasks.py:380]>: True
[MyOrchestrator @ orchestrator.py:111][DEBUG] 2017-10-21 00:56:12,374: Cancelling <Task cancelling coro=<FastArduino.loop() running at /Users/Woz4tetra/Documents/Code/Atlasbuggy/atlasbuggy/examples/arduino/multiple_arduinos.py:148> cb=[_wait.<locals>._on_completion() at /usr/local/Cellar/python3/3.6.2/Frameworks/Python.framework/Versions/3.6/lib/python3.6/asyncio/tasks.py:380]>: True
[MyOrchestrator @ orchestrator.py:111][DEBUG] 2017-10-21 00:56:12,374: Cancelling <Task cancelling coro=<SlowArduino.loop() running at /Users/Woz4tetra/Documents/Code/Atlasbuggy/atlasbuggy/examples/arduino/multiple_arduinos.py:177> cb=[_wait.<locals>._on_completion() at /usr/local/Cellar/python3/3.6.2/Frameworks/Python.framework/Versions/3.6/lib/python3.6/asyncio/tasks.py:380]>: True
[MyOrchestrator @ orchestrator.py:111][DEBUG] 2017-10-21 00:56:12,374: Cancelling <Task cancelling coro=<AlgorithmNode.loop() running at /Users/Woz4tetra/Documents/Code/Atlasbuggy/atlasbuggy/examples/arduino/multiple_arduinos.py:250> wait_for=<Future cancelled> cb=[_wait.<locals>._on_completion() at /usr/local/Cellar/python3/3.6.2/Frameworks/Python.framework/Versions/3.6/lib/python3.6/asyncio/tasks.py:380]>: True
[MyOrchestrator @ orchestrator.py:108][DEBUG] 2017-10-21 00:56:12,374: 4 tasks to cancel
[MyOrchestrator @ orchestrator.py:111][DEBUG] 2017-10-21 00:56:12,374: Cancelling <Task cancelling coro=<Orchestrator.loop() running at /Users/Woz4tetra/Documents/Code/Atlasbuggy/atlasbuggy/orchestrator.py:53> wait_for=<Future cancelled> cb=[_wait.<locals>._on_completion() at /usr/local/Cellar/python3/3.6.2/Frameworks/Python.framework/Versions/3.6/lib/python3.6/asyncio/tasks.py:380]>: True
[MyOrchestrator @ orchestrator.py:111][DEBUG] 2017-10-21 00:56:12,374: Cancelling <Task cancelling coro=<FastArduino.loop() running at /Users/Woz4tetra/Documents/Code/Atlasbuggy/atlasbuggy/examples/arduino/multiple_arduinos.py:148> cb=[_wait.<locals>._on_completion() at /usr/local/Cellar/python3/3.6.2/Frameworks/Python.framework/Versions/3.6/lib/python3.6/asyncio/tasks.py:380]>: True
[MyOrchestrator @ orchestrator.py:111][DEBUG] 2017-10-21 00:56:12,375: Cancelling <Task cancelling coro=<SlowArduino.loop() running at /Users/Woz4tetra/Documents/Code/Atlasbuggy/atlasbuggy/examples/arduino/multiple_arduinos.py:177> cb=[_wait.<locals>._on_completion() at /usr/local/Cellar/python3/3.6.2/Frameworks/Python.framework/Versions/3.6/lib/python3.6/asyncio/tasks.py:380]>: True
[MyOrchestrator @ orchestrator.py:111][DEBUG] 2017-10-21 00:56:12,375: Cancelling <Task cancelling coro=<AlgorithmNode.loop() running at /Users/Woz4tetra/Documents/Code/Atlasbuggy/atlasbuggy/examples/arduino/multiple_arduinos.py:250> wait_for=<Future cancelled> cb=[_wait.<locals>._on_completion() at /usr/local/Cellar/python3/3.6.2/Frameworks/Python.framework/Versions/3.6/lib/python3.6/asyncio/tasks.py:380]>: True
[MyOrchestrator @ orchestrator.py:207][INFO] 2017-10-21 00:56:12,375: loop finished
[MyOrchestrator @ orchestrator.py:211][INFO] 2017-10-21 00:56:12,375: closing orchestrator
[MyOrchestrator @ orchestrator.py:108][DEBUG] 2017-10-21 00:56:12,375: 4 tasks to cancel
[MyOrchestrator @ orchestrator.py:111][DEBUG] 2017-10-21 00:56:12,375: Cancelling <Task cancelled coro=<Orchestrator.loop() done, defined at /Users/Woz4tetra/Documents/Code/Atlasbuggy/atlasbuggy/orchestrator.py:50>>: False
[MyOrchestrator @ orchestrator.py:114][DEBUG] 2017-10-21 00:56:12,375: Task '<Task cancelled coro=<Orchestrator.loop() done, defined at /Users/Woz4tetra/Documents/Code/Atlasbuggy/atlasbuggy/orchestrator.py:50>>' was cancelled
[MyOrchestrator @ orchestrator.py:111][DEBUG] 2017-10-21 00:56:12,375: Cancelling <Task cancelled coro=<FastArduino.loop() done, defined at /Users/Woz4tetra/Documents/Code/Atlasbuggy/atlasbuggy/examples/arduino/multiple_arduinos.py:127>>: False
[MyOrchestrator @ orchestrator.py:114][DEBUG] 2017-10-21 00:56:12,375: Task '<Task cancelled coro=<FastArduino.loop() done, defined at /Users/Woz4tetra/Documents/Code/Atlasbuggy/atlasbuggy/examples/arduino/multiple_arduinos.py:127>>' was cancelled
[MyOrchestrator @ orchestrator.py:111][DEBUG] 2017-10-21 00:56:12,376: Cancelling <Task cancelled coro=<SlowArduino.loop() done, defined at /Users/Woz4tetra/Documents/Code/Atlasbuggy/atlasbuggy/examples/arduino/multiple_arduinos.py:158>>: False
[MyOrchestrator @ orchestrator.py:114][DEBUG] 2017-10-21 00:56:12,376: Task '<Task cancelled coro=<SlowArduino.loop() done, defined at /Users/Woz4tetra/Documents/Code/Atlasbuggy/atlasbuggy/examples/arduino/multiple_arduinos.py:158>>' was cancelled
[MyOrchestrator @ orchestrator.py:111][DEBUG] 2017-10-21 00:56:12,376: Cancelling <Task cancelled coro=<AlgorithmNode.loop() done, defined at /Users/Woz4tetra/Documents/Code/Atlasbuggy/atlasbuggy/examples/arduino/multiple_arduinos.py:215>>: False
[MyOrchestrator @ orchestrator.py:114][DEBUG] 2017-10-21 00:56:12,376: Task '<Task cancelled coro=<AlgorithmNode.loop() done, defined at /Users/Woz4tetra/Documents/Code/Atlasbuggy/atlasbuggy/examples/arduino/multiple_arduinos.py:215>>' was cancelled
[MyOrchestrator @ orchestrator.py:69][INFO] 2017-10-21 00:56:12,376: halting
[MyOrchestrator @ orchestrator.py:72][INFO] 2017-10-21 00:56:12,376: Session took 4.367037057876587s to complete
[MyOrchestrator @ orchestrator.py:58][INFO] 2017-10-21 00:56:12,377: teardown
