[MyOrchestrator @ factory.py:82][DEBUG] 2017-10-20 16:11:26,874: Logging to: logs/multiple_producers_demo/MyOrchestrator/multiple_arduinos_demo.log
[MyOrchestrator @ orchestrator.py:86][DEBUG] 2017-10-20 16:11:29,315: Adding setup tasks. Apply subscriptions
[MyOrchestrator @ orchestrator.py:92][DEBUG] 2017-10-20 16:11:29,315: Running set up tasks (4)
[MyOrchestrator @ orchestrator.py:46][INFO] 2017-10-20 16:11:29,315: setup
[MyOrchestrator @ orchestrator.py:95][DEBUG] 2017-10-20 16:11:29,319: Adding loop tasks
[MyOrchestrator @ orchestrator.py:100][DEBUG] 2017-10-20 16:11:29,320: Running loop tasks (4)
[MyOrchestrator @ orchestrator.py:106][DEBUG] 2017-10-20 16:11:31,859: 4 tasks to cancel
[MyOrchestrator @ orchestrator.py:109][DEBUG] 2017-10-20 16:11:31,859: Cancelling <Task pending coro=<Orchestrator.loop() running at /usr/local/lib/python3.6/site-packages/atlasbuggy/orchestrator.py:51> wait_for=<Future cancelled> cb=[_wait.<locals>._on_completion() at /usr/local/Cellar/python3/3.6.2/Frameworks/Python.framework/Versions/3.6/lib/python3.6/asyncio/tasks.py:380]>: True
[MyOrchestrator @ orchestrator.py:109][DEBUG] 2017-10-20 16:11:31,859: Cancelling <Task cancelling coro=<FastArduino.loop() running at /Users/Woz4tetra/Documents/Code/Atlasbuggy/atlasbuggy/examples/arduino/multiple_arduinos.py:148> cb=[_wait.<locals>._on_completion() at /usr/local/Cellar/python3/3.6.2/Frameworks/Python.framework/Versions/3.6/lib/python3.6/asyncio/tasks.py:380]>: True
[MyOrchestrator @ orchestrator.py:109][DEBUG] 2017-10-20 16:11:31,860: Cancelling <Task cancelling coro=<SlowArduino.loop() running at /Users/Woz4tetra/Documents/Code/Atlasbuggy/atlasbuggy/examples/arduino/multiple_arduinos.py:179> cb=[_wait.<locals>._on_completion() at /usr/local/Cellar/python3/3.6.2/Frameworks/Python.framework/Versions/3.6/lib/python3.6/asyncio/tasks.py:380]>: True
[MyOrchestrator @ orchestrator.py:109][DEBUG] 2017-10-20 16:11:31,860: Cancelling <Task pending coro=<AlgorithmNode.loop() running at /Users/Woz4tetra/Documents/Code/Atlasbuggy/atlasbuggy/examples/arduino/multiple_arduinos.py:236> wait_for=<Future cancelled> cb=[_wait.<locals>._on_completion() at /usr/local/Cellar/python3/3.6.2/Frameworks/Python.framework/Versions/3.6/lib/python3.6/asyncio/tasks.py:380]>: True
[MyOrchestrator @ orchestrator.py:106][DEBUG] 2017-10-20 16:11:31,860: 4 tasks to cancel
[MyOrchestrator @ orchestrator.py:109][DEBUG] 2017-10-20 16:11:31,860: Cancelling <Task cancelling coro=<Orchestrator.loop() running at /usr/local/lib/python3.6/site-packages/atlasbuggy/orchestrator.py:51> wait_for=<Future cancelled> cb=[_wait.<locals>._on_completion() at /usr/local/Cellar/python3/3.6.2/Frameworks/Python.framework/Versions/3.6/lib/python3.6/asyncio/tasks.py:380]>: True
[MyOrchestrator @ orchestrator.py:109][DEBUG] 2017-10-20 16:11:31,860: Cancelling <Task cancelling coro=<FastArduino.loop() running at /Users/Woz4tetra/Documents/Code/Atlasbuggy/atlasbuggy/examples/arduino/multiple_arduinos.py:148> cb=[_wait.<locals>._on_completion() at /usr/local/Cellar/python3/3.6.2/Frameworks/Python.framework/Versions/3.6/lib/python3.6/asyncio/tasks.py:380]>: True
[MyOrchestrator @ orchestrator.py:109][DEBUG] 2017-10-20 16:11:31,860: Cancelling <Task cancelling coro=<SlowArduino.loop() running at /Users/Woz4tetra/Documents/Code/Atlasbuggy/atlasbuggy/examples/arduino/multiple_arduinos.py:179> cb=[_wait.<locals>._on_completion() at /usr/local/Cellar/python3/3.6.2/Frameworks/Python.framework/Versions/3.6/lib/python3.6/asyncio/tasks.py:380]>: True
[MyOrchestrator @ orchestrator.py:109][DEBUG] 2017-10-20 16:11:31,860: Cancelling <Task cancelling coro=<AlgorithmNode.loop() running at /Users/Woz4tetra/Documents/Code/Atlasbuggy/atlasbuggy/examples/arduino/multiple_arduinos.py:236> wait_for=<Future cancelled> cb=[_wait.<locals>._on_completion() at /usr/local/Cellar/python3/3.6.2/Frameworks/Python.framework/Versions/3.6/lib/python3.6/asyncio/tasks.py:380]>: True
[MyOrchestrator @ orchestrator.py:106][DEBUG] 2017-10-20 16:11:31,860: 4 tasks to cancel
[MyOrchestrator @ orchestrator.py:109][DEBUG] 2017-10-20 16:11:31,860: Cancelling <Task cancelling coro=<Orchestrator.loop() running at /usr/local/lib/python3.6/site-packages/atlasbuggy/orchestrator.py:51> wait_for=<Future cancelled> cb=[_wait.<locals>._on_completion() at /usr/local/Cellar/python3/3.6.2/Frameworks/Python.framework/Versions/3.6/lib/python3.6/asyncio/tasks.py:380]>: True
[MyOrchestrator @ orchestrator.py:109][DEBUG] 2017-10-20 16:11:31,860: Cancelling <Task cancelling coro=<FastArduino.loop() running at /Users/Woz4tetra/Documents/Code/Atlasbuggy/atlasbuggy/examples/arduino/multiple_arduinos.py:148> cb=[_wait.<locals>._on_completion() at /usr/local/Cellar/python3/3.6.2/Frameworks/Python.framework/Versions/3.6/lib/python3.6/asyncio/tasks.py:380]>: True
[MyOrchestrator @ orchestrator.py:109][DEBUG] 2017-10-20 16:11:31,860: Cancelling <Task cancelling coro=<SlowArduino.loop() running at /Users/Woz4tetra/Documents/Code/Atlasbuggy/atlasbuggy/examples/arduino/multiple_arduinos.py:179> cb=[_wait.<locals>._on_completion() at /usr/local/Cellar/python3/3.6.2/Frameworks/Python.framework/Versions/3.6/lib/python3.6/asyncio/tasks.py:380]>: True
[MyOrchestrator @ orchestrator.py:109][DEBUG] 2017-10-20 16:11:31,860: Cancelling <Task cancelling coro=<AlgorithmNode.loop() running at /Users/Woz4tetra/Documents/Code/Atlasbuggy/atlasbuggy/examples/arduino/multiple_arduinos.py:236> wait_for=<Future cancelled> cb=[_wait.<locals>._on_completion() at /usr/local/Cellar/python3/3.6.2/Frameworks/Python.framework/Versions/3.6/lib/python3.6/asyncio/tasks.py:380]>: True
[MyOrchestrator @ orchestrator.py:174][INFO] 2017-10-20 16:11:31,861: loop finished
[MyOrchestrator @ orchestrator.py:178][INFO] 2017-10-20 16:11:31,861: closing orchestrator
[MyOrchestrator @ orchestrator.py:106][DEBUG] 2017-10-20 16:11:31,861: 4 tasks to cancel
[MyOrchestrator @ orchestrator.py:109][DEBUG] 2017-10-20 16:11:31,861: Cancelling <Task cancelled coro=<Orchestrator.loop() done, defined at /usr/local/lib/python3.6/site-packages/atlasbuggy/orchestrator.py:48>>: False
[MyOrchestrator @ orchestrator.py:112][DEBUG] 2017-10-20 16:11:31,861: Task '<Task cancelled coro=<Orchestrator.loop() done, defined at /usr/local/lib/python3.6/site-packages/atlasbuggy/orchestrator.py:48>>' was cancelled
[MyOrchestrator @ orchestrator.py:109][DEBUG] 2017-10-20 16:11:31,861: Cancelling <Task cancelled coro=<FastArduino.loop() done, defined at /Users/Woz4tetra/Documents/Code/Atlasbuggy/atlasbuggy/examples/arduino/multiple_arduinos.py:127>>: False
[MyOrchestrator @ orchestrator.py:112][DEBUG] 2017-10-20 16:11:31,861: Task '<Task cancelled coro=<FastArduino.loop() done, defined at /Users/Woz4tetra/Documents/Code/Atlasbuggy/atlasbuggy/examples/arduino/multiple_arduinos.py:127>>' was cancelled
[MyOrchestrator @ orchestrator.py:109][DEBUG] 2017-10-20 16:11:31,861: Cancelling <Task cancelled coro=<SlowArduino.loop() done, defined at /Users/Woz4tetra/Documents/Code/Atlasbuggy/atlasbuggy/examples/arduino/multiple_arduinos.py:158>>: False
[MyOrchestrator @ orchestrator.py:112][DEBUG] 2017-10-20 16:11:31,861: Task '<Task cancelled coro=<SlowArduino.loop() done, defined at /Users/Woz4tetra/Documents/Code/Atlasbuggy/atlasbuggy/examples/arduino/multiple_arduinos.py:158>>' was cancelled
[MyOrchestrator @ orchestrator.py:109][DEBUG] 2017-10-20 16:11:31,861: Cancelling <Task cancelled coro=<AlgorithmNode.loop() done, defined at /Users/Woz4tetra/Documents/Code/Atlasbuggy/atlasbuggy/examples/arduino/multiple_arduinos.py:204>>: False
[MyOrchestrator @ orchestrator.py:112][DEBUG] 2017-10-20 16:11:31,862: Task '<Task cancelled coro=<AlgorithmNode.loop() done, defined at /Users/Woz4tetra/Documents/Code/Atlasbuggy/atlasbuggy/examples/arduino/multiple_arduinos.py:204>>' was cancelled
[MyOrchestrator @ orchestrator.py:67][INFO] 2017-10-20 16:11:31,862: halting
[MyOrchestrator @ orchestrator.py:70][INFO] 2017-10-20 16:11:31,862: Session took 4.98720383644104s to complete
[MyOrchestrator @ orchestrator.py:56][INFO] 2017-10-20 16:11:31,862: teardown
