[MyOrchestrator @ factory.py:85][DEBUG] 2017-10-27 19:30:11,891: Logging to: logs/record_video_demo/MyOrchestrator/record_video_demo.log
[MyOrchestrator @ orchestrator.py:223][INFO] 2017-10-27 19:30:11,893: 'OpenCVRecorder' is subscribing to 'OpenCVCamera' with the tag 'capture'
[MyOrchestrator @ orchestrator.py:197][INFO] 2017-10-27 19:30:11,893: Consumer 'OpenCVViewer' isn't enabled! Ignoring subscription to producer 'OpenCVCamera'
[MyOrchestrator @ orchestrator.py:108][DEBUG] 2017-10-27 19:30:11,893: Adding setup tasks. Apply subscriptions
[MyOrchestrator @ orchestrator.py:114][DEBUG] 2017-10-27 19:30:11,893: Running set up tasks (3). [<atlasbuggy.opencv.camera.OpenCVCamera object at 0x10cbae828>, <atlasbuggy.opencv.recorder.OpenCVRecorder object at 0x116a4f6d8>] and orchestrator setup
[MyOrchestrator @ orchestrator.py:68][INFO] 2017-10-27 19:30:11,893: setup
[MyOrchestrator @ orchestrator.py:117][DEBUG] 2017-10-27 19:30:12,480: Adding loop tasks
[MyOrchestrator @ orchestrator.py:123][DEBUG] 2017-10-27 19:30:12,480: Running loop tasks (3)
[MyOrchestrator @ orchestrator.py:129][DEBUG] 2017-10-27 19:30:21,392: 3 tasks to cancel
[MyOrchestrator @ orchestrator.py:132][DEBUG] 2017-10-27 19:30:21,392: Cancelling <Task pending coro=<Orchestrator.loop() running at /Users/Woz4tetra/Documents/Code/Atlasbuggy/atlasbuggy/orchestrator.py:73> wait_for=<Future cancelled> cb=[_wait.<locals>._on_completion() at /usr/local/Cellar/python3/3.6.2/Frameworks/Python.framework/Versions/3.6/lib/python3.6/asyncio/tasks.py:380]>: True
[MyOrchestrator @ orchestrator.py:132][DEBUG] 2017-10-27 19:30:21,392: Cancelling <Task cancelling coro=<OpenCVCamera.loop() running at /Users/Woz4tetra/Documents/Code/Atlasbuggy/atlasbuggy/opencv/camera.py:247> cb=[_wait.<locals>._on_completion() at /usr/local/Cellar/python3/3.6.2/Frameworks/Python.framework/Versions/3.6/lib/python3.6/asyncio/tasks.py:380]>: True
[MyOrchestrator @ orchestrator.py:132][DEBUG] 2017-10-27 19:30:21,393: Cancelling <Task pending coro=<OpenCVRecorder.loop() running at /Users/Woz4tetra/Documents/Code/Atlasbuggy/atlasbuggy/opencv/recorder.py:162> wait_for=<Future cancelled> cb=[_wait.<locals>._on_completion() at /usr/local/Cellar/python3/3.6.2/Frameworks/Python.framework/Versions/3.6/lib/python3.6/asyncio/tasks.py:380]>: True
[MyOrchestrator @ orchestrator.py:242][INFO] 2017-10-27 19:30:21,393: loop finished
[MyOrchestrator @ orchestrator.py:246][INFO] 2017-10-27 19:30:21,393: closing orchestrator
[MyOrchestrator @ orchestrator.py:129][DEBUG] 2017-10-27 19:30:21,393: 3 tasks to cancel
[MyOrchestrator @ orchestrator.py:132][DEBUG] 2017-10-27 19:30:21,394: Cancelling <Task cancelled coro=<Orchestrator.loop() done, defined at /Users/Woz4tetra/Documents/Code/Atlasbuggy/atlasbuggy/orchestrator.py:70>>: False
[MyOrchestrator @ orchestrator.py:135][DEBUG] 2017-10-27 19:30:21,394: Task '<Task cancelled coro=<Orchestrator.loop() done, defined at /Users/Woz4tetra/Documents/Code/Atlasbuggy/atlasbuggy/orchestrator.py:70>>' was cancelled
[MyOrchestrator @ orchestrator.py:132][DEBUG] 2017-10-27 19:30:21,394: Cancelling <Task cancelled coro=<OpenCVCamera.loop() done, defined at /Users/Woz4tetra/Documents/Code/Atlasbuggy/atlasbuggy/opencv/camera.py:228>>: False
[MyOrchestrator @ orchestrator.py:135][DEBUG] 2017-10-27 19:30:21,394: Task '<Task cancelled coro=<OpenCVCamera.loop() done, defined at /Users/Woz4tetra/Documents/Code/Atlasbuggy/atlasbuggy/opencv/camera.py:228>>' was cancelled
[MyOrchestrator @ orchestrator.py:132][DEBUG] 2017-10-27 19:30:21,394: Cancelling <Task cancelled coro=<OpenCVRecorder.loop() done, defined at /Users/Woz4tetra/Documents/Code/Atlasbuggy/atlasbuggy/opencv/recorder.py:152>>: False
[MyOrchestrator @ orchestrator.py:135][DEBUG] 2017-10-27 19:30:21,394: Task '<Task cancelled coro=<OpenCVRecorder.loop() done, defined at /Users/Woz4tetra/Documents/Code/Atlasbuggy/atlasbuggy/opencv/recorder.py:152>>' was cancelled
[MyOrchestrator @ orchestrator.py:89][INFO] 2017-10-27 19:30:21,394: halting
[MyOrchestrator @ orchestrator.py:92][INFO] 2017-10-27 19:30:21,394: Session took 9.502579927444458s to complete
[MyOrchestrator @ orchestrator.py:78][INFO] 2017-10-27 19:30:21,395: teardown
