[AlgorithmNode @ factory.py:83][DEBUG] 2017-10-21 00:56:09,253: Logging to: logs/multiple_arduinos_demo/AlgorithmNode/multiple_arduinos_demo.log
[AlgorithmNode @ node.py:53][INFO] 2017-10-21 00:56:09,256: setup
[AlgorithmNode @ multiple_arduinos.py:229][INFO] 2017-10-21 00:56:09,259: got initialization message: FastArduinoMessage(t=None, at=None, st=1508561768.704761, n=0, item1=None, item2=None)
[AlgorithmNode @ node.py:43][DEBUG] 2017-10-21 00:56:10,038: [log buffer start]
[DEBUG, 1508561769.367245]: got fast message: FastArduinoMessage(t=1508561769.3647082, at=0.653, st=None, n=1, item1=0.0, item2=0.0), delay: 0.002536773681640625
[DEBUG, 1508561769.7085361]: got slow message: SlowArduinoMessage(t=1508561769.706769, at=0.647, st=None n=1, array=[423, 2801, 3289, 3114, 1922, 2760, 3800, 2558, 3907, 1101, 2200, 3157, 652, 3042, 1203, 1863, 2327, 273, 920, 2388, 3631, 2833, 1581, 2821, 600, 1781, 363, 3542, 1928, 3335, 1177, 1170, 3912, 307, 3682, 1089, 3315, 3853, 35, 2789, 2143, 1328, 721, 1736, 1517, 1377, 2060, 1355, 2306, 1077, 57, 129, 1156, 1464, 1300, 2978, 924, 1716, 3674, 615, 3114, 1226, 2789, 584, 2537, 197, 1521, 688, 1732, 3093, 2954, 485, 2715, 2125, 825, 1526, 2039, 1768, 3233, 5, 2771, 2302, 1005, 3493, 2261, 243, 2777, 3300, 3163, 3066, 1132, 3523, 337, 994, 3104, 4014, 12, 3809, 3334, 1688]), delay: 0.0017671585083007812
[DEBUG, 1508561769.709707]: got fast message: FastArduinoMessage(t=1508561769.3772001, at=0.664, st=None, n=2, item1=1.0, item2=2.0), delay: 0.3325068950653076
[DEBUG, 1508561769.70978]: got fast message: FastArduinoMessage(t=1508561769.388375, at=0.674, st=None, n=3, item1=2.0, item2=4.0), delay: 0.32140493392944336
[DEBUG, 1508561769.709793]: got fast message: FastArduinoMessage(t=1508561769.40099, at=0.685, st=None, n=4, item1=3.0, item2=6.0), delay: 0.30880308151245117
[DEBUG, 1508561769.709805]: got fast message: FastArduinoMessage(t=1508561769.412606, at=0.695, st=None, n=5, item1=4.0, item2=8.0), delay: 0.297199010848999
[DEBUG, 1508561769.7098129]: got fast message: FastArduinoMessage(t=1508561769.412606, at=0.705, st=None, n=6, item1=5.0, item2=10.0), delay: 0.2972068786621094
[DEBUG, 1508561769.709824]: got fast message: FastArduinoMessage(t=1508561769.424118, at=0.715, st=None, n=7, item1=6.0, item2=12.0), delay: 0.2857060432434082
[DEBUG, 1508561769.709834]: got fast message: FastArduinoMessage(t=1508561769.435096, at=0.726, st=None, n=8, item1=7.0, item2=14.0), delay: 0.274738073348999
[DEBUG, 1508561769.709845]: got fast message: FastArduinoMessage(t=1508561769.4470248, at=0.736, st=None, n=9, item1=8.0, item2=16.0), delay: 0.2628202438354492
[DEBUG, 1508561769.709856]: got fast message: FastArduinoMessage(t=1508561769.4584792, at=0.746, st=None, n=10, item1=9.0, item2=18.0), delay: 0.2513768672943115
[DEBUG, 1508561769.709866]: got fast message: FastArduinoMessage(t=1508561769.469027, at=0.756, st=None, n=11, item1=10.0, item2=20.0), delay: 0.24083900451660156
[DEBUG, 1508561769.709877]: got fast message: FastArduinoMessage(t=1508561769.480542, at=0.766, st=None, n=12, item1=11.0, item2=22.0), delay: 0.22933506965637207
[DEBUG, 1508561769.709887]: got fast message: FastArduinoMessage(t=1508561769.49215, at=0.778, st=None, n=13, item1=12.0, item2=24.0), delay: 0.21773695945739746
[DEBUG, 1508561769.709897]: got fast message: FastArduinoMessage(t=1508561769.5037172, at=0.788, st=None, n=14, item1=13.0, item2=26.0), delay: 0.20617985725402832
[DEBUG, 1508561769.709907]: got fast message: FastArduinoMessage(t=1508561769.515119, at=0.798, st=None, n=15, item1=14.0, item2=28.0), delay: 0.19478797912597656
[DEBUG, 1508561769.709918]: got fast message: FastArduinoMessage(t=1508561769.52663, at=0.808, st=None, n=16, item1=15.0, item2=30.0), delay: 0.1832880973815918
[DEBUG, 1508561769.709926]: got fast message: FastArduinoMessage(t=1508561769.52663, at=0.819, st=None, n=17, item1=16.0, item2=32.0), delay: 0.18329596519470215
[DEBUG, 1508561769.7099361]: got fast message: FastArduinoMessage(t=1508561769.538183, at=0.829, st=None, n=18, item1=17.0, item2=34.0), delay: 0.1717531681060791
[DEBUG, 1508561769.7099469]: got fast message: FastArduinoMessage(t=1508561769.548747, at=0.839, st=None, n=19, item1=18.0, item2=36.0), delay: 0.16119980812072754
[DEBUG, 1508561769.7099571]: got fast message: FastArduinoMessage(t=1508561769.559924, at=0.85, st=None, n=20, item1=19.0, item2=38.0), delay: 0.15003323554992676
[DEBUG, 1508561769.7099671]: got fast message: FastArduinoMessage(t=1508561769.570957, at=0.861, st=None, n=21, item1=20.0, item2=40.0), delay: 0.13901019096374512
[DEBUG, 1508561769.709984]: got fast message: FastArduinoMessage(t=1508561769.58247, at=0.871, st=None, n=22, item1=21.0, item2=42.0), delay: 0.12751412391662598
[DEBUG, 1508561769.709995]: got fast message: FastArduinoMessage(t=1508561769.593886, at=0.881, st=None, n=23, item1=22.0, item2=44.0), delay: 0.11610913276672363
[DEBUG, 1508561769.710005]: got fast message: FastArduinoMessage(t=1508561769.605371, at=0.891, st=None, n=24, item1=23.0, item2=46.0), delay: 0.10463404655456543
[DEBUG, 1508561769.710015]: got fast message: FastArduinoMessage(t=1508561769.616937, at=0.902, st=None, n=25, item1=24.0, item2=48.0), delay: 0.0930781364440918
[DEBUG, 1508561769.710026]: got fast message: FastArduinoMessage(t=1508561769.627392, at=0.912, st=None, n=26, item1=25.0, item2=50.0), delay: 0.08263397216796875
[DEBUG, 1508561769.710036]: got fast message: FastArduinoMessage(t=1508561769.639362, at=0.923, st=None, n=27, item1=26.0, item2=52.0), delay: 0.07067394256591797
[DEBUG, 1508561769.710046]: got fast message: FastArduinoMessage(t=1508561769.650178, at=0.933, st=None, n=28, item1=27.0, item2=54.0), delay: 0.05986809730529785
[DEBUG, 1508561769.710054]: got fast message: FastArduinoMessage(t=1508561769.650178, at=0.944, st=None, n=29, item1=28.0, item2=56.0), delay: 0.0598759651184082
[DEBUG, 1508561769.7100642]: got fast message: FastArduinoMessage(t=1508561769.6617012, at=0.954, st=None, n=30, item1=29.0, item2=58.0), delay: 0.04836297035217285
[DEBUG, 1508561769.71008]: got fast message: FastArduinoMessage(t=1508561769.673182, at=0.964, st=None, n=31, item1=30.0, item2=60.0), delay: 0.036897897720336914
[DEBUG, 1508561769.7101]: got fast message: FastArduinoMessage(t=1508561769.683616, at=0.974, st=None, n=32, item1=31.0, item2=62.0), delay: 0.026484012603759766
[DEBUG, 1508561769.710111]: got fast message: FastArduinoMessage(t=1508561769.695174, at=0.985, st=None, n=33, item1=32.0, item2=64.0), delay: 0.01493692398071289
[DEBUG, 1508561769.710121]: got fast message: FastArduinoMessage(t=1508561769.706762, at=0.996, st=None, n=34, item1=33.0, item2=66.0), delay: 0.0033588409423828125
[DEBUG, 1508561769.710177]: average fast message: FastArduinoMessage(t=1508561769.3772001, at=0.664, st=None, n=2, item1=17.53125, item2=35.0625)
[DEBUG, 1508561769.710189]: got slow message: SlowArduinoMessage(t=1508561769.706769, at=0.687, st=None n=2, array=[109, 1889, 4095, 308, 2209, 3102, 2841, 2813, 2614, 592, 745, 3511, 2689, 3983, 4035, 1082, 798, 271, 3520, 1836, 580, 1109, 2682, 4040, 3755, 3664, 1225, 1458, 2270, 690, 2294, 2229, 3554, 2636, 79, 3037, 927, 3208, 3687, 701, 3534, 1567, 3058, 353, 256, 1934, 1656, 2455, 3479, 1294, 2612, 2658, 1799, 1239, 3166, 1095, 2721, 2136, 1065, 2190, 1883, 1954, 3061, 2914, 3142, 2438, 1948, 3780, 3886, 822, 2346, 3330, 2163, 3090, 3172, 3558, 3846, 903, 3311, 595, 1289, 2257, 3848, 2899, 847, 593, 504, 3429, 3471, 1972, 752, 2432, 951, 2763, 2841, 2030, 2202, 1259, 2519, 3864]), delay: 0.003420114517211914
[DEBUG, 1508561769.718755]: got fast message: FastArduinoMessage(t=1508561769.7174451, at=1.006, st=None, n=35, item1=34.0, item2=68.0), delay: 0.0013098716735839844
[DEBUG, 1508561769.719372]: got slow message: SlowArduinoMessage(t=1508561769.7180002, at=0.728, st=None n=3, array=[1740, 2127, 2210, 1148, 1932, 55, 3551, 3777, 685, 677, 2513, 3635, 4049, 3898, 2238, 2819, 240, 289, 3049, 3761, 1975, 2444, 2251, 1496, 3119, 127, 498, 691, 652, 621, 3656, 464, 2334, 1096, 3099, 3629, 3407, 2991, 2929, 3185, 128, 3423, 1239, 3570, 4051, 3486, 3572, 4036, 1777, 411, 3988, 3478, 744, 29, 4011, 2177, 2195, 1971, 1395, 3710, 2331, 2599, 3289, 196, 2361, 3927, 534, 100, 833, 1465, 3637, 2069, 2280, 240, 3644, 661, 1752, 488, 2510, 3870, 3352, 3940, 3834, 2989, 2920, 2269, 2812, 3929, 1586, 1043, 1793, 2313, 2105, 1803, 1039, 1055, 1509, 3018, 1137, 1128]), delay: 0.0013718605041503906
[DEBUG, 1508561769.730069]: got fast message: FastArduinoMessage(t=1508561769.729331, at=1.016, st=None, n=36, item1=35.0, item2=70.0), delay: 0.0007379055023193359
[DEBUG, 1508561769.730088]: got slow message: SlowArduinoMessage(t=1508561769.7180002, at=0.769, st=None n=4, array=[3077, 2552, 2614, 2862, 664, 3292, 1738, 1709, 3272, 3178, 2779, 493, 293, 2176, 538, 3738, 3741, 3791, 678, 38, 1859, 1305, 221, 3503, 232, 2106, 2697, 3269, 31, 1340, 621, 793, 1693, 1848, 2782, 1040, 4070, 1888, 1219, 1659, 1512, 3698, 2755, 2546, 3763, 2326, 352, 990, 395, 457, 345, 3074, 697, 2576, 2098, 2914, 2253, 1721, 577, 3319, 3699, 1654, 3573, 467, 3547, 2231, 675, 3285, 931, 647, 1145, 383, 1732, 897, 2970, 1539, 3422, 1226, 1648, 2380, 3565, 947, 2673, 784, 238, 1151, 3616, 1899, 1804, 3976, 1285, 3754, 3051, 3572, 3734, 62, 2172, 2375, 2056, 3790]), delay: 0.012087821960449219
[DEBUG, 1508561769.740695]: got fast message: FastArduinoMessage(t=1508561769.7399611, at=1.027, st=None, n=37, item1=36.0, item2=72.0), delay: 0.0007338523864746094
[DEBUG, 1508561769.74072]: got slow message: SlowArduinoMessage(t=1508561769.7297862, at=0.808, st=None n=5, array=[1165, 3662, 3081, 3619, 2662, 487, 1815, 3218, 3496, 3491, 3250, 2747, 461, 3054, 2354, 27, 62, 2837, 2616, 524, 1364, 286, 2032, 2963, 520, 2184, 662, 2207, 1396, 87, 1455, 225, 2437, 3720, 898, 3946, 2113, 2973, 600, 2097, 2332, 791, 2948, 949, 840, 3662, 2796, 3035, 825, 2623, 1642, 266, 4042, 2833, 1977, 2589, 3312, 134, 3691, 848, 1291, 2701, 2542, 2128, 3615, 727, 3819, 1947, 3278, 9, 3233, 1405, 1396, 786, 3659, 1350, 773, 685, 2300, 263, 2423, 3006, 1753, 641, 2157, 3213, 3966, 1668, 1160, 1108, 2378, 2584, 3800, 772, 2140, 435, 296, 2107, 2058, 3445]), delay: 0.010933876037597656
[DEBUG, 1508561769.751275]: got fast message: FastArduinoMessage(t=1508561769.750675, at=1.038, st=None, n=38, item1=37.0, item2=74.0), delay: 0.0006000995635986328
[DEBUG, 1508561769.7513092]: got slow message: SlowArduinoMessage(t=1508561769.7297862, at=0.848, st=None n=6, array=[1835, 136, 2331, 2655, 592, 3343, 3757, 181, 1424, 1040, 486, 2877, 27, 3174, 1359, 395, 3546, 2605, 4031, 1331, 2763, 619, 226, 2076, 2702, 3507, 748, 681, 2777, 2517, 4031, 532, 2636, 3080, 3817, 599, 3710, 1744, 2513, 2789, 2789, 608, 903, 2897, 2825, 1971, 3648, 2712, 1797, 640, 839, 317, 2492, 3886, 616, 410, 3387, 4072, 1592, 231, 3450, 2570, 563, 328, 254, 2710, 3086, 4041, 1983, 2177, 1498, 2870, 1265, 2950, 908, 421, 1490, 3399, 1160, 3322, 332, 1548, 2423, 3979, 2800, 465, 2339, 3348, 2600, 852, 1941, 2915, 1893, 2838, 719, 2624, 1670, 1819, 829, 3699]), delay: 0.021522998809814453
[DEBUG, 1508561769.762741]: got fast message: FastArduinoMessage(t=1508561769.76218, at=1.048, st=None, n=39, item1=38.0, item2=76.0), delay: 0.0005609989166259766
[DEBUG, 1508561769.762771]: got slow message: SlowArduinoMessage(t=1508561769.740457, at=0.889, st=None n=7, array=[2431, 979, 1117, 4027, 89, 1820, 347, 2653, 3621, 3217, 2414, 689, 216, 1377, 1142, 3505, 2126, 1550, 103, 1746, 976, 1337, 343, 1008, 975, 3436, 3975, 2435, 3659, 1011, 3112, 1364, 261, 2952, 2102, 523, 4007, 1223, 3525, 1272, 3973, 1601, 3939, 2895, 3255, 4026, 478, 2399, 404, 1535, 1639, 2589, 31, 1515, 3548, 3517, 2465, 2838, 722, 3546, 2935, 912, 3896, 1517, 2166, 3193, 2185, 1644, 809, 3353, 3467, 3366, 2135, 181, 396, 2384, 1258, 3077, 3663, 868, 3919, 577, 1577, 2760, 3258, 2189, 1933, 1620, 3147, 3954, 1910, 1075, 2781, 832, 1141, 3907, 2712, 3844, 2919, 3478]), delay: 0.022313833236694336
[DEBUG, 1508561769.774208]: got fast message: FastArduinoMessage(t=1508561769.773636, at=1.058, st=None, n=40, item1=39.0, item2=78.0), delay: 0.0005719661712646484
[DEBUG, 1508561769.7742238]: got slow message: SlowArduinoMessage(t=1508561769.740457, at=0.93, st=None n=8, array=[1760, 1080, 1122, 3695, 3823, 914, 823, 2510, 1115, 609, 91, 2496, 3718, 1143, 750, 1882, 3263, 2237, 1157, 3831, 575, 895, 2440, 360, 715, 2075, 607, 1466, 1612, 1811, 3849, 2801, 1632, 97, 682, 1299, 1336, 3361, 251, 2530, 2983, 1112, 2514, 1723, 1254, 2730, 3588, 522, 2452, 1037, 3137, 4023, 1235, 2744, 3689, 462, 2537, 325, 277, 1290, 420, 676, 1038, 1391, 247, 1305, 750, 2754, 2123, 2598, 2689, 3789, 2652, 3552, 2667, 3664, 1575, 820, 2870, 3672, 2112, 3174, 1796, 2918, 3926, 1493, 3055, 493, 2675, 3861, 1653, 3985, 3209, 3030, 2440, 3093, 477, 1721, 1765, 2552]), delay: 0.033766746520996094
[DEBUG, 1508561769.7848608]: got fast message: FastArduinoMessage(t=1508561769.7843132, at=1.069, st=None, n=41, item1=40.0, item2=80.0), delay: 0.0005476474761962891
[DEBUG, 1508561770.038367]: got slow message: SlowArduinoMessage(t=1508561770.0374038, at=0.97, st=None n=9, array=[2775, 3581, 3923, 2742, 1260, 2825, 614, 22, 2471, 1395, 3769, 3906, 3103, 2151, 3076, 206, 211, 3438, 4084, 1508, 132, 2234, 1292, 3692, 2650, 1352, 1365, 1479, 2076, 2867, 1701, 1098, 2248, 3115, 1512, 3075, 2277, 2511, 3537, 3445, 2423, 2975, 2244, 1348, 695, 2790, 426, 2448, 3329, 1518, 2298, 190, 444, 1548, 505, 3735, 84, 2952, 3452, 1403, 3850, 2599, 943, 2525, 1476, 3605, 2552, 2208, 2860, 1370, 1777, 3823, 2538, 2598, 429, 2846, 1117, 658, 1457, 994, 666, 1423, 1711, 1883, 289, 2438, 3523, 2825, 1615, 1098, 3091, 1915, 1231, 682, 1637, 2775, 946, 1396, 1825, 77]), delay: 0.0009632110595703125
[DEBUG, 1508561770.0384278]: got fast message: FastArduinoMessage(t=1508561769.795375, at=1.079, st=None, n=42, item1=41.0, item2=82.0), delay: 0.24305272102355957
[DEBUG, 1508561770.038452]: got fast message: FastArduinoMessage(t=1508561769.805836, at=1.09, st=None, n=43, item1=42.0, item2=84.0), delay: 0.23261594772338867
[DEBUG, 1508561770.038464]: got fast message: FastArduinoMessage(t=1508561769.816897, at=1.1, st=None, n=44, item1=43.0, item2=86.0), delay: 0.22156715393066406
[DEBUG, 1508561770.038479]: got fast message: FastArduinoMessage(t=1508561769.827806, at=1.111, st=None, n=45, item1=44.0, item2=88.0), delay: 0.21067309379577637
[DEBUG, 1508561770.0384881]: got fast message: FastArduinoMessage(t=1508561769.827806, at=1.121, st=None, n=46, item1=45.0, item2=90.0), delay: 0.21068215370178223
[DEBUG, 1508561770.0384982]: got fast message: FastArduinoMessage(t=1508561769.839377, at=1.131, st=None, n=47, item1=46.0, item2=92.0), delay: 0.19912123680114746
[DEBUG, 1508561770.0385091]: got fast message: FastArduinoMessage(t=1508561769.8508449, at=1.142, st=None, n=48, item1=47.0, item2=94.0), delay: 0.18766427040100098
[DEBUG, 1508561770.0385191]: got fast message: FastArduinoMessage(t=1508561769.862392, at=1.153, st=None, n=49, item1=48.0, item2=96.0), delay: 0.17612719535827637
[DEBUG, 1508561770.038529]: got fast message: FastArduinoMessage(t=1508561769.873871, at=1.163, st=None, n=50, item1=49.0, item2=98.0), delay: 0.1646578311920166
[DEBUG, 1508561770.038539]: got fast message: FastArduinoMessage(t=1508561769.884816, at=1.173, st=None, n=51, item1=50.0, item2=100.0), delay: 0.15372300148010254
[DEBUG, 1508561770.038553]: got fast message: FastArduinoMessage(t=1508561769.8963552, at=1.183, st=None, n=52, item1=51.0, item2=102.0), delay: 0.142197847366333
[DEBUG, 1508561770.038563]: got fast message: FastArduinoMessage(t=1508561769.907973, at=1.195, st=None, n=53, item1=52.0, item2=104.0), delay: 0.13058996200561523
[DEBUG, 1508561770.038573]: got fast message: FastArduinoMessage(t=1508561769.9195719, at=1.205, st=None, n=54, item1=53.0, item2=106.0), delay: 0.11900115013122559
[DEBUG, 1508561770.038583]: got fast message: FastArduinoMessage(t=1508561769.9311202, at=1.215, st=None, n=55, item1=54.0, item2=108.0), delay: 0.10746288299560547
[DEBUG, 1508561770.038593]: got fast message: FastArduinoMessage(t=1508561769.942591, at=1.225, st=None, n=56, item1=55.0, item2=110.0), delay: 0.09600210189819336
[DEBUG, 1508561770.038603]: got fast message: FastArduinoMessage(t=1508561769.954164, at=1.236, st=None, n=57, item1=56.0, item2=112.0), delay: 0.08443903923034668
[DEBUG, 1508561770.038611]: got fast message: FastArduinoMessage(t=1508561769.954164, at=1.247, st=None, n=58, item1=57.0, item2=114.0), delay: 0.08444690704345703
[DEBUG, 1508561770.038621]: got fast message: FastArduinoMessage(t=1508561769.965733, at=1.257, st=None, n=59, item1=58.0, item2=116.0), delay: 0.07288789749145508
[DEBUG, 1508561770.0386298]: got fast message: FastArduinoMessage(t=1508561769.977317, at=1.267, st=None, n=60, item1=59.0, item2=118.0), delay: 0.06131267547607422
[log buffer end]
[AlgorithmNode @ node.py:45][DEBUG] 2017-10-21 00:56:10,038: logging message buffer (len=16441)
[AlgorithmNode @ node.py:43][DEBUG] 2017-10-21 00:56:10,418: [log buffer start]
[DEBUG, 1508561770.039076]: got fast message: FastArduinoMessage(t=1508561769.9881651, at=1.278, st=None, n=61, item1=60.0, item2=120.0), delay: 0.05091094970703125
[DEBUG, 1508561770.0391018]: got fast message: FastArduinoMessage(t=1508561769.999619, at=1.289, st=None, n=62, item1=61.0, item2=122.0), delay: 0.039482831954956055
[DEBUG, 1508561770.0391119]: got fast message: FastArduinoMessage(t=1508561770.011073, at=1.299, st=None, n=63, item1=62.0, item2=124.0), delay: 0.028038740158081055
[DEBUG, 1508561770.039121]: got fast message: FastArduinoMessage(t=1508561770.022527, at=1.309, st=None, n=64, item1=63.0, item2=126.0), delay: 0.01659393310546875
[DEBUG, 1508561770.0391302]: got fast message: FastArduinoMessage(t=1508561770.0332348, at=1.32, st=None, n=65, item1=64.0, item2=128.0), delay: 0.005895376205444336
[DEBUG, 1508561770.039149]: average fast message: FastArduinoMessage(t=1508561769.795375, at=1.079, st=None, n=42, item1=54.78260869565217, item2=109.56521739130434)
[DEBUG, 1508561770.03916]: got slow message: SlowArduinoMessage(t=1508561770.0374038, at=1.011, st=None n=10, array=[1718, 76, 902, 4083, 1032, 3163, 1572, 3475, 654, 536, 3378, 3579, 1585, 1034, 3695, 6, 2881, 2945, 2274, 1432, 2002, 3888, 1634, 1195, 200, 3095, 1466, 1815, 2864, 291, 968, 2752, 2124, 1884, 2106, 3870, 2507, 3316, 4015, 3442, 3127, 3115, 56, 799, 1014, 664, 3173, 1736, 3056, 1763, 1991, 523, 3731, 3612, 3653, 3751, 2369, 1947, 2108, 3140, 3352, 2882, 235, 4090, 3276, 2877, 3335, 1802, 707, 3252, 2611, 2509, 1042, 3083, 1390, 3973, 2999, 557, 941, 719, 3648, 690, 1851, 3607, 3388, 1844, 1014, 1982, 3355, 1561, 2817, 2550, 3170, 1311, 3092, 1943, 3504, 901, 3535, 3214]), delay: 0.0017561912536621094
[DEBUG, 1508561770.045687]: got fast message: FastArduinoMessage(t=1508561770.04477, at=1.331, st=None, n=66, item1=65.0, item2=130.0), delay: 0.0009169578552246094
[DEBUG, 1508561770.050215]: got slow message: SlowArduinoMessage(t=1508561770.0482008, at=1.052, st=None n=11, array=[3737, 3229, 3736, 1390, 2296, 3071, 3898, 904, 3226, 2562, 568, 407, 3225, 2691, 1960, 616, 367, 3689, 3041, 2574, 2809, 1828, 3738, 1927, 2100, 1604, 1480, 848, 3359, 3865, 1192, 3751, 390, 2672, 2551, 2120, 1530, 576, 1308, 320, 1568, 2478, 2824, 1901, 625, 2135, 2467, 2691, 3710, 199, 2081, 1758, 2032, 1494, 736, 149, 2450, 908, 2907, 3448, 1773, 2715, 3733, 3670, 268, 1507, 2877, 1115, 2594, 2423, 3979, 230, 1389, 206, 2802, 1490, 1560, 376, 2004, 3201, 223, 500, 282, 3661, 2285, 714, 2813, 970, 2282, 436, 2749, 376, 2146, 2205, 1918, 3012, 2831, 3026, 3695, 1565]), delay: 0.00201416015625
[DEBUG, 1508561770.057462]: got fast message: FastArduinoMessage(t=1508561770.056627, at=1.341, st=None, n=67, item1=66.0, item2=132.0), delay: 0.0008349418640136719
[DEBUG, 1508561770.057489]: got slow message: SlowArduinoMessage(t=1508561770.0482008, at=1.093, st=None n=12, array=[2009, 3668, 202, 1412, 4003, 1973, 1851, 1412, 489, 2448, 3632, 2390, 2024, 3136, 131, 1658, 19, 400, 499, 3963, 1464, 685, 4071, 1945, 3034, 1985, 2276, 3685, 1496, 2577, 2705, 2917, 2887, 3563, 3147, 1898, 1046, 3632, 642, 1513, 2947, 54, 1076, 2209, 2850, 844, 2132, 1014, 1921, 2488, 2268, 880, 1191, 2450, 2240, 3019, 2630, 369, 2260, 2967, 3084, 2764, 3712, 1506, 3606, 140, 1001, 3360, 1740, 3471, 928, 1659, 1567, 1936, 489, 2185, 653, 3862, 513, 1945, 1555, 493, 1883, 2190, 2792, 680, 1246, 3962, 182, 3063, 1161, 2902, 2049, 3837, 3104, 740, 3743, 3543, 3134, 3439]), delay: 0.00928807258605957
[DEBUG, 1508561770.06832]: got fast message: FastArduinoMessage(t=1508561770.067453, at=1.352, st=None, n=68, item1=67.0, item2=134.0), delay: 0.0008671283721923828
[DEBUG, 1508561770.0683599]: got slow message: SlowArduinoMessage(t=1508561770.061143, at=1.134, st=None n=13, array=[1629, 2596, 2752, 2009, 1662, 1127, 3463, 1301, 2361, 3568, 3300, 2019, 2604, 1483, 614, 3959, 2479, 1776, 1587, 3414, 4049, 243, 121, 2057, 1093, 2281, 1600, 1337, 741, 282, 2659, 3507, 2760, 1600, 3255, 3406, 1584, 2643, 217, 1884, 1703, 2076, 2829, 2874, 1218, 2570, 3984, 3429, 1410, 2445, 560, 683, 91, 3323, 1633, 392, 936, 242, 3985, 3579, 3614, 2740, 3297, 494, 3536, 2110, 3375, 1375, 2645, 3980, 3840, 472, 3555, 264, 3905, 1312, 222, 3307, 1419, 2814, 1168, 2692, 553, 1459, 1898, 1417, 1898, 3909, 1494, 2084, 743, 403, 882, 1484, 1048, 3295, 2871, 1755, 1069, 2336]), delay: 0.007216930389404297
[DEBUG, 1508561770.079906]: got fast message: FastArduinoMessage(t=1508561770.079253, at=1.362, st=None, n=69, item1=68.0, item2=136.0), delay: 0.0006530284881591797
[DEBUG, 1508561770.079925]: got slow message: SlowArduinoMessage(t=1508561770.061143, at=1.175, st=None n=14, array=[2249, 3186, 2413, 3407, 1775, 3195, 748, 498, 2336, 1811, 3979, 83, 2748, 3412, 3266, 2266, 3398, 1562, 2201, 1365, 3247, 2803, 2367, 2095, 3475, 3805, 918, 326, 1099, 3827, 1512, 643, 3068, 855, 336, 4029, 2238, 2937, 2748, 1583, 2178, 2626, 3455, 833, 1246, 2882, 613, 410, 3524, 4017, 17, 1239, 1486, 2296, 3336, 80, 3, 2630, 2461, 2808, 1993, 1491, 1364, 1044, 2176, 710, 2692, 3351, 1543, 3790, 2380, 3215, 1085, 0, 1850, 505, 1666, 3757, 2101, 3778, 1651, 1341, 1039, 419, 3249, 2542, 3154, 934, 3802, 1715, 3426, 2051, 3289, 2202, 236, 3863, 410, 1366, 2139, 1616]), delay: 0.01878213882446289
[DEBUG, 1508561770.0908182]: got fast message: FastArduinoMessage(t=1508561770.090128, at=1.373, st=None, n=70, item1=69.0, item2=138.0), delay: 0.0006902217864990234
[DEBUG, 1508561770.090842]: got slow message: SlowArduinoMessage(t=1508561770.0729542, at=1.216, st=None n=15, array=[592, 3828, 896, 1827, 3420, 315, 1221, 2656, 426, 2344, 751, 3677, 2005, 82, 1115, 1786, 549, 2126, 1368, 3914, 902, 3581, 2237, 3403, 716, 2907, 1366, 1621, 1307, 1197, 0, 2341, 2396, 183, 2351, 2688, 877, 1151, 2876, 2899, 1843, 33, 3504, 1414, 1344, 3079, 4015, 3002, 590, 2319, 505, 3683, 2437, 1559, 4090, 2957, 888, 399, 1874, 1910, 1391, 58, 2856, 197, 3708, 1346, 3979, 3837, 2004, 3363, 3914, 2727, 2656, 1230, 1920, 68, 3807, 3358, 3871, 3770, 2904, 2280, 2737, 3033, 1989, 679, 925, 298, 1732, 857, 559, 1987, 279, 2, 3575, 4072, 819, 2897, 3538, 2838]), delay: 0.01788783073425293
[DEBUG, 1508561770.102269]: got fast message: FastArduinoMessage(t=1508561770.10169, at=1.383, st=None, n=71, item1=70.0, item2=140.0), delay: 0.0005788803100585938
[DEBUG, 1508561770.102286]: got fast message: FastArduinoMessage(t=1508561770.10169, at=1.393, st=None, n=72, item1=71.0, item2=142.0), delay: 0.0005960464477539062
[DEBUG, 1508561770.10231]: average fast message: FastArduinoMessage(t=1508561770.10169, at=1.383, st=None, n=71, item1=141.0, item2=282.0)
[DEBUG, 1508561770.1023219]: got slow message: SlowArduinoMessage(t=1508561770.0729542, at=1.256, st=None n=16, array=[524, 2825, 453, 206, 2981, 2132, 2034, 2505, 1338, 2657, 2240, 2880, 3042, 1573, 1889, 1069, 1778, 1717, 80, 2448, 3339, 3337, 126, 1304, 2403, 2435, 592, 739, 3258, 2581, 1993, 173, 3155, 974, 2584, 2657, 1595, 3594, 1684, 2168, 1585, 1787, 3416, 3624, 3919, 911, 809, 2074, 1152, 167, 3216, 1433, 192, 3677, 3578, 1081, 1103, 3324, 2846, 2690, 1404, 239, 2055, 3718, 647, 1630, 1371, 3348, 661, 1996, 3718, 3953, 1523, 3489, 1830, 467, 3146, 3567, 663, 1666, 2046, 3981, 1550, 1714, 800, 3199, 1115, 1477, 645, 3702, 1607, 265, 1710, 1697, 1321, 1219, 2940, 1472, 2941, 274]), delay: 0.029367685317993164
[DEBUG, 1508561770.1137779]: got fast message: FastArduinoMessage(t=1508561770.1131961, at=1.404, st=None, n=73, item1=72.0, item2=144.0), delay: 0.0005817413330078125
[DEBUG, 1508561770.384012]: got slow message: SlowArduinoMessage(t=1508561770.382924, at=1.297, st=None n=17, array=[1871, 811, 2009, 1465, 3814, 2328, 488, 1058, 2094, 3195, 131, 3435, 2888, 3898, 3806, 793, 3082, 3165, 2423, 1294, 4074, 1131, 94, 2811, 1467, 3089, 486, 203, 2593, 3215, 3684, 1349, 107, 2950, 3215, 1744, 1402, 2503, 1655, 439, 158, 1661, 2177, 174, 2668, 816, 2195, 2983, 2166, 1913, 38, 658, 1033, 3944, 3587, 1680, 410, 74, 3834, 3294, 182, 880, 3787, 1021, 121, 2277, 1926, 718, 1028, 2637, 4055, 899, 646, 3292, 3097, 2180, 3241, 3589, 3851, 2567, 2674, 2267, 575, 3793, 2441, 3621, 1617, 277, 1093, 1276, 2360, 40, 659, 1195, 3176, 1044, 1651, 2374, 890, 3709]), delay: 0.0010879039764404297
[DEBUG, 1508561770.384078]: got fast message: FastArduinoMessage(t=1508561770.1242812, at=1.415, st=None, n=74, item1=73.0, item2=146.0), delay: 0.2597968578338623
[DEBUG, 1508561770.384093]: got fast message: FastArduinoMessage(t=1508561770.13573, at=1.425, st=None, n=75, item1=74.0, item2=148.0), delay: 0.24836301803588867
[DEBUG, 1508561770.3841128]: got fast message: FastArduinoMessage(t=1508561770.14718, at=1.435, st=None, n=76, item1=75.0, item2=150.0), delay: 0.23693275451660156
[DEBUG, 1508561770.3841228]: got fast message: FastArduinoMessage(t=1508561770.15863, at=1.446, st=None, n=77, item1=76.0, item2=152.0), delay: 0.2254929542541504
[DEBUG, 1508561770.384133]: got fast message: FastArduinoMessage(t=1508561770.1702158, at=1.457, st=None, n=78, item1=77.0, item2=154.0), delay: 0.21391725540161133
[DEBUG, 1508561770.3841422]: got fast message: FastArduinoMessage(t=1508561770.181792, at=1.467, st=None, n=79, item1=78.0, item2=156.0), delay: 0.20235013961791992
[DEBUG, 1508561770.384151]: got fast message: FastArduinoMessage(t=1508561770.193263, at=1.477, st=None, n=80, item1=79.0, item2=158.0), delay: 0.1908879280090332
[DEBUG, 1508561770.38417]: got fast message: FastArduinoMessage(t=1508561770.204737, at=1.488, st=None, n=81, item1=80.0, item2=160.0), delay: 0.17943310737609863
[DEBUG, 1508561770.38418]: got fast message: FastArduinoMessage(t=1508561770.2153869, at=1.499, st=None, n=82, item1=81.0, item2=162.0), delay: 0.1687932014465332
[DEBUG, 1508561770.384208]: got fast message: FastArduinoMessage(t=1508561770.226442, at=1.509, st=None, n=83, item1=82.0, item2=164.0), delay: 0.15776586532592773
[DEBUG, 1508561770.384227]: got fast message: FastArduinoMessage(t=1508561770.226442, at=1.519, st=None, n=84, item1=83.0, item2=166.0), delay: 0.15778493881225586
[DEBUG, 1508561770.384236]: got fast message: FastArduinoMessage(t=1508561770.23697, at=1.53, st=None, n=85, item1=84.0, item2=168.0), delay: 0.14726614952087402
[DEBUG, 1508561770.384245]: got fast message: FastArduinoMessage(t=1508561770.248584, at=1.541, st=None, n=86, item1=85.0, item2=170.0), delay: 0.13566088676452637
[DEBUG, 1508561770.384255]: got fast message: FastArduinoMessage(t=1508561770.2596722, at=1.551, st=None, n=87, item1=86.0, item2=172.0), delay: 0.12458276748657227
[DEBUG, 1508561770.384274]: got fast message: FastArduinoMessage(t=1508561770.2712069, at=1.561, st=None, n=88, item1=87.0, item2=174.0), delay: 0.1130671501159668
[DEBUG, 1508561770.3842828]: got fast message: FastArduinoMessage(t=1508561770.281952, at=1.572, st=None, n=89, item1=88.0, item2=176.0), delay: 0.10233092308044434
[DEBUG, 1508561770.3842921]: got fast message: FastArduinoMessage(t=1508561770.29335, at=1.583, st=None, n=90, item1=89.0, item2=178.0), delay: 0.0909421443939209
[DEBUG, 1508561770.384301]: got fast message: FastArduinoMessage(t=1508561770.305156, at=1.593, st=None, n=91, item1=90.0, item2=180.0), delay: 0.07914495468139648
[DEBUG, 1508561770.38431]: got fast message: FastArduinoMessage(t=1508561770.316711, at=1.603, st=None, n=92, item1=91.0, item2=182.0), delay: 0.06759905815124512
[DEBUG, 1508561770.384319]: got fast message: FastArduinoMessage(t=1508561770.328193, at=1.613, st=None, n=93, item1=92.0, item2=184.0), delay: 0.05612611770629883
[DEBUG, 1508561770.384328]: got fast message: FastArduinoMessage(t=1508561770.339851, at=1.625, st=None, n=94, item1=93.0, item2=186.0), delay: 0.044476985931396484
[DEBUG, 1508561770.384337]: got fast message: FastArduinoMessage(t=1508561770.350612, at=1.635, st=None, n=95, item1=94.0, item2=188.0), delay: 0.03372502326965332
[DEBUG, 1508561770.384346]: got fast message: FastArduinoMessage(t=1508561770.362143, at=1.645, st=None, n=96, item1=95.0, item2=190.0), delay: 0.02220296859741211
[DEBUG, 1508561770.384355]: got fast message: FastArduinoMessage(t=1508561770.372875, at=1.655, st=None, n=97, item1=96.0, item2=192.0), delay: 0.011480093002319336
[DEBUG, 1508561770.384374]: average fast message: FastArduinoMessage(t=1508561770.1242812, at=1.415, st=None, n=74, item1=88.17391304347827, item2=176.34782608695653)
[DEBUG, 1508561770.3843899]: got slow message: SlowArduinoMessage(t=1508561770.382924, at=1.337, st=None n=18, array=[1527, 2401, 2721, 2385, 3439, 964, 939, 1992, 2964, 3122, 2702, 4079, 1119, 2975, 2001, 2441, 819, 2357, 3500, 3984, 512, 3926, 823, 3807, 1997, 1342, 957, 991, 2665, 3660, 621, 1514, 3632, 1802, 295, 1068, 590, 998, 1939, 1823, 2128, 3172, 2533, 4021, 2541, 2265, 1015, 552, 3288, 4084, 2451, 3853, 2366, 2017, 445, 859, 1177, 3231, 174, 2563, 2860, 1969, 1897, 2103, 3037, 2, 2682, 718, 809, 1894, 3982, 1701, 1971, 11, 2919, 2467, 1631, 3429, 3446, 666, 3027, 1790, 796, 1903, 3011, 1470, 3093, 434, 2380, 3492, 2163, 1541, 3447, 1448, 3458, 3682, 4034, 2683, 3090, 566]), delay: 0.0014657974243164062
[DEBUG, 1508561770.384622]: got fast message: FastArduinoMessage(t=1508561770.3837671, at=1.667, st=None, n=98, item1=97.0, item2=194.0), delay: 0.0008549690246582031
[DEBUG, 1508561770.384633]: got fast message: FastArduinoMessage(t=1508561770.3837671, at=1.677, st=None, n=99, item1=98.0, item2=196.0), delay: 0.000865936279296875
[DEBUG, 1508561770.3846452]: average fast message: FastArduinoMessage(t=1508561770.3837671, at=1.667, st=None, n=98, item1=195.0, item2=390.0)
[DEBUG, 1508561770.39519]: got slow message: SlowArduinoMessage(t=1508561770.393835, at=1.378, st=None n=19, array=[2454, 2622, 3273, 1490, 480, 1528, 2783, 2501, 1322, 2870, 1712, 60, 564, 4009, 3288, 884, 1312, 2373, 3561, 2746, 2163, 953, 2029, 907, 383, 1993, 3329, 2291, 840, 3386, 1245, 3024, 1863, 2366, 840, 1908, 2674, 3289, 2885, 1400, 2853, 3420, 3804, 1380, 3058, 3580, 118, 3807, 2481, 3342, 41, 4095, 3187, 1650, 3873, 4026, 702, 2733, 733, 342, 3496, 882, 10, 1698, 3771, 2201, 1549, 261, 2731, 3697, 1848, 1198, 839, 173, 2878, 3291, 1006, 2378, 2222, 3366, 1319, 2331, 2869, 685, 1819, 1158, 262, 3260, 2935, 551, 3767, 2417, 578, 1506, 1262, 2768, 3388, 3015, 642, 1484]), delay: 0.0013549327850341797
[DEBUG, 1508561770.395503]: got fast message: FastArduinoMessage(t=1508561770.3945239, at=1.687, st=None, n=100, item1=99.0, item2=198.0), delay: 0.0009791851043701172
[DEBUG, 1508561770.395533]: got slow message: SlowArduinoMessage(t=1508561770.393835, at=1.419, st=None n=20, array=[3497, 116, 1787, 1562, 2508, 2516, 2719, 2803, 1949, 2046, 922, 622, 1119, 1482, 3819, 1956, 1811, 600, 3522, 1828, 3649, 2518, 1914, 3558, 4077, 2613, 2976, 3216, 397, 289, 2209, 1372, 442, 1120, 1852, 1527, 2828, 1660, 95, 1444, 1469, 3525, 1457, 2442, 1585, 1813, 659, 2033, 1391, 663, 3982, 1864, 2625, 1773, 4039, 3267, 3929, 1833, 177, 2269, 2054, 2292, 2761, 495, 348, 2115, 1616, 719, 2565, 2198, 2260, 3544, 625, 2634, 74, 2693, 2325, 414, 1767, 356, 155, 3225, 2734, 2151, 3512, 3196, 1980, 1447, 3427, 993, 1703, 4079, 2592, 1280, 3374, 2941, 4027, 945, 426, 3504]), delay: 0.0016980171203613281
[DEBUG, 1508561770.407178]: got fast message: FastArduinoMessage(t=1508561770.406585, at=1.698, st=None, n=101, item1=100.0, item2=200.0), delay: 0.0005929470062255859
[DEBUG, 1508561770.407216]: got slow message: SlowArduinoMessage(t=1508561770.4051268, at=1.459, st=None n=21, array=[27, 3663, 2257, 874, 1725, 2780, 1382, 718, 482, 1352, 1992, 569, 1618, 862, 1393, 2927, 420, 2818, 3693, 1647, 3080, 1726, 1219, 2850, 2575, 3083, 2859, 2375, 2587, 886, 1997, 2823, 2586, 3620, 3239, 3000, 883, 3268, 1919, 1368, 2833, 4014, 2731, 3129, 1003, 2726, 806, 563, 3312, 3604, 1362, 2041, 1973, 3208, 740, 1930, 2781, 1567, 783, 2258, 2512, 651, 167, 68, 1084, 2123, 3641, 561, 3245, 587, 1830, 381, 3491, 2383, 2472, 4064, 132, 3077, 4032, 3548, 1697, 3461, 2777, 3607, 1640, 1910, 846, 1519, 3126, 2909, 4034, 749, 437, 553, 1462, 3281, 2895, 1869, 106, 948]), delay: 0.002089262008666992
[DEBUG, 1508561770.418713]: got fast message: FastArduinoMessage(t=1508561770.4179919, at=1.709, st=None, n=102, item1=101.0, item2=202.0), delay: 0.0007212162017822266
[DEBUG, 1508561770.4187572]: got slow message: SlowArduinoMessage(t=1508561770.4051268, at=1.5, st=None n=22, array=[2608, 728, 581, 397, 671, 3573, 1555, 1922, 1048, 4089, 2972, 1590, 2335, 3584, 1383, 1195, 4007, 2458, 1449, 23, 1910, 1019, 1492, 413, 237, 3592, 658, 13, 2516, 1290, 1191, 989, 2898, 1638, 1797, 3877, 2863, 1392, 389, 782, 3205, 3286, 3614, 1302, 3100, 634, 3691, 2094, 3592, 3359, 1708, 1541, 3051, 1823, 3320, 1217, 4012, 3786, 2638, 2883, 4056, 3662, 2493, 1644, 563, 2810, 907, 2486, 1575, 923, 1034, 3874, 1511, 1169, 1995, 803, 3698, 2863, 1872, 4084, 712, 2667, 2973, 488, 1713, 3444, 1573, 1448, 1428, 2969, 3437, 523, 2798, 2178, 2738, 3262, 3796, 851, 4029, 977]), delay: 0.013630390167236328
[log buffer end]
[AlgorithmNode @ node.py:45][DEBUG] 2017-10-21 00:56:10,418: logging message buffer (len=16952)
[AlgorithmNode @ node.py:43][DEBUG] 2017-10-21 00:56:11,056: [log buffer start]
[DEBUG, 1508561770.429548]: got fast message: FastArduinoMessage(t=1508561770.428821, at=1.719, st=None, n=103, item1=102.0, item2=204.0), delay: 0.0007269382476806641
[DEBUG, 1508561770.429578]: got slow message: SlowArduinoMessage(t=1508561770.4051268, at=1.541, st=None n=23, array=[3608, 1799, 3096, 562, 2752, 2545, 1609, 781, 1811, 1248, 3314, 1370, 3433, 1783, 1491, 3134, 1654, 1868, 2367, 1943, 3290, 1367, 2521, 415, 2876, 1420, 3369, 1642, 2347, 2441, 1750, 1234, 3594, 2924, 625, 1288, 1350, 1974, 2359, 3582, 3074, 2351, 218, 3412, 2556, 1366, 1613, 4046, 324, 1198, 2127, 1788, 3138, 1599, 1474, 1062, 766, 550, 3382, 1747, 223, 2473, 718, 1307, 2786, 2188, 3150, 3672, 3454, 1145, 203, 272, 1547, 1334, 599, 844, 2063, 2146, 3957, 3897, 3673, 115, 3807, 1975, 2736, 2531, 1882, 179, 847, 1351, 2537, 2775, 1817, 2294, 3438, 107, 3132, 1053, 3527, 3925]), delay: 0.024451255798339844
[DEBUG, 1508561770.4411259]: got fast message: FastArduinoMessage(t=1508561770.440405, at=1.73, st=None, n=104, item1=103.0, item2=206.0), delay: 0.000720977783203125
[DEBUG, 1508561770.4411469]: got slow message: SlowArduinoMessage(t=1508561770.4156742, at=1.582, st=None n=24, array=[3230, 859, 3110, 808, 3533, 1714, 3925, 3041, 1872, 3559, 3979, 574, 2198, 785, 2571, 3897, 93, 2469, 1535, 2546, 1743, 3646, 1862, 2686, 3134, 1938, 2258, 2483, 2077, 3523, 371, 1769, 940, 527, 1648, 2116, 2275, 285, 4025, 3485, 2187, 940, 3135, 3901, 1239, 2976, 3867, 2740, 2735, 3863, 3773, 2328, 3317, 16, 644, 1172, 2164, 438, 3207, 3705, 1436, 253, 760, 1756, 2798, 639, 3105, 2514, 1056, 2681, 1373, 3212, 437, 1052, 205, 1603, 1257, 2078, 1718, 2095, 1478, 1251, 1947, 2670, 583, 2619, 3273, 3275, 1364, 984, 1321, 2801, 3427, 34, 1266, 1089, 3108, 1294, 2100, 1487]), delay: 0.025472640991210938
[DEBUG, 1508561770.452327]: got fast message: FastArduinoMessage(t=1508561770.4511292, at=1.74, st=None, n=105, item1=104.0, item2=208.0), delay: 0.00119781494140625
[DEBUG, 1508561770.7210119]: got slow message: SlowArduinoMessage(t=1508561770.718782, at=1.623, st=None n=25, array=[2653, 570, 1420, 894, 2190, 2745, 2761, 3312, 1200, 1409, 2698, 331, 404, 1045, 15, 2565, 488, 2310, 39, 504, 2664, 561, 1268, 2734, 678, 1163, 133, 1888, 2644, 3543, 3109, 2152, 2368, 2870, 3731, 279, 3167, 2199, 2512, 2503, 4, 1545, 1554, 874, 365, 3574, 924, 1463, 573, 3265, 606, 2108, 1852, 2119, 1759, 1151, 361, 2541, 1053, 2352, 2162, 3067, 223, 1006, 2504, 2264, 1942, 2077, 2211, 4070, 3921, 2613, 2862, 3526, 1337, 3517, 93, 2627, 3415, 2927, 2761, 2871, 4077, 2529, 613, 590, 421, 1976, 2531, 1861, 3741, 3896, 140, 2725, 3993, 3784, 2952, 2911, 3202, 3352]), delay: 0.002229928970336914
[DEBUG, 1508561770.72111]: got fast message: FastArduinoMessage(t=1508561770.463285, at=1.751, st=None, n=106, item1=105.0, item2=210.0), delay: 0.2578251361846924
[DEBUG, 1508561770.7211509]: got fast message: FastArduinoMessage(t=1508561770.4742951, at=1.761, st=None, n=107, item1=106.0, item2=212.0), delay: 0.2468557357788086
[DEBUG, 1508561770.721174]: got fast message: FastArduinoMessage(t=1508561770.485872, at=1.772, st=None, n=108, item1=107.0, item2=214.0), delay: 0.23530197143554688
[DEBUG, 1508561770.721187]: got fast message: FastArduinoMessage(t=1508561770.4973829, at=1.782, st=None, n=109, item1=108.0, item2=216.0), delay: 0.22380423545837402
[DEBUG, 1508561770.721199]: got fast message: FastArduinoMessage(t=1508561770.5088892, at=1.793, st=None, n=110, item1=109.0, item2=218.0), delay: 0.2123098373413086
[DEBUG, 1508561770.72121]: got fast message: FastArduinoMessage(t=1508561770.521045, at=1.804, st=None, n=111, item1=110.0, item2=220.0), delay: 0.2001650333404541
[DEBUG, 1508561770.72122]: got fast message: FastArduinoMessage(t=1508561770.521045, at=1.814, st=None, n=112, item1=111.0, item2=222.0), delay: 0.20017504692077637
[DEBUG, 1508561770.721232]: got fast message: FastArduinoMessage(t=1508561770.532821, at=1.824, st=None, n=113, item1=112.0, item2=224.0), delay: 0.18841099739074707
[DEBUG, 1508561770.7212439]: got fast message: FastArduinoMessage(t=1508561770.544378, at=1.835, st=None, n=114, item1=113.0, item2=226.0), delay: 0.176865816116333
[DEBUG, 1508561770.7212548]: got fast message: FastArduinoMessage(t=1508561770.555375, at=1.846, st=None, n=115, item1=114.0, item2=228.0), delay: 0.1658797264099121
[DEBUG, 1508561770.721267]: got fast message: FastArduinoMessage(t=1508561770.56688, at=1.856, st=None, n=116, item1=115.0, item2=230.0), delay: 0.1543869972229004
[DEBUG, 1508561770.721278]: got fast message: FastArduinoMessage(t=1508561770.577569, at=1.866, st=None, n=117, item1=116.0, item2=232.0), delay: 0.1437089443206787
[DEBUG, 1508561770.721289]: got fast message: FastArduinoMessage(t=1508561770.588574, at=1.878, st=None, n=118, item1=117.0, item2=234.0), delay: 0.13271498680114746
[DEBUG, 1508561770.721303]: got fast message: FastArduinoMessage(t=1508561770.599639, at=1.888, st=None, n=119, item1=118.0, item2=236.0), delay: 0.12166404724121094
[DEBUG, 1508561770.7213151]: got fast message: FastArduinoMessage(t=1508561770.610728, at=1.898, st=None, n=120, item1=119.0, item2=238.0), delay: 0.11058712005615234
[DEBUG, 1508561770.721326]: got fast message: FastArduinoMessage(t=1508561770.62178, at=1.909, st=None, n=121, item1=120.0, item2=240.0), delay: 0.09954619407653809
[DEBUG, 1508561770.721337]: got fast message: FastArduinoMessage(t=1508561770.632847, at=1.92, st=None, n=122, item1=121.0, item2=242.0), delay: 0.08849000930786133
[DEBUG, 1508561770.721348]: got fast message: FastArduinoMessage(t=1508561770.644352, at=1.93, st=None, n=123, item1=122.0, item2=244.0), delay: 0.0769960880279541
[DEBUG, 1508561770.721359]: got fast message: FastArduinoMessage(t=1508561770.655749, at=1.94, st=None, n=124, item1=123.0, item2=246.0), delay: 0.06560993194580078
[DEBUG, 1508561770.7213702]: got fast message: FastArduinoMessage(t=1508561770.667347, at=1.951, st=None, n=125, item1=124.0, item2=248.0), delay: 0.05402326583862305
[DEBUG, 1508561770.7213812]: got fast message: FastArduinoMessage(t=1508561770.678814, at=1.961, st=None, n=126, item1=125.0, item2=250.0), delay: 0.04256725311279297
[DEBUG, 1508561770.7213912]: got fast message: FastArduinoMessage(t=1508561770.6896331, at=1.972, st=None, n=127, item1=126.0, item2=252.0), delay: 0.03175806999206543
[DEBUG, 1508561770.721403]: got fast message: FastArduinoMessage(t=1508561770.7012239, at=1.983, st=None, n=128, item1=127.0, item2=254.0), delay: 0.020179033279418945
[DEBUG, 1508561770.7214131]: got fast message: FastArduinoMessage(t=1508561770.7012239, at=1.993, st=None, n=129, item1=128.0, item2=256.0), delay: 0.020189285278320312
[DEBUG, 1508561770.72144]: got fast message: FastArduinoMessage(t=1508561770.712706, at=2.003, st=None, n=130, item1=129.0, item2=258.0), delay: 0.008733987808227539
[DEBUG, 1508561770.7214668]: average fast message: FastArduinoMessage(t=1508561770.463285, at=1.751, st=None, n=106, item1=121.875, item2=243.75)
[DEBUG, 1508561770.7214808]: got slow message: SlowArduinoMessage(t=1508561770.718782, at=1.664, st=None n=26, array=[1016, 469, 3256, 3970, 1272, 366, 162, 3990, 2598, 994, 2477, 3451, 1951, 163, 401, 3769, 270, 3719, 629, 441, 3809, 2176, 3360, 1027, 3986, 2403, 3526, 3155, 2852, 144, 1219, 1330, 457, 2347, 3000, 140, 1535, 2813, 496, 16, 4052, 2759, 2717, 3385, 2743, 3272, 2141, 545, 608, 3385, 2615, 3081, 783, 3568, 2473, 2019, 872, 636, 3581, 223, 2997, 566, 2649, 1720, 3617, 2986, 3574, 1919, 487, 493, 2535, 2566, 1595, 2497, 4055, 3425, 945, 1693, 197, 272, 1113, 980, 2531, 1289, 2039, 1561, 3440, 2866, 1332, 3299, 1208, 3690, 3116, 1352, 2765, 921, 3532, 932, 1164, 2732]), delay: 0.0026988983154296875
[DEBUG, 1508561770.724704]: got fast message: FastArduinoMessage(t=1508561770.723555, at=2.014, st=None, n=131, item1=130.0, item2=260.0), delay: 0.0011489391326904297
[DEBUG, 1508561770.724726]: got slow message: SlowArduinoMessage(t=1508561770.718782, at=1.704, st=None n=27, array=[3932, 3857, 2330, 4091, 3983, 1239, 2763, 2781, 1162, 2910, 3419, 1160, 3143, 2669, 2055, 2897, 2109, 3291, 3583, 3422, 2804, 1168, 2544, 633, 1479, 1979, 3360, 3074, 3065, 2702, 1380, 113, 2472, 3869, 2669, 2289, 895, 4039, 3126, 3575, 2471, 707, 3169, 425, 3141, 1975, 3578, 2434, 3333, 703, 605, 1227, 2537, 560, 1611, 2862, 1488, 2512, 1520, 786, 967, 2051, 3692, 3749, 3980, 2073, 2958, 3682, 2035, 1200, 1909, 2240, 3161, 1452, 1727, 1523, 3618, 3040, 338, 1134, 2666, 2334, 3885, 1060, 4083, 2372, 2796, 3270, 2445, 1988, 17, 944, 4081, 2305, 448, 3928, 4072, 2761, 2149, 1313]), delay: 0.005944013595581055
[DEBUG, 1508561770.736025]: got fast message: FastArduinoMessage(t=1508561770.735359, at=2.025, st=None, n=132, item1=131.0, item2=262.0), delay: 0.0006661415100097656
[DEBUG, 1508561770.736077]: got slow message: SlowArduinoMessage(t=1508561770.7309198, at=1.745, st=None n=28, array=[1686, 3915, 3635, 3446, 2597, 1279, 2419, 1479, 1218, 1633, 952, 852, 2305, 2505, 1027, 538, 274, 1623, 3176, 3787, 2439, 2901, 3469, 808, 2696, 1695, 1700, 1772, 3133, 1036, 631, 1843, 2375, 2629, 2486, 2881, 2695, 1250, 325, 3998, 401, 3995, 2824, 574, 3272, 1606, 3481, 591, 1628, 2236, 3682, 3280, 255, 3094, 3846, 3728, 3255, 1201, 4020, 1089, 1229, 2754, 2788, 4007, 3419, 601, 943, 3420, 2804, 3745, 3632, 2445, 1443, 420, 1679, 3951, 3495, 1283, 1337, 955, 3004, 534, 3126, 3114, 582, 2510, 221, 708, 3626, 1463, 941, 3057, 1669, 1965, 392, 2726, 3068, 3220, 2221, 3850]), delay: 0.0051572322845458984
[DEBUG, 1508561770.7475488]: got fast message: FastArduinoMessage(t=1508561770.746939, at=2.035, st=None, n=133, item1=132.0, item2=264.0), delay: 0.0006098747253417969
[DEBUG, 1508561770.7475789]: got slow message: SlowArduinoMessage(t=1508561770.7309198, at=1.786, st=None n=29, array=[2970, 670, 2927, 342, 3845, 2984, 2736, 3296, 3896, 3222, 2453, 639, 4037, 664, 638, 2345, 2506, 1579, 161, 370, 3079, 2265, 1782, 3416, 1795, 2026, 2942, 2597, 1455, 2970, 2751, 1683, 2016, 1731, 177, 3835, 144, 845, 278, 2995, 3596, 2192, 386, 2648, 1674, 3309, 3055, 3363, 824, 1161, 2365, 382, 1539, 968, 1399, 4049, 731, 336, 964, 1505, 1064, 3741, 1621, 2188, 3459, 2694, 1505, 3070, 3524, 1618, 3251, 917, 840, 3179, 2854, 2699, 3318, 644, 655, 1141, 1914, 2774, 115, 3455, 776, 651, 3128, 3591, 3997, 889, 3282, 128, 988, 414, 1789, 1318, 1569, 1725, 597, 2995]), delay: 0.016659021377563477
[DEBUG, 1508561770.758243]: got fast message: FastArduinoMessage(t=1508561770.757664, at=2.046, st=None, n=134, item1=133.0, item2=266.0), delay: 0.0005791187286376953
[DEBUG, 1508561770.758259]: got slow message: SlowArduinoMessage(t=1508561770.742622, at=1.826, st=None n=30, array=[532, 1972, 1970, 2264, 3765, 2302, 1875, 2918, 1260, 2813, 951, 4092, 26, 346, 2045, 4020, 183, 711, 88, 2812, 2085, 1094, 2920, 787, 2449, 811, 2167, 2865, 1422, 1553, 1352, 2508, 3909, 1271, 1517, 1767, 2035, 915, 980, 2287, 3810, 2711, 3183, 3924, 1831, 3852, 2461, 1128, 357, 441, 2219, 2149, 3818, 1413, 248, 1789, 3555, 3426, 2062, 2589, 3359, 3720, 1487, 2987, 1203, 1644, 1682, 1544, 3639, 1610, 2838, 3395, 318, 3043, 303, 2261, 2042, 1799, 2696, 3618, 1289, 618, 2118, 2857, 3129, 1147, 996, 814, 1459, 3789, 1192, 1100, 3210, 2916, 2354, 3513, 1811, 728, 532, 147]), delay: 0.01563715934753418
[DEBUG, 1508561770.769879]: got fast message: FastArduinoMessage(t=1508561770.7691882, at=2.057, st=None, n=135, item1=134.0, item2=268.0), delay: 0.0006909370422363281
[DEBUG, 1508561770.769902]: got slow message: SlowArduinoMessage(t=1508561770.742622, at=1.867, st=None n=31, array=[3485, 579, 3438, 1345, 577, 159, 1759, 937, 3086, 3171, 3922, 3066, 4087, 3807, 1824, 2453, 2844, 1568, 2371, 136, 2300, 1848, 1942, 1235, 2996, 1272, 3504, 3243, 979, 3500, 656, 2045, 3229, 2724, 690, 1704, 4025, 3607, 3734, 2108, 1418, 1628, 488, 509, 3847, 2564, 3063, 1126, 2919, 322, 1488, 2894, 573, 1016, 469, 95, 3490, 950, 1424, 3547, 1368, 2380, 3592, 4039, 3573, 1536, 2654, 2640, 2025, 277, 1671, 4023, 912, 1086, 1711, 4021, 3794, 93, 2613, 253, 1384, 845, 3308, 642, 2747, 1274, 501, 3248, 3595, 1579, 512, 1043, 1161, 1808, 401, 2911, 1456, 1555, 2854, 2417]), delay: 0.027280092239379883
[DEBUG, 1508561770.781256]: got fast message: FastArduinoMessage(t=1508561770.7805781, at=2.067, st=None, n=136, item1=135.0, item2=270.0), delay: 0.0006778240203857422
[DEBUG, 1508561770.781278]: got slow message: SlowArduinoMessage(t=1508561770.7543051, at=1.908, st=None n=32, array=[378, 3043, 1391, 1545, 3998, 201, 2890, 3009, 4088, 1894, 3943, 1965, 3047, 1249, 3281, 1556, 2951, 665, 670, 2262, 2866, 2077, 1177, 6, 1792, 3512, 3922, 3368, 3180, 565, 897, 3019, 4081, 2099, 1187, 516, 2171, 2849, 466, 833, 394, 2946, 1382, 890, 4019, 815, 3878, 1036, 3413, 1115, 1408, 737, 571, 1090, 3668, 1508, 2503, 2646, 658, 2946, 1338, 3386, 6, 2951, 1068, 1263, 3927, 483, 2433, 977, 1188, 4058, 4073, 2840, 3635, 776, 2644, 424, 2443, 2667, 1181, 2707, 254, 968, 388, 1979, 3172, 1983, 2567, 201, 2711, 2549, 3951, 3014, 2411, 1919, 770, 2298, 2653, 3518]), delay: 0.02697277069091797
[DEBUG, 1508561770.7922812]: got fast message: FastArduinoMessage(t=1508561770.79134, at=2.077, st=None, n=137, item1=136.0, item2=272.0), delay: 0.0009410381317138672
[DEBUG, 1508561770.7923148]: got slow message: SlowArduinoMessage(t=1508561770.7543051, at=1.949, st=None n=33, array=[1619, 1227, 2236, 2480, 1353, 1025, 2468, 155, 2437, 3321, 3967, 3866, 2858, 1523, 3119, 3881, 3032, 4058, 2447, 3200, 120, 3557, 1490, 1245, 95, 3457, 2382, 2827, 6, 999, 912, 2621, 2727, 3250, 895, 2130, 4038, 2931, 3691, 3097, 3292, 1741, 580, 1901, 1101, 2252, 3063, 3689, 3974, 1224, 368, 1538, 690, 2931, 3442, 438, 2629, 1282, 1700, 2441, 816, 844, 831, 2605, 3146, 2411, 1855, 2940, 342, 3979, 2974, 3359, 283, 3195, 3992, 575, 392, 867, 2516, 1421, 2979, 4010, 2587, 1140, 1599, 3590, 2962, 551, 1108, 3822, 3724, 2421, 2714, 2310, 234, 2205, 1931, 3682, 4083, 3810]), delay: 0.0380096435546875
[DEBUG, 1508561770.803873]: got fast message: FastArduinoMessage(t=1508561770.8030689, at=2.088, st=None, n=138, item1=137.0, item2=274.0), delay: 0.0008041858673095703
[DEBUG, 1508561771.056135]: got slow message: SlowArduinoMessage(t=1508561771.0542378, at=1.99, st=None n=34, array=[3571, 3152, 1904, 2357, 3054, 1824, 2872, 3841, 929, 3807, 3131, 876, 1068, 300, 926, 560, 1068, 3486, 2615, 1359, 2831, 2359, 3610, 668, 2342, 2171, 356, 338, 738, 1606, 1441, 3129, 486, 1904, 1082, 199, 2754, 66, 2961, 2897, 3635, 1807, 152, 3076, 1912, 1044, 92, 4050, 1755, 2615, 1015, 3079, 1316, 2586, 1492, 2377, 3224, 658, 209, 751, 3819, 1671, 792, 478, 498, 89, 1304, 954, 2509, 3303, 119, 3470, 2256, 1057, 297, 1187, 3513, 3567, 435, 326, 1460, 652, 817, 489, 2085, 4015, 3617, 1068, 3453, 3314, 2042, 3778, 3964, 1392, 3394, 2212, 3636, 54, 3938, 1818]), delay: 0.0018970966339111328
[DEBUG, 1508561771.0563269]: got fast message: FastArduinoMessage(t=1508561770.814806, at=2.099, st=None, n=139, item1=138.0, item2=276.0), delay: 0.24152088165283203
[DEBUG, 1508561771.056361]: got fast message: FastArduinoMessage(t=1508561770.826263, at=2.109, st=None, n=140, item1=139.0, item2=278.0), delay: 0.23009800910949707
[DEBUG, 1508561771.056376]: got fast message: FastArduinoMessage(t=1508561770.837374, at=2.12, st=None, n=141, item1=140.0, item2=280.0), delay: 0.21900200843811035
[DEBUG, 1508561771.056392]: got fast message: FastArduinoMessage(t=1508561770.849325, at=2.13, st=None, n=142, item1=141.0, item2=282.0), delay: 0.20706701278686523
[DEBUG, 1508561771.0564082]: got fast message: FastArduinoMessage(t=1508561770.849325, at=2.141, st=None, n=143, item1=142.0, item2=284.0), delay: 0.20708322525024414
[DEBUG, 1508561771.056421]: got fast message: FastArduinoMessage(t=1508561770.860961, at=2.151, st=None, n=144, item1=143.0, item2=286.0), delay: 0.19546008110046387
[DEBUG, 1508561771.056433]: got fast message: FastArduinoMessage(t=1508561770.871948, at=2.162, st=None, n=145, item1=144.0, item2=288.0), delay: 0.18448495864868164
[DEBUG, 1508561771.056448]: got fast message: FastArduinoMessage(t=1508561770.8831239, at=2.172, st=None, n=146, item1=145.0, item2=290.0), delay: 0.1733241081237793
[DEBUG, 1508561771.056471]: got fast message: FastArduinoMessage(t=1508561770.893635, at=2.183, st=None, n=147, item1=146.0, item2=292.0), delay: 0.16283607482910156
[DEBUG, 1508561771.056482]: got fast message: FastArduinoMessage(t=1508561770.904667, at=2.194, st=None, n=148, item1=147.0, item2=294.0), delay: 0.15181517601013184
[log buffer end]
[AlgorithmNode @ node.py:45][DEBUG] 2017-10-21 00:56:11,056: logging message buffer (len=16506)
[AlgorithmNode @ node.py:43][DEBUG] 2017-10-21 00:56:11,417: [log buffer start]
[DEBUG, 1508561771.056962]: got fast message: FastArduinoMessage(t=1508561770.915533, at=2.204, st=None, n=149, item1=148.0, item2=296.0), delay: 0.14142894744873047
[DEBUG, 1508561771.05698]: got fast message: FastArduinoMessage(t=1508561770.927197, at=2.214, st=None, n=150, item1=149.0, item2=298.0), delay: 0.12978291511535645
[DEBUG, 1508561771.0569909]: got fast message: FastArduinoMessage(t=1508561770.9390981, at=2.225, st=None, n=151, item1=150.0, item2=300.0), delay: 0.11789274215698242
[DEBUG, 1508561771.057003]: got fast message: FastArduinoMessage(t=1508561770.950654, at=2.236, st=None, n=152, item1=151.0, item2=302.0), delay: 0.10634899139404297
[DEBUG, 1508561771.057014]: got fast message: FastArduinoMessage(t=1508561770.962188, at=2.246, st=None, n=153, item1=152.0, item2=304.0), delay: 0.09482598304748535
[DEBUG, 1508561771.057024]: got fast message: FastArduinoMessage(t=1508561770.9737651, at=2.256, st=None, n=154, item1=153.0, item2=306.0), delay: 0.08325886726379395
[DEBUG, 1508561771.057035]: got fast message: FastArduinoMessage(t=1508561770.9849868, at=2.268, st=None, n=155, item1=154.0, item2=308.0), delay: 0.07204818725585938
[DEBUG, 1508561771.057045]: got fast message: FastArduinoMessage(t=1508561770.995567, at=2.278, st=None, n=156, item1=155.0, item2=310.0), delay: 0.0614778995513916
[DEBUG, 1508561771.0570529]: got fast message: FastArduinoMessage(t=1508561770.995567, at=2.288, st=None, n=157, item1=156.0, item2=312.0), delay: 0.06148576736450195
[DEBUG, 1508561771.0570629]: got fast message: FastArduinoMessage(t=1508561771.0071502, at=2.299, st=None, n=158, item1=157.0, item2=314.0), delay: 0.04991269111633301
[DEBUG, 1508561771.0570729]: got fast message: FastArduinoMessage(t=1508561771.018471, at=2.31, st=None, n=159, item1=158.0, item2=316.0), delay: 0.03860187530517578
[DEBUG, 1508561771.0570822]: got fast message: FastArduinoMessage(t=1508561771.030758, at=2.32, st=None, n=160, item1=159.0, item2=318.0), delay: 0.02632427215576172
[DEBUG, 1508561771.0570922]: got fast message: FastArduinoMessage(t=1508561771.041585, at=2.33, st=None, n=161, item1=160.0, item2=320.0), delay: 0.015507221221923828
[DEBUG, 1508561771.0571032]: got fast message: FastArduinoMessage(t=1508561771.052734, at=2.341, st=None, n=162, item1=161.0, item2=322.0), delay: 0.004369258880615234
[DEBUG, 1508561771.0571241]: average fast message: FastArduinoMessage(t=1508561770.814806, at=2.099, st=None, n=139, item1=156.0, item2=312.0)
[DEBUG, 1508561771.057135]: got slow message: SlowArduinoMessage(t=1508561771.0542378, at=2.03, st=None n=35, array=[2479, 3022, 3206, 2499, 1352, 2360, 250, 4049, 227, 3995, 603, 523, 1540, 2233, 3038, 3982, 3284, 3886, 2249, 1290, 742, 3366, 3880, 3522, 2041, 3313, 627, 2024, 1492, 3852, 1425, 3606, 548, 2970, 1232, 1083, 1029, 1494, 2495, 2985, 1910, 1044, 3987, 3796, 2467, 377, 790, 3688, 2273, 3942, 3410, 876, 3832, 2576, 483, 847, 171, 1857, 2753, 1095, 3500, 2548, 1366, 2425, 1480, 3931, 2094, 1506, 3116, 1099, 1436, 430, 1123, 1516, 1769, 127, 1690, 1229, 2421, 1518, 3441, 2931, 1167, 760, 3638, 2047, 1032, 1032, 3741, 3956, 1352, 3392, 1887, 3289, 622, 1969, 1827, 1826, 3956, 2280]), delay: 0.0028972625732421875
[DEBUG, 1508561771.0642948]: got fast message: FastArduinoMessage(t=1508561771.0635679, at=2.352, st=None, n=163, item1=162.0, item2=324.0), delay: 0.0007269382476806641
[DEBUG, 1508561771.0678139]: got slow message: SlowArduinoMessage(t=1508561771.066549, at=2.071, st=None n=36, array=[3664, 2682, 696, 3067, 1282, 1794, 2506, 1970, 3681, 3643, 1299, 3251, 99, 1243, 241, 215, 3687, 1771, 3589, 2879, 2661, 540, 729, 3154, 2004, 3149, 978, 573, 296, 3898, 3955, 3367, 1131, 2454, 931, 2246, 3210, 2370, 2011, 2145, 3497, 1755, 175, 787, 750, 1121, 2106, 3057, 315, 695, 2171, 3804, 1623, 3290, 1484, 2444, 1250, 1296, 1697, 3295, 273, 3073, 1428, 498, 2868, 933, 3712, 1255, 1622, 842, 2073, 2731, 3925, 2694, 4016, 356, 36, 3223, 4081, 642, 2325, 940, 1123, 671, 808, 109, 333, 2286, 910, 3742, 2591, 3963, 2957, 718, 199, 2053, 1257, 2767, 3791, 4095]), delay: 0.001264810562133789
[DEBUG, 1508561771.076239]: got fast message: FastArduinoMessage(t=1508561771.0756118, at=2.363, st=None, n=164, item1=163.0, item2=326.0), delay: 0.0006272792816162109
[DEBUG, 1508561771.076262]: got slow message: SlowArduinoMessage(t=1508561771.066549, at=2.111, st=None n=37, array=[2996, 572, 1631, 2109, 24, 2544, 3951, 1152, 672, 362, 3382, 2105, 2669, 3670, 439, 3823, 1768, 3355, 3584, 4016, 839, 1192, 2955, 2989, 3103, 731, 2587, 1471, 304, 2161, 3657, 2530, 2965, 1085, 3748, 891, 403, 147, 2672, 665, 924, 1988, 3648, 1522, 280, 1249, 189, 2308, 3788, 38, 1169, 192, 1475, 821, 2099, 3625, 2841, 1979, 1628, 2129, 2395, 493, 276, 182, 2225, 3069, 3298, 2881, 2424, 647, 251, 1281, 3390, 1897, 1037, 3021, 3678, 240, 3270, 310, 230, 419, 132, 2552, 808, 704, 2361, 1596, 507, 1385, 2711, 536, 2247, 3507, 1507, 1935, 3301, 1181, 968, 1424]), delay: 0.009712934494018555
[DEBUG, 1508561771.0881689]: got fast message: FastArduinoMessage(t=1508561771.087274, at=2.373, st=None, n=165, item1=164.0, item2=328.0), delay: 0.0008947849273681641
[DEBUG, 1508561771.0881898]: got slow message: SlowArduinoMessage(t=1508561771.077916, at=2.151, st=None n=38, array=[467, 2348, 2719, 3788, 129, 585, 587, 3949, 1366, 2089, 3605, 3458, 3498, 3171, 2786, 3993, 1062, 3288, 739, 23, 363, 2326, 2538, 2272, 1601, 2325, 1433, 702, 2363, 3608, 2958, 2158, 364, 262, 2264, 3236, 233, 878, 2157, 472, 2626, 3887, 214, 3835, 2937, 1358, 376, 1169, 2864, 3486, 425, 3576, 980, 3978, 935, 2710, 3119, 3381, 2322, 3061, 2160, 3349, 1210, 2248, 3950, 681, 1645, 3113, 47, 623, 1497, 3118, 542, 2741, 2067, 240, 3597, 4020, 617, 1553, 2941, 3839, 3983, 3871, 493, 533, 1576, 1442, 2452, 1114, 396, 3263, 2793, 2131, 1463, 2511, 1102, 315, 59, 1257]), delay: 0.010273933410644531
[DEBUG, 1508561771.0996711]: got fast message: FastArduinoMessage(t=1508561771.099033, at=2.383, st=None, n=166, item1=165.0, item2=330.0), delay: 0.0006380081176757812
[DEBUG, 1508561771.099691]: got slow message: SlowArduinoMessage(t=1508561771.077916, at=2.192, st=None n=39, array=[1163, 174, 2643, 81, 3315, 3711, 3369, 1523, 2202, 1215, 257, 837, 2929, 3155, 2262, 3894, 2564, 1681, 4087, 1681, 3396, 3482, 1004, 2987, 1564, 2565, 987, 1390, 2656, 674, 2024, 434, 1533, 3420, 3693, 360, 3827, 566, 2635, 901, 3679, 1887, 1346, 168, 2085, 153, 89, 2074, 1326, 3853, 2202, 973, 3434, 185, 496, 1228, 1358, 1470, 2206, 3085, 497, 3755, 2995, 3379, 3872, 3832, 3259, 1245, 4042, 2389, 2699, 490, 3913, 3903, 1148, 2282, 1741, 3197, 2564, 800, 79, 800, 1284, 3285, 1104, 601, 4064, 892, 157, 1675, 1210, 1870, 996, 1204, 1960, 964, 3169, 2355, 3321, 1128]), delay: 0.021775007247924805
[DEBUG, 1508561771.110332]: got fast message: FastArduinoMessage(t=1508561771.109598, at=2.394, st=None, n=167, item1=166.0, item2=332.0), delay: 0.0007340908050537109
[DEBUG, 1508561771.110373]: got slow message: SlowArduinoMessage(t=1508561771.0892959, at=2.232, st=None n=40, array=[2266, 3171, 2020, 3044, 2825, 2768, 3678, 3970, 2394, 74, 2467, 2615, 3140, 4084, 537, 707, 3711, 2981, 957, 271, 2342, 702, 552, 3936, 1610, 3270, 3821, 1059, 3267, 2140, 351, 2367, 3775, 3891, 187, 418, 3838, 3349, 3827, 808, 1866, 3688, 3249, 4017, 1725, 1637, 692, 2631, 2441, 1813, 3023, 56, 3954, 955, 3923, 156, 165, 2741, 238, 2436, 356, 3468, 1002, 587, 560, 1474, 3800, 3436, 3436, 3812, 3001, 2469, 3632, 1789, 3365, 1154, 1177, 839, 2960, 1475, 4088, 3768, 2263, 1853, 3558, 314, 3539, 2168, 3651, 1684, 3523, 2004, 3577, 3994, 3916, 1481, 3270, 3314, 1497, 3072]), delay: 0.02107715606689453
[DEBUG, 1508561771.121866]: got fast message: FastArduinoMessage(t=1508561771.121221, at=2.405, st=None, n=168, item1=167.0, item2=334.0), delay: 0.0006449222564697266
[DEBUG, 1508561771.121886]: got slow message: SlowArduinoMessage(t=1508561771.0892959, at=2.273, st=None n=41, array=[2759, 2110, 1045, 1680, 2954, 1232, 3066, 2751, 3240, 476, 3232, 923, 414, 215, 1565, 1792, 3088, 2004, 452, 1998, 3067, 78, 3495, 2855, 135, 3717, 3057, 981, 86, 112, 3033, 3687, 3388, 2988, 445, 2571, 4017, 3451, 3322, 1096, 2614, 467, 3236, 2989, 2232, 2384, 1587, 2659, 2399, 3163, 3085, 2620, 3520, 53, 2948, 1333, 2035, 1632, 1037, 3623, 2740, 2952, 353, 3147, 1532, 222, 1705, 3287, 4017, 564, 628, 774, 16, 117, 2018, 649, 3950, 1163, 549, 2378, 3819, 504, 3047, 432, 374, 1743, 327, 4084, 2672, 551, 3876, 3709, 3574, 1816, 3219, 2049, 3643, 2941, 3781, 1161]), delay: 0.03259015083312988
[DEBUG, 1508561771.1335099]: got fast message: FastArduinoMessage(t=1508561771.132799, at=2.415, st=None, n=169, item1=168.0, item2=336.0), delay: 0.0007109642028808594
[DEBUG, 1508561771.3867872]: got slow message: SlowArduinoMessage(t=1508561771.385418, at=2.313, st=None n=42, array=[2319, 1391, 1720, 2972, 1403, 3646, 3208, 437, 3311, 395, 3956, 3627, 32, 413, 1270, 425, 1945, 2048, 2643, 2650, 3027, 2091, 3615, 2712, 783, 3711, 2399, 46, 1043, 1734, 2120, 3211, 3485, 2076, 952, 672, 2481, 2712, 1847, 3182, 3612, 278, 1360, 3677, 3996, 4025, 1547, 3681, 204, 462, 723, 594, 3670, 229, 5, 2369, 1151, 1877, 3082, 2686, 416, 67, 717, 1663, 2389, 1513, 1355, 1118, 1884, 2840, 1467, 3494, 190, 319, 34, 151, 2855, 1482, 208, 802, 623, 3713, 53, 863, 3875, 685, 2305, 36, 3016, 1769, 2737, 3255, 1699, 3016, 617, 67, 2208, 1643, 1175, 3222]), delay: 0.0013692378997802734
[DEBUG, 1508561771.386869]: got fast message: FastArduinoMessage(t=1508561771.1433668, at=2.425, st=None, n=170, item1=169.0, item2=338.0), delay: 0.24350214004516602
[DEBUG, 1508561771.38689]: got fast message: FastArduinoMessage(t=1508561771.1433668, at=2.437, st=None, n=171, item1=170.0, item2=340.0), delay: 0.24352312088012695
[DEBUG, 1508561771.3869052]: got fast message: FastArduinoMessage(t=1508561771.15394, at=2.447, st=None, n=172, item1=171.0, item2=342.0), delay: 0.23296523094177246
[DEBUG, 1508561771.386919]: got fast message: FastArduinoMessage(t=1508561771.165296, at=2.457, st=None, n=173, item1=172.0, item2=344.0), delay: 0.22162294387817383
[DEBUG, 1508561771.386931]: got fast message: FastArduinoMessage(t=1508561771.176794, at=2.467, st=None, n=174, item1=173.0, item2=346.0), delay: 0.21013689041137695
[DEBUG, 1508561771.386945]: got fast message: FastArduinoMessage(t=1508561771.1883159, at=2.479, st=None, n=175, item1=174.0, item2=348.0), delay: 0.19862914085388184
[DEBUG, 1508561771.386956]: got fast message: FastArduinoMessage(t=1508561771.199888, at=2.489, st=None, n=176, item1=175.0, item2=350.0), delay: 0.18706798553466797
[DEBUG, 1508561771.386967]: got fast message: FastArduinoMessage(t=1508561771.211405, at=2.499, st=None, n=177, item1=176.0, item2=352.0), delay: 0.17556190490722656
[DEBUG, 1508561771.3869781]: got fast message: FastArduinoMessage(t=1508561771.2224262, at=2.51, st=None, n=178, item1=177.0, item2=354.0), delay: 0.1645519733428955
[DEBUG, 1508561771.386989]: got fast message: FastArduinoMessage(t=1508561771.235154, at=2.521, st=None, n=179, item1=178.0, item2=356.0), delay: 0.15183520317077637
[DEBUG, 1508561771.387]: got fast message: FastArduinoMessage(t=1508561771.246749, at=2.531, st=None, n=180, item1=179.0, item2=358.0), delay: 0.14025115966796875
[DEBUG, 1508561771.387011]: got fast message: FastArduinoMessage(t=1508561771.258395, at=2.541, st=None, n=181, item1=180.0, item2=360.0), delay: 0.1286160945892334
[DEBUG, 1508561771.387021]: got fast message: FastArduinoMessage(t=1508561771.269845, at=2.552, st=None, n=182, item1=181.0, item2=362.0), delay: 0.11717605590820312
[DEBUG, 1508561771.3870301]: got fast message: FastArduinoMessage(t=1508561771.269845, at=2.563, st=None, n=183, item1=182.0, item2=364.0), delay: 0.11718511581420898
[DEBUG, 1508561771.387042]: got fast message: FastArduinoMessage(t=1508561771.280972, at=2.573, st=None, n=184, item1=183.0, item2=366.0), delay: 0.10607004165649414
[DEBUG, 1508561771.387053]: got fast message: FastArduinoMessage(t=1508561771.2925491, at=2.584, st=None, n=185, item1=184.0, item2=368.0), delay: 0.09450387954711914
[DEBUG, 1508561771.387064]: got fast message: FastArduinoMessage(t=1508561771.3038888, at=2.594, st=None, n=186, item1=185.0, item2=370.0), delay: 0.0831751823425293
[DEBUG, 1508561771.3870752]: got fast message: FastArduinoMessage(t=1508561771.315296, at=2.605, st=None, n=187, item1=186.0, item2=372.0), delay: 0.07177925109863281
[DEBUG, 1508561771.3870862]: got fast message: FastArduinoMessage(t=1508561771.326234, at=2.616, st=None, n=188, item1=187.0, item2=374.0), delay: 0.06085205078125
[DEBUG, 1508561771.387098]: got fast message: FastArduinoMessage(t=1508561771.3377202, at=2.626, st=None, n=189, item1=188.0, item2=376.0), delay: 0.0493779182434082
[DEBUG, 1508561771.387109]: got fast message: FastArduinoMessage(t=1508561771.349215, at=2.636, st=None, n=190, item1=189.0, item2=378.0), delay: 0.03789401054382324
[DEBUG, 1508561771.3871202]: got fast message: FastArduinoMessage(t=1508561771.360723, at=2.647, st=None, n=191, item1=190.0, item2=380.0), delay: 0.026397228240966797
[DEBUG, 1508561771.3871338]: got fast message: FastArduinoMessage(t=1508561771.371299, at=2.658, st=None, n=192, item1=191.0, item2=382.0), delay: 0.015834808349609375
[DEBUG, 1508561771.387145]: got fast message: FastArduinoMessage(t=1508561771.3821492, at=2.668, st=None, n=193, item1=192.0, item2=384.0), delay: 0.004995822906494141
[DEBUG, 1508561771.3871849]: average fast message: FastArduinoMessage(t=1508561771.1433668, at=2.425, st=None, n=170, item1=188.34782608695653, item2=376.69565217391306)
[DEBUG, 1508561771.387199]: got slow message: SlowArduinoMessage(t=1508561771.385418, at=2.353, st=None n=43, array=[3315, 128, 1535, 49, 1108, 1271, 2695, 2220, 490, 321, 659, 3752, 544, 852, 3584, 1510, 3255, 3568, 1452, 1280, 1323, 253, 452, 1040, 774, 269, 570, 3311, 3466, 2034, 1400, 3844, 22, 1173, 2850, 2627, 81, 2525, 3462, 2912, 20, 2799, 3957, 1194, 4056, 105, 3810, 1393, 306, 913, 870, 345, 893, 3472, 3477, 487, 3705, 1240, 207, 3608, 2007, 605, 515, 3461, 3939, 3948, 1368, 1239, 3915, 2452, 2767, 3543, 2565, 3574, 1616, 3750, 1790, 1420, 1051, 3843, 1559, 2462, 3422, 3989, 3340, 1708, 3907, 651, 130, 2558, 2152, 1998, 1935, 44, 343, 1491, 2008, 3153, 3815, 2724]), delay: 0.0017809867858886719
[DEBUG, 1508561771.394606]: got fast message: FastArduinoMessage(t=1508561771.393286, at=2.678, st=None, n=194, item1=193.0, item2=386.0), delay: 0.0013201236724853516
[DEBUG, 1508561771.398208]: got slow message: SlowArduinoMessage(t=1508561771.396717, at=2.393, st=None n=44, array=[2787, 987, 3410, 285, 1643, 1261, 2073, 2911, 1484, 3764, 3380, 1237, 2466, 2592, 3717, 2687, 1922, 711, 1872, 2469, 762, 3751, 600, 934, 719, 1344, 2133, 1767, 2357, 3430, 565, 3509, 2702, 3998, 94, 598, 3929, 3109, 578, 1102, 3551, 1706, 274, 2177, 3423, 1875, 3011, 4077, 3379, 978, 1157, 3336, 3579, 630, 2357, 145, 1472, 932, 387, 1289, 3604, 3462, 103, 3077, 894, 2895, 1210, 612, 356, 2644, 2243, 1019, 2360, 1005, 2466, 3313, 2047, 3331, 907, 2613, 585, 2731, 197, 701, 935, 2191, 460, 2173, 1442, 4029, 3385, 3231, 183, 1252, 3313, 818, 3667, 3209, 51, 740]), delay: 0.0014908313751220703
[DEBUG, 1508561771.4061282]: got fast message: FastArduinoMessage(t=1508561771.405455, at=2.69, st=None, n=195, item1=194.0, item2=388.0), delay: 0.0006730556488037109
[DEBUG, 1508561771.4061491]: got slow message: SlowArduinoMessage(t=1508561771.396717, at=2.433, st=None n=45, array=[1154, 1980, 1791, 420, 3253, 2542, 2186, 3022, 3852, 687, 2153, 1188, 3248, 2406, 963, 3086, 1233, 567, 3148, 891, 1469, 1299, 1412, 2853, 2464, 316, 3766, 1736, 641, 37, 3760, 3372, 653, 2719, 3348, 916, 2143, 3692, 2444, 3778, 4010, 2441, 1960, 1709, 2176, 1556, 1492, 2102, 1238, 3200, 1617, 3447, 2268, 3457, 3254, 707, 3713, 690, 2595, 1296, 1641, 461, 466, 3387, 526, 423, 1090, 463, 181, 1446, 2268, 393, 430, 3368, 1705, 3059, 904, 3119, 1295, 340, 1344, 1447, 201, 2637, 2290, 205, 25, 381, 4041, 3265, 1871, 2248, 1337, 3303, 2311, 8, 3896, 634, 3363, 1124]), delay: 0.009432077407836914
[DEBUG, 1508561771.417857]: got fast message: FastArduinoMessage(t=1508561771.417071, at=2.7, st=None, n=196, item1=195.0, item2=390.0), delay: 0.00078582763671875
[DEBUG, 1508561771.4178839]: got slow message: SlowArduinoMessage(t=1508561771.408868, at=2.473, st=None n=46, array=[1234, 840, 3303, 331, 2537, 2849, 2647, 790, 3702, 3494, 1481, 552, 976, 2663, 3129, 2752, 3874, 370, 2426, 4024, 3770, 2668, 2062, 185, 3457, 2687, 252, 491, 212, 2865, 1435, 2365, 1083, 3275, 2995, 1267, 323, 2139, 3757, 3325, 2870, 634, 3107, 3151, 3911, 2588, 2718, 2527, 4033, 1822, 1083, 3139, 2777, 2335, 584, 3303, 822, 942, 2071, 1782, 1328, 2272, 1721, 1782, 4007, 2089, 2371, 2184, 2754, 3418, 3532, 3536, 314, 1828, 874, 3656, 2850, 1903, 3010, 1184, 1204, 3128, 3538, 3935, 2087, 3790, 2855, 3631, 1825, 2984, 3044, 2558, 1769, 2952, 2881, 2882, 1296, 380, 1581, 2444]), delay: 0.009015798568725586
[log buffer end]
[AlgorithmNode @ node.py:45][DEBUG] 2017-10-21 00:56:11,418: logging message buffer (len=16966)
[AlgorithmNode @ node.py:43][DEBUG] 2017-10-21 00:56:12,061: [log buffer start]
[DEBUG, 1508561771.429146]: got fast message: FastArduinoMessage(t=1508561771.428351, at=2.711, st=None, n=197, item1=196.0, item2=392.0), delay: 0.0007951259613037109
[DEBUG, 1508561771.429183]: got slow message: SlowArduinoMessage(t=1508561771.408868, at=2.514, st=None n=47, array=[3106, 2191, 1741, 503, 2305, 1432, 2218, 1242, 2918, 1415, 396, 3499, 2952, 264, 953, 2086, 1398, 2682, 863, 2800, 682, 1238, 761, 3037, 2057, 3105, 507, 2987, 1025, 3767, 2005, 3373, 695, 3118, 319, 2712, 2090, 3751, 1715, 318, 2049, 753, 1467, 903, 217, 1398, 1403, 4046, 510, 561, 3867, 170, 3367, 2761, 3581, 3380, 1685, 1602, 1150, 1123, 3854, 932, 3189, 2971, 3062, 3041, 2787, 2785, 1464, 315, 2928, 3346, 2697, 2326, 1789, 3655, 1875, 187, 3964, 3819, 1765, 2564, 2893, 355, 157, 2394, 1507, 2061, 3914, 2698, 3096, 2661, 2139, 3482, 534, 3824, 1112, 2238, 3015, 825]), delay: 0.020314931869506836
[DEBUG, 1508561771.439795]: got fast message: FastArduinoMessage(t=1508561771.439251, at=2.721, st=None, n=198, item1=197.0, item2=394.0), delay: 0.0005440711975097656
[DEBUG, 1508561771.439808]: got fast message: FastArduinoMessage(t=1508561771.439251, at=2.732, st=None, n=199, item1=198.0, item2=396.0), delay: 0.00055694580078125
[DEBUG, 1508561771.439821]: average fast message: FastArduinoMessage(t=1508561771.439251, at=2.721, st=None, n=198, item1=395.0, item2=790.0)
[DEBUG, 1508561771.439831]: got slow message: SlowArduinoMessage(t=1508561771.419561, at=2.555, st=None n=48, array=[536, 581, 4040, 2996, 2281, 3606, 1386, 69, 1832, 1922, 2079, 3174, 1599, 768, 896, 2828, 634, 3678, 1302, 2324, 3507, 3755, 676, 1484, 3083, 3852, 834, 4000, 3788, 1173, 1884, 3949, 2693, 390, 941, 698, 602, 890, 2689, 2975, 3627, 2587, 3486, 1964, 3566, 390, 1251, 3484, 2758, 1337, 1809, 3719, 1714, 322, 1958, 454, 1316, 2474, 2224, 2509, 1402, 1693, 742, 1841, 132, 1278, 4075, 536, 1565, 84, 4001, 3538, 3434, 1273, 1241, 320, 2740, 2767, 1340, 2989, 3535, 1280, 3343, 764, 219, 3625, 1558, 461, 777, 1721, 4020, 2241, 4022, 3816, 1912, 3925, 91, 3120, 3073, 145]), delay: 0.020270109176635742
[DEBUG, 1508561771.451361]: got fast message: FastArduinoMessage(t=1508561771.4507442, at=2.742, st=None, n=200, item1=199.0, item2=398.0), delay: 0.0006167888641357422
[DEBUG, 1508561771.4513988]: got slow message: SlowArduinoMessage(t=1508561771.419561, at=2.595, st=None n=49, array=[3901, 2906, 3807, 2265, 3457, 1540, 912, 1038, 1136, 3923, 1662, 867, 121, 1131, 535, 2725, 782, 100, 843, 3062, 3364, 764, 3747, 716, 3163, 683, 3627, 2369, 3432, 1381, 1813, 2525, 2799, 1438, 2725, 900, 3270, 1151, 3138, 2488, 2419, 4000, 2543, 3949, 1976, 2528, 1556, 260, 3587, 115, 969, 3855, 1169, 148, 2862, 3060, 986, 1371, 1701, 305, 1193, 2038, 1088, 57, 3367, 3946, 3105, 2393, 1171, 3836, 2696, 1055, 3895, 2269, 3607, 3069, 2263, 3471, 1853, 244, 531, 1151, 2665, 3358, 2781, 1078, 3696, 3985, 2931, 1635, 3259, 604, 1518, 798, 4058, 435, 3631, 2242, 1059, 909]), delay: 0.03183794021606445
[DEBUG, 1508561771.462461]: got fast message: FastArduinoMessage(t=1508561771.4618702, at=2.753, st=None, n=201, item1=200.0, item2=400.0), delay: 0.0005908012390136719
[DEBUG, 1508561771.724677]: got slow message: SlowArduinoMessage(t=1508561771.723417, at=2.636, st=None n=50, array=[42, 2508, 3070, 972, 2674, 1436, 3451, 1619, 2522, 2541, 64, 518, 3214, 3285, 1081, 1223, 3897, 343, 1473, 3948, 2966, 812, 1515, 1599, 232, 2222, 2893, 3773, 3939, 1995, 1018, 876, 889, 1183, 1377, 394, 1187, 2921, 1306, 1511, 3255, 1660, 1391, 93, 1034, 3414, 3024, 2307, 3358, 1281, 668, 3349, 2819, 2769, 3646, 248, 2457, 2537, 2591, 2908, 3688, 3594, 2204, 822, 2962, 2244, 1350, 2104, 3907, 3652, 2871, 600, 151, 651, 3386, 3960, 267, 2452, 1561, 1388, 2736, 3640, 2856, 4061, 1122, 2484, 1765, 3397, 718, 1597, 846, 1953, 469, 987, 2929, 459, 146, 483, 3271, 2515]), delay: 0.0012600421905517578
[DEBUG, 1508561771.7247539]: got fast message: FastArduinoMessage(t=1508561771.4733598, at=2.763, st=None, n=202, item1=201.0, item2=402.0), delay: 0.25139403343200684
[DEBUG, 1508561771.724798]: got fast message: FastArduinoMessage(t=1508561771.484033, at=2.774, st=None, n=203, item1=202.0, item2=404.0), delay: 0.24076485633850098
[DEBUG, 1508561771.724808]: got fast message: FastArduinoMessage(t=1508561771.495092, at=2.785, st=None, n=204, item1=203.0, item2=406.0), delay: 0.22971606254577637
[DEBUG, 1508561771.7248168]: got fast message: FastArduinoMessage(t=1508561771.5066931, at=2.795, st=None, n=205, item1=204.0, item2=408.0), delay: 0.2181236743927002
[DEBUG, 1508561771.724826]: got fast message: FastArduinoMessage(t=1508561771.517341, at=2.805, st=None, n=206, item1=205.0, item2=410.0), delay: 0.20748519897460938
[DEBUG, 1508561771.7248352]: got fast message: FastArduinoMessage(t=1508561771.5287838, at=2.816, st=None, n=207, item1=206.0, item2=412.0), delay: 0.19605135917663574
[DEBUG, 1508561771.724844]: got fast message: FastArduinoMessage(t=1508561771.539265, at=2.827, st=None, n=208, item1=207.0, item2=414.0), delay: 0.1855790615081787
[DEBUG, 1508561771.724853]: got fast message: FastArduinoMessage(t=1508561771.550737, at=2.837, st=None, n=209, item1=208.0, item2=416.0), delay: 0.1741161346435547
[DEBUG, 1508561771.724861]: got fast message: FastArduinoMessage(t=1508561771.562231, at=2.847, st=None, n=210, item1=209.0, item2=418.0), delay: 0.1626298427581787
[DEBUG, 1508561771.72487]: got fast message: FastArduinoMessage(t=1508561771.573683, at=2.859, st=None, n=211, item1=210.0, item2=420.0), delay: 0.15118694305419922
[DEBUG, 1508561771.724879]: got fast message: FastArduinoMessage(t=1508561771.585162, at=2.869, st=None, n=212, item1=211.0, item2=422.0), delay: 0.13971710205078125
[DEBUG, 1508561771.724888]: got fast message: FastArduinoMessage(t=1508561771.596413, at=2.879, st=None, n=213, item1=212.0, item2=424.0), delay: 0.12847518920898438
[DEBUG, 1508561771.724896]: got fast message: FastArduinoMessage(t=1508561771.607275, at=2.889, st=None, n=214, item1=213.0, item2=426.0), delay: 0.11762094497680664
[DEBUG, 1508561771.724905]: got fast message: FastArduinoMessage(t=1508561771.61811, at=2.9, st=None, n=215, item1=214.0, item2=428.0), delay: 0.10679507255554199
[DEBUG, 1508561771.7249122]: got fast message: FastArduinoMessage(t=1508561771.61811, at=2.911, st=None, n=216, item1=215.0, item2=430.0), delay: 0.10680222511291504
[DEBUG, 1508561771.724921]: got fast message: FastArduinoMessage(t=1508561771.6296299, at=2.921, st=None, n=217, item1=216.0, item2=432.0), delay: 0.0952911376953125
[DEBUG, 1508561771.72493]: got fast message: FastArduinoMessage(t=1508561771.64115, at=2.932, st=None, n=218, item1=217.0, item2=434.0), delay: 0.08378005027770996
[DEBUG, 1508561771.724938]: got fast message: FastArduinoMessage(t=1508561771.6525939, at=2.942, st=None, n=219, item1=218.0, item2=436.0), delay: 0.07234406471252441
[DEBUG, 1508561771.724947]: got fast message: FastArduinoMessage(t=1508561771.663281, at=2.953, st=None, n=220, item1=219.0, item2=438.0), delay: 0.061666011810302734
[DEBUG, 1508561771.7249558]: got fast message: FastArduinoMessage(t=1508561771.674228, at=2.964, st=None, n=221, item1=220.0, item2=440.0), delay: 0.05072784423828125
[DEBUG, 1508561771.7249641]: got fast message: FastArduinoMessage(t=1508561771.6852841, at=2.974, st=None, n=222, item1=221.0, item2=442.0), delay: 0.03968000411987305
[DEBUG, 1508561771.7249742]: got fast message: FastArduinoMessage(t=1508561771.696884, at=2.984, st=None, n=223, item1=222.0, item2=444.0), delay: 0.028090238571166992
[DEBUG, 1508561771.724982]: got fast message: FastArduinoMessage(t=1508561771.707583, at=2.995, st=None, n=224, item1=223.0, item2=446.0), delay: 0.017399072647094727
[DEBUG, 1508561771.724991]: got fast message: FastArduinoMessage(t=1508561771.71824, at=3.006, st=None, n=225, item1=224.0, item2=448.0), delay: 0.006751060485839844
[DEBUG, 1508561771.725009]: average fast message: FastArduinoMessage(t=1508561771.4733598, at=2.763, st=None, n=202, item1=221.7391304347826, item2=443.4782608695652)
[DEBUG, 1508561771.72502]: got slow message: SlowArduinoMessage(t=1508561771.723417, at=2.677, st=None n=51, array=[3162, 854, 3269, 1469, 2725, 1207, 792, 2012, 2260, 2389, 2693, 3105, 2058, 4023, 2908, 1368, 1751, 1530, 596, 1218, 3375, 3664, 202, 3788, 741, 400, 3674, 3723, 3513, 187, 1323, 2889, 480, 491, 2581, 2693, 572, 1674, 372, 299, 3271, 821, 3589, 2762, 2277, 3588, 1431, 1554, 443, 3729, 2481, 2477, 3746, 3796, 1528, 3343, 2163, 1342, 3575, 3589, 1096, 3920, 2921, 929, 1303, 2016, 921, 2691, 951, 928, 1207, 3314, 623, 2926, 1296, 516, 2837, 1610, 3336, 2703, 1374, 2443, 2823, 2587, 1491, 1818, 829, 525, 567, 2080, 38, 2873, 1097, 802, 1457, 65, 3613, 1430, 616, 2201]), delay: 0.0016028881072998047
[DEBUG, 1508561771.730967]: got fast message: FastArduinoMessage(t=1508561771.73006, at=3.016, st=None, n=226, item1=225.0, item2=450.0), delay: 0.0009069442749023438
[DEBUG, 1508561771.7360132]: got slow message: SlowArduinoMessage(t=1508561771.7342982, at=2.718, st=None n=52, array=[1818, 3162, 2343, 3633, 2651, 2224, 3580, 3204, 225, 1285, 1602, 233, 248, 496, 2822, 411, 3598, 2399, 3548, 2534, 2403, 2908, 1119, 111, 2639, 3809, 2881, 1481, 1600, 977, 1605, 3315, 1488, 2233, 1585, 2836, 1458, 99, 2512, 3146, 3626, 2725, 2860, 2381, 543, 1587, 3246, 2421, 3970, 1508, 1927, 3301, 2279, 3550, 902, 3879, 2640, 1870, 1019, 1803, 3537, 2592, 1753, 3024, 3115, 3817, 840, 2156, 1406, 2068, 2488, 3714, 2636, 725, 1167, 1406, 1950, 2863, 3024, 2106, 1377, 2268, 494, 639, 1902, 1943, 1506, 2787, 1842, 1515, 1368, 3066, 1388, 2574, 3850, 3004, 3957, 3612, 2997, 2205]), delay: 0.001714944839477539
[DEBUG, 1508561771.741963]: got fast message: FastArduinoMessage(t=1508561771.7412858, at=3.027, st=None, n=227, item1=226.0, item2=452.0), delay: 0.0006771087646484375
[DEBUG, 1508561771.741984]: got slow message: SlowArduinoMessage(t=1508561771.7342982, at=2.759, st=None n=53, array=[2270, 2901, 79, 3207, 3607, 1936, 2801, 970, 1206, 3846, 109, 3334, 775, 3187, 3182, 3993, 2466, 3399, 2254, 801, 3648, 438, 3839, 198, 1296, 3138, 3922, 3629, 2296, 3641, 1315, 2694, 441, 1476, 2065, 1556, 1573, 3152, 4091, 1867, 1500, 149, 3885, 256, 3209, 2861, 585, 1158, 548, 2476, 451, 541, 2160, 3974, 955, 596, 2560, 1586, 1894, 3553, 2613, 1479, 1690, 62, 3813, 3658, 2301, 1293, 1475, 950, 5, 3701, 3184, 2504, 1440, 561, 1028, 1471, 2747, 2772, 61, 4035, 233, 537, 1256, 2854, 1272, 2628, 949, 600, 828, 906, 1171, 3710, 2097, 921, 342, 3170, 2379, 2401]), delay: 0.007685661315917969
[DEBUG, 1508561771.753487]: got fast message: FastArduinoMessage(t=1508561771.75284, at=3.038, st=None, n=228, item1=227.0, item2=454.0), delay: 0.0006470680236816406
[DEBUG, 1508561771.753504]: got slow message: SlowArduinoMessage(t=1508561771.7342982, at=2.799, st=None n=54, array=[1152, 828, 925, 2815, 3569, 373, 127, 1520, 568, 2386, 4084, 3495, 933, 1617, 1693, 1393, 433, 694, 324, 949, 2110, 1907, 3473, 1034, 3698, 2700, 1004, 2138, 947, 793, 1692, 543, 3217, 62, 590, 668, 2922, 1724, 871, 2223, 3302, 380, 2301, 184, 1508, 1552, 730, 971, 1080, 3734, 3923, 3914, 3127, 1412, 1411, 3116, 1950, 178, 2824, 158, 1672, 2586, 3271, 1209, 1980, 2042, 911, 1472, 3094, 2537, 1520, 1626, 1597, 4014, 3492, 2488, 2849, 2875, 3688, 963, 86, 842, 241, 2201, 2715, 3458, 2456, 456, 259, 1770, 2670, 3354, 2871, 2831, 3065, 1621, 2609, 2936, 1338, 1310]), delay: 0.019205808639526367
[DEBUG, 1508561771.764857]: got fast message: FastArduinoMessage(t=1508561771.764256, at=3.048, st=None, n=229, item1=228.0, item2=456.0), delay: 0.0006010532379150391
[DEBUG, 1508561771.764875]: got slow message: SlowArduinoMessage(t=1508561771.746752, at=2.839, st=None n=55, array=[1562, 869, 3823, 3141, 2244, 3369, 3971, 3353, 2874, 3720, 388, 1223, 2405, 1181, 3367, 1091, 2984, 500, 2536, 858, 3242, 3914, 1115, 304, 1225, 80, 3874, 3737, 4063, 535, 3780, 1070, 3092, 2510, 740, 3322, 3605, 180, 2756, 1815, 3615, 3855, 253, 1226, 795, 107, 3905, 2950, 732, 2778, 3588, 2781, 474, 1914, 3512, 3399, 4091, 683, 3001, 825, 3654, 2077, 655, 177, 2041, 3485, 3677, 1635, 3341, 2868, 3767, 866, 327, 2749, 3676, 1357, 589, 2554, 1327, 2636, 2221, 1765, 137, 2523, 3869, 137, 2904, 552, 91, 342, 1081, 1415, 3423, 2023, 2268, 947, 2351, 2872, 3902, 2316]), delay: 0.01812291145324707
[DEBUG, 1508561771.776455]: got fast message: FastArduinoMessage(t=1508561771.775855, at=3.058, st=None, n=230, item1=229.0, item2=458.0), delay: 0.0005998611450195312
[DEBUG, 1508561771.7764711]: got slow message: SlowArduinoMessage(t=1508561771.746752, at=2.88, st=None n=56, array=[3635, 1935, 3283, 3555, 2324, 2147, 402, 1909, 1821, 2866, 2964, 408, 1475, 2121, 2417, 2462, 8, 2680, 503, 405, 3695, 1270, 3021, 2431, 3458, 1984, 859, 3327, 3822, 3504, 3068, 2167, 3335, 799, 2189, 324, 1553, 3457, 837, 3375, 1531, 1429, 446, 1430, 3151, 1138, 2362, 2800, 1896, 3906, 2111, 1673, 2970, 3817, 712, 511, 4088, 354, 2245, 1293, 561, 1444, 838, 2890, 2658, 2142, 834, 252, 3559, 549, 3250, 635, 3501, 1653, 3984, 1794, 738, 970, 3675, 422, 2218, 2580, 2687, 1383, 3114, 902, 3182, 1242, 3170, 952, 633, 3459, 1111, 343, 14, 1581, 2503, 1396, 2200, 1213]), delay: 0.029719114303588867
[DEBUG, 1508561771.787744]: got fast message: FastArduinoMessage(t=1508561771.7869382, at=3.069, st=None, n=231, item1=230.0, item2=460.0), delay: 0.0008058547973632812
[DEBUG, 1508561771.787773]: got slow message: SlowArduinoMessage(t=1508561771.7573361, at=2.92, st=None n=57, array=[2269, 160, 1615, 758, 3016, 1088, 3157, 447, 2826, 3904, 3465, 223, 170, 1726, 3776, 1906, 1087, 1121, 2214, 3908, 1560, 1044, 3939, 580, 2425, 2981, 3672, 2252, 3482, 4024, 225, 1713, 3105, 4035, 2142, 2553, 3734, 2395, 3808, 1007, 3473, 4077, 2463, 1933, 3171, 1315, 229, 2931, 3813, 2567, 3153, 1703, 2726, 920, 1363, 216, 3624, 2922, 2153, 1187, 1203, 946, 2133, 2584, 576, 1002, 3564, 1274, 2456, 125, 1949, 3720, 3869, 251, 3503, 2752, 42, 2966, 2654, 3650, 453, 1938, 570, 600, 2096, 631, 705, 75, 2689, 1228, 4083, 1764, 2578, 1615, 523, 2019, 3811, 3898, 1857, 605]), delay: 0.03043675422668457
[DEBUG, 1508561771.798591]: got fast message: FastArduinoMessage(t=1508561771.797586, at=3.08, st=None, n=232, item1=231.0, item2=462.0), delay: 0.001004934310913086
[DEBUG, 1508561771.7986078]: got fast message: FastArduinoMessage(t=1508561771.797586, at=3.09, st=None, n=233, item1=232.0, item2=464.0), delay: 0.0010218620300292969
[DEBUG, 1508561771.7986372]: average fast message: FastArduinoMessage(t=1508561771.797586, at=3.08, st=None, n=232, item1=463.0, item2=926.0)
[DEBUG, 1508561771.798651]: got slow message: SlowArduinoMessage(t=1508561771.7573361, at=2.961, st=None n=58, array=[3626, 465, 1968, 3251, 2152, 685, 3375, 552, 446, 2250, 151, 1267, 3708, 1135, 420, 3560, 4050, 319, 1651, 3717, 2126, 52, 1452, 2, 3421, 2886, 2426, 309, 3797, 3440, 3073, 1554, 805, 4034, 744, 878, 143, 1345, 3370, 3360, 3868, 2068, 1981, 2069, 4055, 682, 157, 1166, 1714, 3172, 4040, 1685, 3552, 1902, 2345, 1489, 3748, 3015, 1921, 3793, 1425, 791, 1539, 3077, 345, 3460, 3950, 3391, 1841, 2046, 1171, 2081, 3768, 3211, 257, 345, 39, 492, 3572, 3476, 193, 3042, 3521, 3271, 2426, 2876, 1470, 1535, 2733, 1237, 1513, 3739, 38, 1234, 1216, 499, 744, 1181, 813, 2270]), delay: 0.04131484031677246
[DEBUG, 1508561771.81008]: got fast message: FastArduinoMessage(t=1508561771.8094752, at=3.101, st=None, n=234, item1=233.0, item2=466.0), delay: 0.0006048679351806641
[DEBUG, 1508561772.061381]: got slow message: SlowArduinoMessage(t=1508561772.0603552, at=3.001, st=None n=59, array=[2151, 14, 1342, 507, 1778, 2193, 3164, 2640, 174, 3023, 653, 166, 749, 1820, 2551, 515, 1223, 96, 2474, 632, 100, 202, 1440, 1447, 2310, 1480, 150, 1175, 2040, 1110, 149, 858, 1752, 2356, 3095, 321, 3599, 3476, 378, 4028, 3433, 1436, 6, 1320, 928, 739, 477, 3459, 1646, 2380, 3326, 2930, 119, 4049, 3108, 930, 2828, 4089, 1751, 3128, 1552, 1265, 405, 1373, 3458, 1817, 1788, 2942, 1228, 1412, 2175, 1560, 2609, 991, 2157, 2112, 3383, 3388, 519, 4051, 799, 3924, 3437, 439, 903, 941, 1884, 1172, 345, 2998, 1834, 3627, 1672, 3214, 2231, 3656, 2663, 566, 678, 1199]), delay: 0.0010259151458740234
[DEBUG, 1508561772.061463]: got fast message: FastArduinoMessage(t=1508561771.820966, at=3.111, st=None, n=235, item1=234.0, item2=468.0), delay: 0.24049711227416992
[DEBUG, 1508561772.0614872]: got fast message: FastArduinoMessage(t=1508561771.8325498, at=3.122, st=None, n=236, item1=235.0, item2=470.0), delay: 0.22893738746643066
[log buffer end]
[AlgorithmNode @ node.py:45][DEBUG] 2017-10-21 00:56:12,061: logging message buffer (len=16505)
[AlgorithmNode @ node.py:43][DEBUG] 2017-10-21 00:56:12,377: [log buffer start]
[DEBUG, 1508561772.061941]: got fast message: FastArduinoMessage(t=1508561771.843287, at=3.132, st=None, n=237, item1=236.0, item2=472.0), delay: 0.21865391731262207
[DEBUG, 1508561772.061964]: got fast message: FastArduinoMessage(t=1508561771.854818, at=3.143, st=None, n=238, item1=237.0, item2=474.0), delay: 0.20714592933654785
[DEBUG, 1508561772.0619771]: got fast message: FastArduinoMessage(t=1508561771.866294, at=3.153, st=None, n=239, item1=238.0, item2=476.0), delay: 0.19568324089050293
[DEBUG, 1508561772.061991]: got fast message: FastArduinoMessage(t=1508561771.876999, at=3.164, st=None, n=240, item1=239.0, item2=478.0), delay: 0.18499207496643066
[DEBUG, 1508561772.0620039]: got fast message: FastArduinoMessage(t=1508561771.887636, at=3.175, st=None, n=241, item1=240.0, item2=480.0), delay: 0.17436790466308594
[DEBUG, 1508561772.062017]: got fast message: FastArduinoMessage(t=1508561771.8985522, at=3.185, st=None, n=242, item1=241.0, item2=482.0), delay: 0.16346478462219238
[DEBUG, 1508561772.0620291]: got fast message: FastArduinoMessage(t=1508561771.909625, at=3.195, st=None, n=243, item1=242.0, item2=484.0), delay: 0.1524040699005127
[DEBUG, 1508561772.062042]: got fast message: FastArduinoMessage(t=1508561771.920683, at=3.207, st=None, n=244, item1=243.0, item2=486.0), delay: 0.1413590908050537
[DEBUG, 1508561772.062054]: got fast message: FastArduinoMessage(t=1508561771.9313018, at=3.217, st=None, n=245, item1=244.0, item2=488.0), delay: 0.1307520866394043
[DEBUG, 1508561772.062067]: got fast message: FastArduinoMessage(t=1508561771.943216, at=3.227, st=None, n=246, item1=245.0, item2=490.0), delay: 0.1188509464263916
[DEBUG, 1508561772.062079]: got fast message: FastArduinoMessage(t=1508561771.954782, at=3.237, st=None, n=247, item1=246.0, item2=492.0), delay: 0.10729694366455078
[DEBUG, 1508561772.062091]: got fast message: FastArduinoMessage(t=1508561771.966092, at=3.249, st=None, n=248, item1=247.0, item2=494.0), delay: 0.09599900245666504
[DEBUG, 1508561772.062101]: got fast message: FastArduinoMessage(t=1508561771.966092, at=3.259, st=None, n=249, item1=248.0, item2=496.0), delay: 0.0960087776184082
[DEBUG, 1508561772.062113]: got fast message: FastArduinoMessage(t=1508561771.976628, at=3.269, st=None, n=250, item1=249.0, item2=498.0), delay: 0.08548498153686523
[DEBUG, 1508561772.062125]: got fast message: FastArduinoMessage(t=1508561771.987183, at=3.28, st=None, n=251, item1=250.0, item2=500.0), delay: 0.07494187355041504
[DEBUG, 1508561772.0621371]: got fast message: FastArduinoMessage(t=1508561772.0082638, at=3.291, st=None, n=252, item1=251.0, item2=502.0), delay: 0.053873300552368164
[DEBUG, 1508561772.06215]: got fast message: FastArduinoMessage(t=1508561772.0188491, at=3.301, st=None, n=253, item1=252.0, item2=504.0), delay: 0.04330086708068848
[DEBUG, 1508561772.0621598]: got fast message: FastArduinoMessage(t=1508561772.0188491, at=3.311, st=None, n=254, item1=253.0, item2=506.0), delay: 0.04331064224243164
[DEBUG, 1508561772.062172]: got fast message: FastArduinoMessage(t=1508561772.0307431, at=3.322, st=None, n=255, item1=254.0, item2=508.0), delay: 0.03142881393432617
[DEBUG, 1508561772.0621839]: got fast message: FastArduinoMessage(t=1508561772.042357, at=3.333, st=None, n=256, item1=255.0, item2=510.0), delay: 0.019826889038085938
[DEBUG, 1508561772.062196]: got fast message: FastArduinoMessage(t=1508561772.053827, at=3.343, st=None, n=257, item1=256.0, item2=512.0), delay: 0.008368968963623047
[DEBUG, 1508561772.062221]: average fast message: FastArduinoMessage(t=1508561771.820966, at=3.111, st=None, n=235, item1=256.1363636363636, item2=512.2727272727273)
[DEBUG, 1508561772.0622358]: got slow message: SlowArduinoMessage(t=1508561772.0603552, at=3.042, st=None n=60, array=[1914, 3240, 2244, 3634, 1608, 1670, 1484, 1208, 943, 886, 3120, 130, 3802, 2778, 3046, 2918, 1748, 724, 3371, 1423, 3740, 3160, 3620, 1541, 2031, 4024, 3729, 1607, 177, 2191, 2879, 2783, 3781, 1775, 3978, 3042, 254, 2589, 1617, 3949, 1258, 842, 1839, 1215, 2853, 3907, 702, 3204, 3154, 1651, 4053, 3935, 2747, 1811, 1668, 3473, 1588, 1004, 1667, 2238, 346, 1911, 752, 2532, 3230, 2395, 1069, 1109, 2560, 1753, 691, 3433, 2380, 2772, 3469, 1060, 3493, 267, 474, 2098, 318, 222, 924, 2453, 428, 1283, 1975, 3615, 2865, 2923, 3345, 50, 1558, 218, 3837, 2229, 763, 1234, 2528, 590]), delay: 0.001880645751953125
[DEBUG, 1508561772.0663948]: got fast message: FastArduinoMessage(t=1508561772.065151, at=3.354, st=None, n=258, item1=257.0, item2=514.0), delay: 0.0012438297271728516
[DEBUG, 1508561772.0724669]: got slow message: SlowArduinoMessage(t=1508561772.0717492, at=3.082, st=None n=61, array=[2335, 1285, 2599, 1705, 1520, 3484, 2784, 2059, 2433, 2407, 2521, 3337, 2151, 2328, 563, 1635, 3480, 2982, 178, 443, 2270, 413, 354, 2873, 941, 2498, 3668, 172, 3390, 516, 643, 2710, 2596, 3403, 3885, 2719, 3660, 1451, 2863, 2900, 3130, 2543, 587, 2891, 3856, 1407, 950, 3838, 3234, 3410, 3041, 1069, 2964, 1086, 1522, 4027, 3854, 2264, 1250, 3613, 489, 3088, 2677, 1764, 3545, 2137, 571, 2915, 3802, 37, 3861, 1133, 125, 3988, 3421, 967, 3247, 2399, 3274, 2683, 2478, 2724, 3218, 3016, 3860, 3474, 3794, 1599, 2510, 141, 1345, 3572, 2997, 1276, 1427, 3260, 1302, 3501, 3823, 4070]), delay: 0.0007176399230957031
[DEBUG, 1508561772.077858]: got fast message: FastArduinoMessage(t=1508561772.0772831, at=3.364, st=None, n=259, item1=258.0, item2=516.0), delay: 0.0005748271942138672
[DEBUG, 1508561772.0778759]: got slow message: SlowArduinoMessage(t=1508561772.0717492, at=3.124, st=None n=62, array=[1004, 527, 2087, 290, 3740, 3445, 3432, 1636, 2552, 3904, 3575, 2087, 2848, 744, 3417, 300, 1493, 645, 2441, 3317, 3648, 3714, 1757, 2241, 3962, 3435, 3309, 3460, 606, 496, 1058, 2885, 1374, 3585, 2851, 1660, 2682, 1099, 3718, 3270, 3592, 2588, 1901, 2931, 1095, 3280, 2071, 1591, 1626, 464, 2104, 1930, 2872, 3981, 620, 59, 1655, 3813, 2522, 1683, 2977, 2174, 3375, 3651, 3272, 3874, 1328, 241, 599, 3376, 1376, 782, 1052, 721, 1497, 2636, 1008, 213, 935, 3371, 1445, 2547, 386, 2798, 2963, 3384, 274, 3671, 2754, 2063, 341, 3870, 1629, 2054, 3662, 929, 1911, 1279, 498, 4019]), delay: 0.0061266422271728516
[DEBUG, 1508561772.089571]: got fast message: FastArduinoMessage(t=1508561772.0887492, at=3.375, st=None, n=260, item1=259.0, item2=518.0), delay: 0.0008218288421630859
[DEBUG, 1508561772.089611]: got slow message: SlowArduinoMessage(t=1508561772.083801, at=3.165, st=None n=63, array=[2825, 2810, 3635, 27, 1567, 254, 2760, 591, 2023, 4022, 991, 3312, 3906, 169, 1843, 1077, 1259, 1063, 543, 2326, 110, 753, 1315, 3982, 3906, 1476, 1473, 2586, 1060, 1055, 727, 4022, 1, 276, 2849, 1658, 261, 223, 594, 1723, 1989, 665, 677, 3301, 2003, 4082, 3374, 1483, 1056, 4081, 802, 3284, 4022, 2473, 1396, 2821, 1198, 1407, 2679, 3673, 2931, 284, 555, 660, 2297, 2948, 3915, 1683, 545, 2459, 2566, 2158, 848, 2367, 2900, 396, 1795, 3112, 1648, 1404, 2251, 2760, 4012, 2891, 2206, 403, 3484, 1795, 2198, 3240, 2794, 2017, 3636, 478, 4006, 899, 2561, 4055, 3221, 2664]), delay: 0.0058100223541259766
[DEBUG, 1508561772.101196]: got fast message: FastArduinoMessage(t=1508561772.1004539, at=3.386, st=None, n=261, item1=260.0, item2=520.0), delay: 0.0007421970367431641
[DEBUG, 1508561772.101228]: got slow message: SlowArduinoMessage(t=1508561772.083801, at=3.205, st=None n=64, array=[3127, 136, 2731, 2832, 145, 157, 4053, 3486, 1261, 1440, 3114, 1829, 3234, 1645, 1600, 3278, 3304, 2287, 58, 4046, 1377, 2900, 187, 2838, 184, 2639, 995, 1640, 2711, 390, 1957, 1677, 941, 1085, 2875, 4083, 2678, 3882, 2212, 2028, 2798, 2177, 726, 1648, 361, 3619, 2946, 3213, 2361, 1828, 2069, 1395, 3008, 1438, 3182, 2087, 1561, 1894, 3953, 1855, 1512, 2924, 3396, 3733, 2021, 2918, 1323, 2960, 4035, 2987, 1450, 3829, 4006, 1115, 2732, 349, 3711, 3655, 3198, 162, 2846, 3258, 574, 1392, 463, 1151, 1487, 2672, 1583, 2111, 1810, 311, 3320, 96, 2921, 3130, 2034, 2097, 485, 3804]), delay: 0.01742696762084961
[DEBUG, 1508561772.111857]: got fast message: FastArduinoMessage(t=1508561772.1110551, at=3.396, st=None, n=262, item1=261.0, item2=522.0), delay: 0.0008018016815185547
[DEBUG, 1508561772.1118999]: got slow message: SlowArduinoMessage(t=1508561772.095411, at=3.247, st=None n=65, array=[293, 3762, 2531, 3794, 1104, 2976, 647, 2716, 1986, 2217, 2643, 2075, 1818, 2589, 446, 3673, 30, 2425, 1067, 2513, 2444, 2538, 1587, 3929, 3806, 224, 1407, 338, 212, 2037, 942, 3832, 2528, 1226, 3502, 1036, 429, 1595, 166, 2731, 1257, 2177, 426, 3438, 3009, 374, 2758, 2891, 736, 3481, 3591, 1266, 3379, 9, 2296, 2482, 202, 257, 1761, 2260, 1094, 1668, 2089, 1861, 1850, 1784, 509, 852, 136, 517, 3768, 3337, 2382, 1403, 1458, 3140, 3691, 757, 3836, 678, 1661, 2180, 3264, 1312, 1904, 3840, 736, 3138, 3761, 1437, 1355, 4069, 3069, 36, 3686, 550, 3939, 1371, 189, 3355]), delay: 0.01648879051208496
[DEBUG, 1508561772.1232781]: got fast message: FastArduinoMessage(t=1508561772.1226392, at=3.406, st=None, n=263, item1=262.0, item2=524.0), delay: 0.0006389617919921875
[DEBUG, 1508561772.1233]: got slow message: SlowArduinoMessage(t=1508561772.095411, at=3.287, st=None n=66, array=[278, 1014, 647, 2795, 420, 3927, 3771, 3772, 2847, 393, 2159, 2827, 3439, 3049, 676, 3448, 682, 2736, 2079, 3396, 219, 3724, 2351, 191, 2969, 3613, 3749, 602, 2928, 611, 1202, 2748, 2363, 1038, 1526, 1133, 425, 3775, 845, 3921, 3619, 3055, 2806, 2012, 700, 2092, 3804, 1842, 2909, 524, 471, 2067, 3095, 3887, 3062, 483, 3920, 1690, 824, 1854, 3588, 887, 2704, 3281, 1783, 3836, 409, 2019, 296, 1472, 1442, 4077, 364, 469, 928, 4067, 1605, 3400, 1455, 849, 338, 3505, 747, 3284, 245, 827, 451, 3626, 1318, 808, 1926, 1096, 2885, 1557, 3163, 1647, 695, 3935, 2271, 447]), delay: 0.027889013290405273
[DEBUG, 1508561772.1348858]: got fast message: FastArduinoMessage(t=1508561772.134197, at=3.418, st=None, n=264, item1=263.0, item2=526.0), delay: 0.0006887912750244141
[log buffer end]
[AlgorithmNode @ node.py:45][DEBUG] 2017-10-21 00:56:12,377: logging message buffer (len=9941)
[AlgorithmNode @ multiple_arduinos.py:276][INFO] 2017-10-21 00:56:12,377: fast arduino avg delay: 0.10280153426257047, max: 0.3325068950653076, min: 0.0005440711975097656
[AlgorithmNode @ multiple_arduinos.py:278][INFO] 2017-10-21 00:56:12,377: slow arduino avg delay: 0.012601946339462742, max: 0.04131484031677246, min: 0.0007176399230957031
